#
# A fatal error has been detected by the Java Runtime Environment:
#
#  EXCEPTION_ACCESS_VIOLATION (0xc0000005) at pc=0x00007ffa264ca1db, pid=27532, tid=13288
#
# JRE version: OpenJDK Runtime Environment Temurin-17.0.4.1+1 (17.0.4.1+1) (build 17.0.4.1+1)
# Java VM: OpenJDK 64-Bit Server VM Temurin-17.0.4.1+1 (17.0.4.1+1, mixed mode, tiered, compressed oops, compressed class ptrs, g1 gc, windows-amd64)
# Problematic frame:
# C  [awt.dll+0xda1db]
#
# No core dump will be written. Minidumps are not enabled by default on client versions of Windows
#
# If you would like to submit a bug report, please visit:
#   https://github.com/adoptium/adoptium-support/issues
# The crash happened outside the Java Virtual Machine in native code.
# See problematic frame for where to report the bug.
#

---------------  S U M M A R Y ------------

Command Line: -Dfile.encoding=UTF-8 -XX:+ShowCodeDetailsInExceptionMessages Application

Host: 11th Gen Intel(R) Core(TM) i5-1135G7 @ 2.40GHz, 8 cores, 7G,  Windows 11 , 64 bit Build 22000 (10.0.22000.1335)
Time: Fri Jan 20 00:43:05 2023 Eastern Standard Time elapsed time: 3039.288083 seconds (0d 0h 50m 39s)

---------------  T H R E A D  ---------------

Current thread (0x00000234400913b0):  JavaThread "AWT-EventQueue-0" [_thread_in_native, id=13288, stack(0x000000a58b600000,0x000000a58b700000)]

Stack: [0x000000a58b600000,0x000000a58b700000],  sp=0x000000a58b6fe380,  free space=1016k
Native frames: (J=compiled Java code, j=interpreted, Vv=VM code, C=native code)
C  [awt.dll+0xda1db]

Java frames: (J=compiled Java code, j=interpreted, Vv=VM code)
j  sun.awt.Win32GraphicsDevice.makeColorModel(IZ)Ljava/awt/image/ColorModel;+0 java.desktop@17.0.4.1
j  sun.awt.Win32GraphicsDevice.getDynamicColorModel()Ljava/awt/image/ColorModel;+14 java.desktop@17.0.4.1
j  sun.awt.Win32GraphicsConfig.getDeviceColorModel()Ljava/awt/image/ColorModel;+4 java.desktop@17.0.4.1
j  sun.awt.windows.WComponentPeer.getDeviceColorModel()Ljava/awt/image/ColorModel;+13 java.desktop@17.0.4.1
j  sun.java2d.windows.GDIWindowSurfaceData.createData(Lsun/awt/windows/WComponentPeer;)Lsun/java2d/windows/GDIWindowSurfaceData;+1 java.desktop@17.0.4.1
j  sun.awt.Win32GraphicsConfig.createSurfaceData(Lsun/awt/windows/WComponentPeer;I)Lsun/java2d/SurfaceData;+1 java.desktop@17.0.4.1
j  sun.java2d.ScreenUpdateManager.createScreenSurface(Lsun/awt/Win32GraphicsConfig;Lsun/awt/windows/WComponentPeer;IZ)Lsun/java2d/SurfaceData;+3 java.desktop@17.0.4.1
j  sun.java2d.d3d.D3DScreenUpdateManager.createScreenSurface(Lsun/awt/Win32GraphicsConfig;Lsun/awt/windows/WComponentPeer;IZ)Lsun/java2d/SurfaceData;+20 java.desktop@17.0.4.1
j  sun.awt.windows.WComponentPeer.createScreenSurface(Z)V+21 java.desktop@17.0.4.1
j  sun.awt.windows.WComponentPeer.replaceSurfaceData(ILjava/awt/BufferCapabilities;)V+63 java.desktop@17.0.4.1
j  sun.awt.windows.WComponentPeer.replaceSurfaceData()V+9 java.desktop@17.0.4.1
j  sun.awt.windows.WComponentPeer$2.run()V+14 java.desktop@17.0.4.1
j  javax.swing.RepaintManager$2$1.run()Ljava/lang/Void;+7 java.desktop@17.0.4.1
j  javax.swing.RepaintManager$2$1.run()Ljava/lang/Object;+1 java.desktop@17.0.4.1
J 907 c1 java.security.ProtectionDomain$JavaSecurityAccessImpl.doIntersectionPrivilege(Ljava/security/PrivilegedAction;Ljava/security/AccessControlContext;Ljava/security/AccessControlContext;)Ljava/lang/Object; java.base@17.0.4.1 (22 bytes) @ 0x000002342865702c [0x0000023428656da0+0x000000000000028c]
j  javax.swing.RepaintManager$2.run()V+30 java.desktop@17.0.4.1
j  javax.swing.RepaintManager.prePaintDirtyRegions()V+64 java.desktop@17.0.4.1
j  javax.swing.RepaintManager$ProcessingRunnable.run()V+37 java.desktop@17.0.4.1
J 1286 c1 java.awt.event.InvocationEvent.dispatch()V java.desktop@17.0.4.1 (69 bytes) @ 0x000002342871a60c [0x000002342871a400+0x000000000000020c]
J 1238 c1 java.awt.EventQueue.dispatchEventImpl(Ljava/awt/AWTEvent;Ljava/lang/Object;)V java.desktop@17.0.4.1 (136 bytes) @ 0x00000234286e7284 [0x00000234286e58e0+0x00000000000019a4]
J 1237 c1 java.awt.EventQueue$4.run()Ljava/lang/Void; java.desktop@17.0.4.1 (60 bytes) @ 0x00000234286e520c [0x00000234286e50e0+0x000000000000012c]
J 1194 c1 java.awt.EventQueue.dispatchEvent(Ljava/awt/AWTEvent;)V java.desktop@17.0.4.1 (80 bytes) @ 0x00000234286caff4 [0x00000234286caa60+0x0000000000000594]
J 1239 c1 java.awt.EventDispatchThread.pumpOneEventForFilters(I)V java.desktop@17.0.4.1 (113 bytes) @ 0x00000234286eaa8c [0x00000234286ea420+0x000000000000066c]
j  java.awt.EventDispatchThread.pumpEventsForFilter(ILjava/awt/Conditional;Ljava/awt/EventFilter;)V+35 java.desktop@17.0.4.1
j  java.awt.EventDispatchThread.pumpEventsForHierarchy(ILjava/awt/Conditional;Ljava/awt/Component;)V+11 java.desktop@17.0.4.1
j  java.awt.EventDispatchThread.pumpEvents(ILjava/awt/Conditional;)V+4 java.desktop@17.0.4.1
j  java.awt.EventDispatchThread.pumpEvents(Ljava/awt/Conditional;)V+3 java.desktop@17.0.4.1
j  java.awt.EventDispatchThread.run()V+9 java.desktop@17.0.4.1
v  ~StubRoutines::call_stub

siginfo: EXCEPTION_ACCESS_VIOLATION (0xc0000005), reading address 0x0000000000000000


Register to memory mapping:

RIP=0x00007ffa264ca1db awt.dll
RAX=0x000001ea0ab18954 is an unknown value
RBX=0x00000234402bf7b0 points into unknown readable memory: 0x00000234419cf840 | 40 f8 9c 41 34 02 00 00
RCX=0x0 is NULL
RDX=0x0000023440091658 points into unknown readable memory: 0x00007ffa05bbf7e0 | e0 f7 bb 05 fa 7f 00 00
RSP=0x000000a58b6fe380 is pointing into the stack for thread: 0x00000234400913b0
RBP=0x0000000000000001 is an unknown value
RSI=0x0000023440091658 points into unknown readable memory: 0x00007ffa05bbf7e0 | e0 f7 bb 05 fa 7f 00 00
RDI=0x0000023440091658 points into unknown readable memory: 0x00007ffa05bbf7e0 | e0 f7 bb 05 fa 7f 00 00
R8 =0x0000000000000001 is an unknown value
R9 =0x0000000000000001 is an unknown value
R10=0x0000023427f6d5d2 is at code_begin+946 in an Interpreter codelet
method entry point (kind = native)  [0x0000023427f6d220, 0x0000023427f6dba0]  2432 bytes
R11=0x0000000000000102 is an unknown value
R12=0x0000000000000001 is an unknown value
R13={method} {0x00000234409eb2a0} 'makeColorModel' '(IZ)Ljava/awt/image/ColorModel;' in 'sun/awt/Win32GraphicsDevice'
R14=0x0 is NULL
R15=0x00000234400913b0 is a thread


Registers:
RAX=0x000001ea0ab18954, RBX=0x00000234402bf7b0, RCX=0x0000000000000000, RDX=0x0000023440091658
RSP=0x000000a58b6fe380, RBP=0x0000000000000001, RSI=0x0000023440091658, RDI=0x0000023440091658
R8 =0x0000000000000001, R9 =0x0000000000000001, R10=0x0000023427f6d5d2, R11=0x0000000000000102
R12=0x0000000000000001, R13=0x00000234409eb298, R14=0x0000000000000000, R15=0x00000234400913b0
RIP=0x00007ffa264ca1db, EFLAGS=0x0000000000010202

Top of Stack: (sp=0x000000a58b6fe380)
0x000000a58b6fe380:   000002343f61dfb0 00007ffa052c5330
0x000000a58b6fe390:   0000000000000005 0000000000000002
0x000000a58b6fe3a0:   0000000000000005 0000000000000100
0x000000a58b6fe3b0:   3ff0000000000000 0000000000000000
0x000000a58b6fe3c0:   000002343f61dfb0 00007ffa052d3f86
0x000000a58b6fe3d0:   0000000000000000 0000000000000000
0x000000a58b6fe3e0:   0000000000000100 0000023440091658
0x000000a58b6fe3f0:   bfd5555555555555 0000000000000000
0x000000a58b6fe400:   000000a58b6fe550 00007ffa052d3ec9
0x000000a58b6fe410:   00007ffa2652a838 000001ea0ab18954
0x000000a58b6fe420:   00000234400913b0 000000a58b6fe538
0x000000a58b6fe430:   00000234409eb298 0000000000000000
0x000000a58b6fe440:   0000000000000000 00007ffa264cc3f5
0x000000a58b6fe450:   00007ffa2652a838 00000234409eb298
0x000000a58b6fe460:   00000234402bf7b0 0000023440091658
0x000000a58b6fe470:   000000000000092f 0000023427f6d601 

Instructions: (pc=0x00007ffa264ca1db)
0x00007ffa264ca0db:   89 74 24 20 57 48 83 ec 20 48 8b f2 8b e9 33 ff
0x00007ffa264ca0eb:   c7 02 48 03 00 00 4c 8b c2 33 d2 45 33 c9 33 c9
0x00007ffa264ca0fb:   ff 15 57 9c 06 00 85 c0 74 75 83 ff 14 73 70 f6
0x00007ffa264ca10b:   86 44 01 00 00 01 74 4e e8 98 e4 f4 ff 48 8b d8
0x00007ffa264ca11b:   48 89 44 24 38 41 b8 01 00 00 00 8b d5 48 8b c8
0x00007ffa264ca12b:   e8 00 e4 f4 ff 48 8b 40 30 4c 8d 46 04 48 83 c0
0x00007ffa264ca13b:   28 4c 2b c0 90 0f b7 10 42 0f b7 0c 00 2b d1 75
0x00007ffa264ca14b:   08 48 83 c0 02 85 c9 75 ec 85 d2 74 12 48 8b cb
0x00007ffa264ca15b:   e8 50 e5 f4 ff 90 ff c7 4c 8b c6 8b d7 eb 8c 48
0x00007ffa264ca16b:   8b cb e8 3e e5 f4 ff 90 b8 01 00 00 00 eb 02 33
0x00007ffa264ca17b:   c0 48 8b 5c 24 30 48 8b 6c 24 40 48 8b 74 24 48
0x00007ffa264ca18b:   48 83 c4 20 5f c3 cc cc cc cc cc cc cc cc cc cc
0x00007ffa264ca19b:   cc cc cc cc cc 48 89 5c 24 18 48 89 74 24 20 57
0x00007ffa264ca1ab:   41 54 41 55 41 56 41 57 48 81 ec a0 00 00 00 48
0x00007ffa264ca1bb:   8b 05 a7 86 06 00 48 33 c4 48 89 84 24 98 00 00
0x00007ffa264ca1cb:   00 45 0f b6 e0 48 8b fa 4c 8b f1 48 89 54 24 68
0x00007ffa264ca1db:   48 8b 09 8b 41 04 83 f8 18 75 1b 4c 8d 05 ab 68
0x00007ffa264ca1eb:   02 00 48 8d 15 ac 56 03 00 48 8b cf e8 ff 08 01
0x00007ffa264ca1fb:   00 e9 8a 04 00 00 83 f8 08 7e 4d 49 8b 4e 18 33
0x00007ffa264ca20b:   db 8b 51 30 44 8b 41 2c 44 8b 49 28 41 8b c1 41
0x00007ffa264ca21b:   0b c0 0b c2 74 06 ff c3 d1 e8 75 fa 89 54 24 30
0x00007ffa264ca22b:   44 89 44 24 28 44 89 4c 24 20 44 8b cb 4c 8d 05
0x00007ffa264ca23b:   f1 bd 02 00 48 8d 15 7a 56 03 00 48 8b cf e8 ad
0x00007ffa264ca24b:   08 01 00 e9 38 04 00 00 48 8b 02 83 39 02 48 8b
0x00007ffa264ca25b:   cf 0f 85 1e 01 00 00 48 8d 15 77 56 03 00 ff 50
0x00007ffa264ca26b:   30 48 8b d8 48 85 c0 0f 84 11 04 00 00 4c 8b 17
0x00007ffa264ca27b:   4c 8d 0d 7e 56 03 00 4c 8d 05 c7 d9 02 00 48 8b
0x00007ffa264ca28b:   d0 48 8b cf 41 ff 92 88 03 00 00 48 85 c0 0f 84
0x00007ffa264ca29b:   ea 03 00 00 41 b9 eb 03 00 00 4c 8b c0 48 8b d3
0x00007ffa264ca2ab:   48 8b cf e8 8d d2 f5 ff 4c 8b f8 48 85 c0 0f 84
0x00007ffa264ca2bb:   ca 03 00 00 c7 44 24 50 08 00 00 00 4c 8b 07 ba
0x00007ffa264ca2cb:   01 00 00 00 48 8b cf 41 ff 90 98 05 00 00 48 8b 


Stack slot to memory mapping:
stack at sp + 0 slots: {method} {0x000002343f61dfb8} 'isShowing' '()Z' in 'java/awt/Component'
stack at sp + 1 slots: 0x00007ffa052c5330 jvm.dll
stack at sp + 2 slots: 0x0000000000000005 is an unknown value
stack at sp + 3 slots: 0x0000000000000002 is an unknown value
stack at sp + 4 slots: 0x0000000000000005 is an unknown value
stack at sp + 5 slots: 0x0000000000000100 is an unknown value
stack at sp + 6 slots: 0x3ff0000000000000 is an unknown value
stack at sp + 7 slots: 0x0 is NULL


---------------  P R O C E S S  ---------------

Threads class SMR info:
_java_thread_list=0x0000023441986560, length=19, elements={
0x000002343ee13020, 0x000002343ee14170, 0x000002343f81b010, 0x000002343f81b8d0,
0x000002343f81c190, 0x000002343f81d990, 0x000002343f82ba90, 0x000002343f82c530,
0x000002343f82d6c0, 0x000002343f988eb0, 0x000002343f991bc0, 0x000002343fe41440,
0x000002343fe42540, 0x000002343fe061e0, 0x00000234400913b0, 0x00000234402f8020,
0x00000234402f84f0, 0x00000234402f6810, 0x00000234402f71b0
}

Java Threads: ( => current thread )
  0x000002343ee13020 JavaThread "Reference Handler" daemon [_thread_blocked, id=21232, stack(0x000000a58a600000,0x000000a58a700000)]
  0x000002343ee14170 JavaThread "Finalizer" daemon [_thread_blocked, id=16976, stack(0x000000a58a700000,0x000000a58a800000)]
  0x000002343f81b010 JavaThread "Signal Dispatcher" daemon [_thread_blocked, id=34616, stack(0x000000a58a800000,0x000000a58a900000)]
  0x000002343f81b8d0 JavaThread "Attach Listener" daemon [_thread_blocked, id=31944, stack(0x000000a58a900000,0x000000a58aa00000)]
  0x000002343f81c190 JavaThread "Service Thread" daemon [_thread_blocked, id=26668, stack(0x000000a58aa00000,0x000000a58ab00000)]
  0x000002343f81d990 JavaThread "Monitor Deflation Thread" daemon [_thread_blocked, id=17984, stack(0x000000a58ab00000,0x000000a58ac00000)]
  0x000002343f82ba90 JavaThread "C2 CompilerThread0" daemon [_thread_blocked, id=10640, stack(0x000000a58ac00000,0x000000a58ad00000)]
  0x000002343f82c530 JavaThread "C1 CompilerThread0" daemon [_thread_blocked, id=32172, stack(0x000000a58ad00000,0x000000a58ae00000)]
  0x000002343f82d6c0 JavaThread "Sweeper thread" daemon [_thread_blocked, id=1748, stack(0x000000a58ae00000,0x000000a58af00000)]
  0x000002343f988eb0 JavaThread "Notification Thread" daemon [_thread_blocked, id=16300, stack(0x000000a58af00000,0x000000a58b000000)]
  0x000002343f991bc0 JavaThread "Common-Cleaner" daemon [_thread_blocked, id=32144, stack(0x000000a58b100000,0x000000a58b200000)]
  0x000002343fe41440 JavaThread "Java2D Disposer" daemon [_thread_blocked, id=34684, stack(0x000000a58b200000,0x000000a58b300000)]
  0x000002343fe42540 JavaThread "AWT-Shutdown" [_thread_blocked, id=10060, stack(0x000000a58b300000,0x000000a58b400000)]
  0x000002343fe061e0 JavaThread "AWT-Windows" daemon [_thread_in_native, id=4424, stack(0x000000a58b400000,0x000000a58b500000)]
=>0x00000234400913b0 JavaThread "AWT-EventQueue-0" [_thread_in_native, id=13288, stack(0x000000a58b600000,0x000000a58b700000)]
  0x00000234402f8020 JavaThread "Java Sound Event Dispatcher" daemon [_thread_blocked, id=33588, stack(0x000000a58ba00000,0x000000a58bb00000)]
  0x00000234402f84f0 JavaThread "Direct Clip" daemon [_thread_blocked, id=13552, stack(0x000000a58be00000,0x000000a58bf00000)]
  0x00000234402f6810 JavaThread "DestroyJavaVM" [_thread_blocked, id=17084, stack(0x000000a589f00000,0x000000a58a000000)]
  0x00000234402f71b0 JavaThread "TimerQueue" daemon [_thread_blocked, id=24968, stack(0x000000a58b700000,0x000000a58b800000)]

Other Threads:
  0x000002343edf0400 VMThread "VM Thread" [stack: 0x000000a58a500000,0x000000a58a600000] [id=25988]
  0x0000023423130df0 WatcherThread [stack: 0x000000a58b000000,0x000000a58b100000] [id=17680]
  0x0000023423118480 GCTaskThread "GC Thread#0" [stack: 0x000000a58a000000,0x000000a58a100000] [id=13012]
  0x0000023423128c20 ConcurrentGCThread "G1 Main Marker" [stack: 0x000000a58a100000,0x000000a58a200000] [id=29436]
  0x000002342312ac80 ConcurrentGCThread "G1 Conc#0" [stack: 0x000000a58a200000,0x000000a58a300000] [id=32868]
  0x00000234231940e0 ConcurrentGCThread "G1 Refine#0" [stack: 0x000000a58a300000,0x000000a58a400000] [id=14648]
  0x00000234231968b0 ConcurrentGCThread "G1 Service" [stack: 0x000000a58a400000,0x000000a58a500000] [id=17524]

Threads with active compile tasks:

VM state: not at safepoint (normal execution)

VM Mutex/Monitor currently owned by a thread: None

Heap address: 0x0000000084800000, size: 1976 MB, Compressed Oops mode: 32-bit

CDS archive(s) not mapped
Compressed class space mapped at: 0x0000000100000000-0x0000000140000000, reserved size: 1073741824
Narrow klass base: 0x0000000000000000, Narrow klass shift: 3, Narrow klass range: 0x140000000

GC Precious Log:
 CPUs: 8 total, 8 available
 Memory: 7898M
 Large Page Support: Disabled
 NUMA Support: Disabled
 Compressed Oops: Enabled (32-bit)
 Heap Region Size: 1M
 Heap Min Capacity: 8M
 Heap Initial Capacity: 124M
 Heap Max Capacity: 1976M
 Pre-touch: Disabled
 Parallel Workers: 8
 Concurrent Workers: 2
 Concurrent Refinement Workers: 8
 Periodic GC: Disabled

Heap:
 garbage-first heap   total 126976K, used 37888K [0x0000000084800000, 0x0000000100000000)
  region size 1024K, 20 young (20480K), 0 survivors (0K)
 Metaspace       used 18238K, committed 18432K, reserved 1073152K
  class space    used 1855K, committed 1984K, reserved 1048576K

Heap Regions: E=young(eden), S=young(survivor), O=old, HS=humongous(starts), HC=humongous(continues), CS=collection set, F=free, OA=open archive, CA=closed archive, TAMS=top-at-mark-start (previous, next)
|   0|0x0000000084800000, 0x0000000084900000, 0x0000000084900000|100%|HS|  |TAMS 0x0000000084800000, 0x0000000084800000| Complete 
|   1|0x0000000084900000, 0x0000000084a00000, 0x0000000084a00000|100%|HC|  |TAMS 0x0000000084900000, 0x0000000084900000| Complete 
|   2|0x0000000084a00000, 0x0000000084b00000, 0x0000000084b00000|100%|HC|  |TAMS 0x0000000084a00000, 0x0000000084a00000| Complete 
|   3|0x0000000084b00000, 0x0000000084c00000, 0x0000000084c00000|100%|HC|  |TAMS 0x0000000084b00000, 0x0000000084b00000| Complete 
|   4|0x0000000084c00000, 0x0000000084d00000, 0x0000000084d00000|100%|HS|  |TAMS 0x0000000084c00000, 0x0000000084c00000| Complete 
|   5|0x0000000084d00000, 0x0000000084e00000, 0x0000000084e00000|100%|HC|  |TAMS 0x0000000084d00000, 0x0000000084d00000| Complete 
|   6|0x0000000084e00000, 0x0000000084f00000, 0x0000000084f00000|100%|HC|  |TAMS 0x0000000084e00000, 0x0000000084e00000| Complete 
|   7|0x0000000084f00000, 0x0000000085000000, 0x0000000085000000|100%|HC|  |TAMS 0x0000000084f00000, 0x0000000084f00000| Complete 
|   8|0x0000000085000000, 0x0000000085100000, 0x0000000085100000|100%|HC|  |TAMS 0x0000000085000000, 0x0000000085000000| Complete 
|   9|0x0000000085100000, 0x0000000085200000, 0x0000000085200000|100%|HC|  |TAMS 0x0000000085100000, 0x0000000085100000| Complete 
|  10|0x0000000085200000, 0x0000000085300000, 0x0000000085300000|100%|HC|  |TAMS 0x0000000085200000, 0x0000000085200000| Complete 
|  11|0x0000000085300000, 0x0000000085400000, 0x0000000085400000|100%|HC|  |TAMS 0x0000000085300000, 0x0000000085300000| Complete 
|  12|0x0000000085400000, 0x0000000085500000, 0x0000000085500000|100%|HC|  |TAMS 0x0000000085400000, 0x0000000085400000| Complete 
|  13|0x0000000085500000, 0x0000000085600000, 0x0000000085600000|100%|HS|  |TAMS 0x0000000085500000, 0x0000000085500000| Complete 
|  14|0x0000000085600000, 0x0000000085700000, 0x0000000085700000|100%|HS|  |TAMS 0x0000000085600000, 0x0000000085600000| Complete 
|  15|0x0000000085700000, 0x0000000085800000, 0x0000000085800000|100%|HC|  |TAMS 0x0000000085700000, 0x0000000085700000| Complete 
|  16|0x0000000085800000, 0x0000000085900000, 0x0000000085900000|100%|HC|  |TAMS 0x0000000085800000, 0x0000000085800000| Complete 
|  17|0x0000000085900000, 0x0000000085a00000, 0x0000000085a00000|100%|HC|  |TAMS 0x0000000085900000, 0x0000000085900000| Complete 
|  18|0x0000000085a00000, 0x0000000085a00000, 0x0000000085b00000|  0%| F|  |TAMS 0x0000000085a00000, 0x0000000085a00000| Untracked 
|  19|0x0000000085b00000, 0x0000000085b00000, 0x0000000085c00000|  0%| F|  |TAMS 0x0000000085b00000, 0x0000000085b00000| Untracked 
|  20|0x0000000085c00000, 0x0000000085c00000, 0x0000000085d00000|  0%| F|  |TAMS 0x0000000085c00000, 0x0000000085c00000| Untracked 
|  21|0x0000000085d00000, 0x0000000085d00000, 0x0000000085e00000|  0%| F|  |TAMS 0x0000000085d00000, 0x0000000085d00000| Untracked 
|  22|0x0000000085e00000, 0x0000000085e00000, 0x0000000085f00000|  0%| F|  |TAMS 0x0000000085e00000, 0x0000000085e00000| Untracked 
|  23|0x0000000085f00000, 0x0000000085f00000, 0x0000000086000000|  0%| F|  |TAMS 0x0000000085f00000, 0x0000000085f00000| Untracked 
|  24|0x0000000086000000, 0x0000000086000000, 0x0000000086100000|  0%| F|  |TAMS 0x0000000086000000, 0x0000000086000000| Untracked 
|  25|0x0000000086100000, 0x0000000086100000, 0x0000000086200000|  0%| F|  |TAMS 0x0000000086100000, 0x0000000086100000| Untracked 
|  26|0x0000000086200000, 0x0000000086200000, 0x0000000086300000|  0%| F|  |TAMS 0x0000000086200000, 0x0000000086200000| Untracked 
|  27|0x0000000086300000, 0x0000000086300000, 0x0000000086400000|  0%| F|  |TAMS 0x0000000086300000, 0x0000000086300000| Untracked 
|  28|0x0000000086400000, 0x0000000086400000, 0x0000000086500000|  0%| F|  |TAMS 0x0000000086400000, 0x0000000086400000| Untracked 
|  29|0x0000000086500000, 0x0000000086500000, 0x0000000086600000|  0%| F|  |TAMS 0x0000000086500000, 0x0000000086500000| Untracked 
|  30|0x0000000086600000, 0x0000000086600000, 0x0000000086700000|  0%| F|  |TAMS 0x0000000086600000, 0x0000000086600000| Untracked 
|  31|0x0000000086700000, 0x0000000086700000, 0x0000000086800000|  0%| F|  |TAMS 0x0000000086700000, 0x0000000086700000| Untracked 
|  32|0x0000000086800000, 0x0000000086800000, 0x0000000086900000|  0%| F|  |TAMS 0x0000000086800000, 0x0000000086800000| Untracked 
|  33|0x0000000086900000, 0x0000000086900000, 0x0000000086a00000|  0%| F|  |TAMS 0x0000000086900000, 0x0000000086900000| Untracked 
|  34|0x0000000086a00000, 0x0000000086a00000, 0x0000000086b00000|  0%| F|  |TAMS 0x0000000086a00000, 0x0000000086a00000| Untracked 
|  35|0x0000000086b00000, 0x0000000086b00000, 0x0000000086c00000|  0%| F|  |TAMS 0x0000000086b00000, 0x0000000086b00000| Untracked 
|  36|0x0000000086c00000, 0x0000000086c00000, 0x0000000086d00000|  0%| F|  |TAMS 0x0000000086c00000, 0x0000000086c00000| Untracked 
|  37|0x0000000086d00000, 0x0000000086d00000, 0x0000000086e00000|  0%| F|  |TAMS 0x0000000086d00000, 0x0000000086d00000| Untracked 
|  38|0x0000000086e00000, 0x0000000086e00000, 0x0000000086f00000|  0%| F|  |TAMS 0x0000000086e00000, 0x0000000086e00000| Untracked 
|  39|0x0000000086f00000, 0x0000000086f00000, 0x0000000087000000|  0%| F|  |TAMS 0x0000000086f00000, 0x0000000086f00000| Untracked 
|  40|0x0000000087000000, 0x0000000087000000, 0x0000000087100000|  0%| F|  |TAMS 0x0000000087000000, 0x0000000087000000| Untracked 
|  41|0x0000000087100000, 0x0000000087100000, 0x0000000087200000|  0%| F|  |TAMS 0x0000000087100000, 0x0000000087100000| Untracked 
|  42|0x0000000087200000, 0x0000000087200000, 0x0000000087300000|  0%| F|  |TAMS 0x0000000087200000, 0x0000000087200000| Untracked 
|  43|0x0000000087300000, 0x0000000087300000, 0x0000000087400000|  0%| F|  |TAMS 0x0000000087300000, 0x0000000087300000| Untracked 
|  44|0x0000000087400000, 0x0000000087400000, 0x0000000087500000|  0%| F|  |TAMS 0x0000000087400000, 0x0000000087400000| Untracked 
|  45|0x0000000087500000, 0x0000000087500000, 0x0000000087600000|  0%| F|  |TAMS 0x0000000087500000, 0x0000000087500000| Untracked 
|  46|0x0000000087600000, 0x0000000087600000, 0x0000000087700000|  0%| F|  |TAMS 0x0000000087600000, 0x0000000087600000| Untracked 
|  47|0x0000000087700000, 0x0000000087700000, 0x0000000087800000|  0%| F|  |TAMS 0x0000000087700000, 0x0000000087700000| Untracked 
|  48|0x0000000087800000, 0x0000000087800000, 0x0000000087900000|  0%| F|  |TAMS 0x0000000087800000, 0x0000000087800000| Untracked 
|  49|0x0000000087900000, 0x0000000087900000, 0x0000000087a00000|  0%| F|  |TAMS 0x0000000087900000, 0x0000000087900000| Untracked 
|  50|0x0000000087a00000, 0x0000000087a00000, 0x0000000087b00000|  0%| F|  |TAMS 0x0000000087a00000, 0x0000000087a00000| Untracked 
|  51|0x0000000087b00000, 0x0000000087b00000, 0x0000000087c00000|  0%| F|  |TAMS 0x0000000087b00000, 0x0000000087b00000| Untracked 
|  52|0x0000000087c00000, 0x0000000087c00000, 0x0000000087d00000|  0%| F|  |TAMS 0x0000000087c00000, 0x0000000087c00000| Untracked 
|  53|0x0000000087d00000, 0x0000000087d00000, 0x0000000087e00000|  0%| F|  |TAMS 0x0000000087d00000, 0x0000000087d00000| Untracked 
|  54|0x0000000087e00000, 0x0000000087e00000, 0x0000000087f00000|  0%| F|  |TAMS 0x0000000087e00000, 0x0000000087e00000| Untracked 
|  55|0x0000000087f00000, 0x0000000087f00000, 0x0000000088000000|  0%| F|  |TAMS 0x0000000087f00000, 0x0000000087f00000| Untracked 
|  56|0x0000000088000000, 0x0000000088000000, 0x0000000088100000|  0%| F|  |TAMS 0x0000000088000000, 0x0000000088000000| Untracked 
|  57|0x0000000088100000, 0x0000000088100000, 0x0000000088200000|  0%| F|  |TAMS 0x0000000088100000, 0x0000000088100000| Untracked 
|  58|0x0000000088200000, 0x0000000088200000, 0x0000000088300000|  0%| F|  |TAMS 0x0000000088200000, 0x0000000088200000| Untracked 
|  59|0x0000000088300000, 0x0000000088300000, 0x0000000088400000|  0%| F|  |TAMS 0x0000000088300000, 0x0000000088300000| Untracked 
|  60|0x0000000088400000, 0x0000000088400000, 0x0000000088500000|  0%| F|  |TAMS 0x0000000088400000, 0x0000000088400000| Untracked 
|  61|0x0000000088500000, 0x0000000088500000, 0x0000000088600000|  0%| F|  |TAMS 0x0000000088500000, 0x0000000088500000| Untracked 
|  62|0x0000000088600000, 0x0000000088600000, 0x0000000088700000|  0%| F|  |TAMS 0x0000000088600000, 0x0000000088600000| Untracked 
|  63|0x0000000088700000, 0x0000000088700000, 0x0000000088800000|  0%| F|  |TAMS 0x0000000088700000, 0x0000000088700000| Untracked 
|  64|0x0000000088800000, 0x0000000088800000, 0x0000000088900000|  0%| F|  |TAMS 0x0000000088800000, 0x0000000088800000| Untracked 
|  65|0x0000000088900000, 0x0000000088900000, 0x0000000088a00000|  0%| F|  |TAMS 0x0000000088900000, 0x0000000088900000| Untracked 
|  66|0x0000000088a00000, 0x0000000088a00000, 0x0000000088b00000|  0%| F|  |TAMS 0x0000000088a00000, 0x0000000088a00000| Untracked 
|  67|0x0000000088b00000, 0x0000000088b00000, 0x0000000088c00000|  0%| F|  |TAMS 0x0000000088b00000, 0x0000000088b00000| Untracked 
|  68|0x0000000088c00000, 0x0000000088c00000, 0x0000000088d00000|  0%| F|  |TAMS 0x0000000088c00000, 0x0000000088c00000| Untracked 
|  69|0x0000000088d00000, 0x0000000088d00000, 0x0000000088e00000|  0%| F|  |TAMS 0x0000000088d00000, 0x0000000088d00000| Untracked 
|  70|0x0000000088e00000, 0x0000000088e00000, 0x0000000088f00000|  0%| F|  |TAMS 0x0000000088e00000, 0x0000000088e00000| Untracked 
|  71|0x0000000088f00000, 0x0000000088f00000, 0x0000000089000000|  0%| F|  |TAMS 0x0000000088f00000, 0x0000000088f00000| Untracked 
|  72|0x0000000089000000, 0x0000000089000000, 0x0000000089100000|  0%| F|  |TAMS 0x0000000089000000, 0x0000000089000000| Untracked 
|  73|0x0000000089100000, 0x0000000089100000, 0x0000000089200000|  0%| F|  |TAMS 0x0000000089100000, 0x0000000089100000| Untracked 
|  74|0x0000000089200000, 0x0000000089200000, 0x0000000089300000|  0%| F|  |TAMS 0x0000000089200000, 0x0000000089200000| Untracked 
|  75|0x0000000089300000, 0x0000000089300000, 0x0000000089400000|  0%| F|  |TAMS 0x0000000089300000, 0x0000000089300000| Untracked 
|  76|0x0000000089400000, 0x0000000089400000, 0x0000000089500000|  0%| F|  |TAMS 0x0000000089400000, 0x0000000089400000| Untracked 
|  77|0x0000000089500000, 0x0000000089500000, 0x0000000089600000|  0%| F|  |TAMS 0x0000000089500000, 0x0000000089500000| Untracked 
|  78|0x0000000089600000, 0x0000000089600000, 0x0000000089700000|  0%| F|  |TAMS 0x0000000089600000, 0x0000000089600000| Untracked 
|  79|0x0000000089700000, 0x0000000089700000, 0x0000000089800000|  0%| F|  |TAMS 0x0000000089700000, 0x0000000089700000| Untracked 
|  80|0x0000000089800000, 0x0000000089800000, 0x0000000089900000|  0%| F|  |TAMS 0x0000000089800000, 0x0000000089800000| Untracked 
|  81|0x0000000089900000, 0x0000000089900000, 0x0000000089a00000|  0%| F|  |TAMS 0x0000000089900000, 0x0000000089900000| Untracked 
|  82|0x0000000089a00000, 0x0000000089a00000, 0x0000000089b00000|  0%| F|  |TAMS 0x0000000089a00000, 0x0000000089a00000| Untracked 
|  83|0x0000000089b00000, 0x0000000089b00000, 0x0000000089c00000|  0%| F|  |TAMS 0x0000000089b00000, 0x0000000089b00000| Untracked 
|  84|0x0000000089c00000, 0x0000000089c00000, 0x0000000089d00000|  0%| F|  |TAMS 0x0000000089c00000, 0x0000000089c00000| Untracked 
|  85|0x0000000089d00000, 0x0000000089d00000, 0x0000000089e00000|  0%| F|  |TAMS 0x0000000089d00000, 0x0000000089d00000| Untracked 
|  86|0x0000000089e00000, 0x0000000089e00000, 0x0000000089f00000|  0%| F|  |TAMS 0x0000000089e00000, 0x0000000089e00000| Untracked 
|  87|0x0000000089f00000, 0x0000000089f00000, 0x000000008a000000|  0%| F|  |TAMS 0x0000000089f00000, 0x0000000089f00000| Untracked 
|  88|0x000000008a000000, 0x000000008a000000, 0x000000008a100000|  0%| F|  |TAMS 0x000000008a000000, 0x000000008a000000| Untracked 
|  89|0x000000008a100000, 0x000000008a100000, 0x000000008a200000|  0%| F|  |TAMS 0x000000008a100000, 0x000000008a100000| Untracked 
|  90|0x000000008a200000, 0x000000008a200000, 0x000000008a300000|  0%| F|  |TAMS 0x000000008a200000, 0x000000008a200000| Untracked 
|  91|0x000000008a300000, 0x000000008a300000, 0x000000008a400000|  0%| F|  |TAMS 0x000000008a300000, 0x000000008a300000| Untracked 
|  92|0x000000008a400000, 0x000000008a400000, 0x000000008a500000|  0%| F|  |TAMS 0x000000008a400000, 0x000000008a400000| Untracked 
|  93|0x000000008a500000, 0x000000008a500000, 0x000000008a600000|  0%| F|  |TAMS 0x000000008a500000, 0x000000008a500000| Untracked 
|  94|0x000000008a600000, 0x000000008a600000, 0x000000008a700000|  0%| F|  |TAMS 0x000000008a600000, 0x000000008a600000| Untracked 
|  95|0x000000008a700000, 0x000000008a700000, 0x000000008a800000|  0%| F|  |TAMS 0x000000008a700000, 0x000000008a700000| Untracked 
|  96|0x000000008a800000, 0x000000008a800000, 0x000000008a900000|  0%| F|  |TAMS 0x000000008a800000, 0x000000008a800000| Untracked 
|  97|0x000000008a900000, 0x000000008a900000, 0x000000008aa00000|  0%| F|  |TAMS 0x000000008a900000, 0x000000008a900000| Untracked 
|  98|0x000000008aa00000, 0x000000008aa00000, 0x000000008ab00000|  0%| F|  |TAMS 0x000000008aa00000, 0x000000008aa00000| Untracked 
|  99|0x000000008ab00000, 0x000000008ab00000, 0x000000008ac00000|  0%| F|  |TAMS 0x000000008ab00000, 0x000000008ab00000| Untracked 
| 100|0x000000008ac00000, 0x000000008ac00000, 0x000000008ad00000|  0%| F|  |TAMS 0x000000008ac00000, 0x000000008ac00000| Untracked 
| 101|0x000000008ad00000, 0x000000008ad00000, 0x000000008ae00000|  0%| F|  |TAMS 0x000000008ad00000, 0x000000008ad00000| Untracked 
| 102|0x000000008ae00000, 0x000000008ae00000, 0x000000008af00000|  0%| F|  |TAMS 0x000000008ae00000, 0x000000008ae00000| Untracked 
| 103|0x000000008af00000, 0x000000008af00000, 0x000000008b000000|  0%| F|  |TAMS 0x000000008af00000, 0x000000008af00000| Untracked 
| 104|0x000000008b000000, 0x000000008b076c50, 0x000000008b100000| 46%| E|  |TAMS 0x000000008b000000, 0x000000008b000000| Complete 
| 105|0x000000008b100000, 0x000000008b200000, 0x000000008b200000|100%| E|CS|TAMS 0x000000008b100000, 0x000000008b100000| Complete 
| 106|0x000000008b200000, 0x000000008b300000, 0x000000008b300000|100%| E|CS|TAMS 0x000000008b200000, 0x000000008b200000| Complete 
| 107|0x000000008b300000, 0x000000008b400000, 0x000000008b400000|100%| E|CS|TAMS 0x000000008b300000, 0x000000008b300000| Complete 
| 108|0x000000008b400000, 0x000000008b500000, 0x000000008b500000|100%| E|CS|TAMS 0x000000008b400000, 0x000000008b400000| Complete 
| 109|0x000000008b500000, 0x000000008b600000, 0x000000008b600000|100%| E|CS|TAMS 0x000000008b500000, 0x000000008b500000| Complete 
| 110|0x000000008b600000, 0x000000008b700000, 0x000000008b700000|100%| E|CS|TAMS 0x000000008b600000, 0x000000008b600000| Complete 
| 111|0x000000008b700000, 0x000000008b800000, 0x000000008b800000|100%| E|CS|TAMS 0x000000008b700000, 0x000000008b700000| Complete 
| 112|0x000000008b800000, 0x000000008b900000, 0x000000008b900000|100%| E|CS|TAMS 0x000000008b800000, 0x000000008b800000| Complete 
| 113|0x000000008b900000, 0x000000008ba00000, 0x000000008ba00000|100%| E|CS|TAMS 0x000000008b900000, 0x000000008b900000| Complete 
| 114|0x000000008ba00000, 0x000000008bb00000, 0x000000008bb00000|100%| E|CS|TAMS 0x000000008ba00000, 0x000000008ba00000| Complete 
| 115|0x000000008bb00000, 0x000000008bc00000, 0x000000008bc00000|100%| E|CS|TAMS 0x000000008bb00000, 0x000000008bb00000| Complete 
| 116|0x000000008bc00000, 0x000000008bd00000, 0x000000008bd00000|100%| E|CS|TAMS 0x000000008bc00000, 0x000000008bc00000| Complete 
| 117|0x000000008bd00000, 0x000000008be00000, 0x000000008be00000|100%| E|CS|TAMS 0x000000008bd00000, 0x000000008bd00000| Complete 
| 118|0x000000008be00000, 0x000000008bf00000, 0x000000008bf00000|100%| E|CS|TAMS 0x000000008be00000, 0x000000008be00000| Complete 
| 119|0x000000008bf00000, 0x000000008c000000, 0x000000008c000000|100%| E|CS|TAMS 0x000000008bf00000, 0x000000008bf00000| Complete 
| 120|0x000000008c000000, 0x000000008c100000, 0x000000008c100000|100%| E|CS|TAMS 0x000000008c000000, 0x000000008c000000| Complete 
| 121|0x000000008c100000, 0x000000008c200000, 0x000000008c200000|100%| E|CS|TAMS 0x000000008c100000, 0x000000008c100000| Complete 
| 122|0x000000008c200000, 0x000000008c300000, 0x000000008c300000|100%| E|CS|TAMS 0x000000008c200000, 0x000000008c200000| Complete 
| 123|0x000000008c300000, 0x000000008c400000, 0x000000008c400000|100%| E|CS|TAMS 0x000000008c300000, 0x000000008c300000| Complete 

Card table byte_map: [0x0000023437db0000,0x0000023438190000] _byte_map_base: 0x000002343798c000

Marking Bits (Prev, Next): (CMBitMap*) 0x0000023423118a90, (CMBitMap*) 0x0000023423118ad0
 Prev Bits: [0x0000023438570000, 0x000002343a450000)
 Next Bits: [0x000002343a450000, 0x000002343c330000)

Polling page: 0x0000023427f40000

Metaspace:

Usage:
  Non-class:     16.00 MB used.
      Class:      1.81 MB used.
       Both:     17.81 MB used.

Virtual space:
  Non-class space:       24.00 MB reserved,      16.06 MB ( 67%) committed,  3 nodes.
      Class space:        1.00 GB reserved,       1.94 MB ( <1%) committed,  1 nodes.
             Both:        1.02 GB reserved,      18.00 MB (  2%) committed. 

Chunk freelists:
   Non-Class:  3.00 MB
       Class:  1.99 MB
        Both:  4.99 MB

MaxMetaspaceSize: unlimited
CompressedClassSpaceSize: 1.00 GB
Initial GC threshold: 21.00 MB
Current GC threshold: 21.00 MB
CDS: off
MetaspaceReclaimPolicy: balanced
 - commit_granule_bytes: 65536.
 - commit_granule_words: 8192.
 - virtual_space_node_default_size: 1048576.
 - enlarge_chunks_in_place: 1.
 - new_chunks_are_fully_committed: 0.
 - uncommit_free_chunks: 1.
 - use_allocation_guard: 0.
 - handle_deallocations: 1.


Internal statistics:

num_allocs_failed_limit: 0.
num_arena_births: 142.
num_arena_deaths: 0.
num_vsnodes_births: 4.
num_vsnodes_deaths: 0.
num_space_committed: 288.
num_space_uncommitted: 0.
num_chunks_returned_to_freelist: 0.
num_chunks_taken_from_freelist: 229.
num_chunk_merges: 0.
num_chunk_splits: 124.
num_chunks_enlarged: 64.
num_purges: 0.
num_inconsistent_stats: 0.

CodeHeap 'non-profiled nmethods': size=120000Kb used=546Kb max_used=546Kb free=119453Kb
 bounds [0x000002342fa30000, 0x000002342fca0000, 0x0000023436f60000]
CodeHeap 'profiled nmethods': size=120000Kb used=2925Kb max_used=2925Kb free=117074Kb
 bounds [0x0000023428500000, 0x00000234287e0000, 0x000002342fa30000]
CodeHeap 'non-nmethods': size=5760Kb used=1334Kb max_used=1357Kb free=4425Kb
 bounds [0x0000023427f60000, 0x00000234281d0000, 0x0000023428500000]
 total_blobs=2365 nmethods=1702 adapters=575
 compilation: enabled
              stopped_count=0, restarted_count=0
 full_count=0

Compilation events (20 events):
Event: 4.966 Thread 0x000002343f82ba90 nmethod 1624 0x000002342fab4890 code [0x000002342fab4a00, 0x000002342fab4ab8]
Event: 4.966 Thread 0x000002343f82ba90 1687       4       jdk.internal.misc.Unsafe::putByte (8 bytes)
Event: 4.966 Thread 0x000002343f82ba90 nmethod 1687 0x000002342fab4b90 code [0x000002342fab4d00, 0x000002342fab4d78]
Event: 5.010 Thread 0x00000234403535c0 nmethod 1613 0x000002342fab4e90 code [0x000002342fab5040, 0x000002342fab7258]
Event: 5.453 Thread 0x000002343f82c530 1699       1       java.awt.event.MouseEvent::getXOnScreen (5 bytes)
Event: 5.453 Thread 0x000002343f82c530 nmethod 1699 0x000002342fab7690 code [0x000002342fab7820, 0x000002342fab78f8]
Event: 5.453 Thread 0x000002343f82c530 1700       1       java.awt.event.MouseEvent::getYOnScreen (5 bytes)
Event: 5.453 Thread 0x000002343f82c530 nmethod 1700 0x000002342fab7990 code [0x000002342fab7b20, 0x000002342fab7bf8]
Event: 5.453 Thread 0x000002343f82c530 1701       1       java.awt.event.MouseEvent::getClickCount (5 bytes)
Event: 5.453 Thread 0x000002343f82c530 nmethod 1701 0x000002342fab7c90 code [0x000002342fab7e20, 0x000002342fab7ef8]
Event: 5.453 Thread 0x000002343f82c530 1702       1       java.awt.event.MouseEvent::isPopupTrigger (5 bytes)
Event: 5.453 Thread 0x000002343f82c530 nmethod 1702 0x000002342fab7f90 code [0x000002342fab8120, 0x000002342fab81f8]
Event: 5.460 Thread 0x000002343f82c530 1703       3       java.awt.Component::dispatchEventImpl (777 bytes)
Event: 5.467 Thread 0x000002343f82c530 nmethod 1703 0x00000234287d2410 code [0x00000234287d2c80, 0x00000234287d9068]
Event: 5.468 Thread 0x000002343f82c530 1704       3       java.awt.Font::getFont2D (41 bytes)
Event: 5.469 Thread 0x000002343f82c530 nmethod 1704 0x00000234287da490 code [0x00000234287da6c0, 0x00000234287dae88]
Event: 3039.097 Thread 0x000002343f82ba90 1705       4       java.lang.AbstractStringBuilder::ensureCapacityInternal (39 bytes)
Event: 3039.132 Thread 0x000002343f82ba90 nmethod 1705 0x000002342fab8290 code [0x000002342fab8420, 0x000002342fab88b8]
Event: 3039.217 Thread 0x000002343f82c530 1706       3       java.awt.Component::isShowing (38 bytes)
Event: 3039.224 Thread 0x000002343f82c530 nmethod 1706 0x00000234287db210 code [0x00000234287db3c0, 0x00000234287db6c8]

GC Heap History (0 events):
No events

Deoptimization events (20 events):
Event: 4.881 Thread 0x000002343fe9d320 DEOPT PACKING pc=0x000002342866086d sp=0x000000a58b5fed10
Event: 4.881 Thread 0x000002343fe9d320 DEOPT UNPACKING pc=0x0000023427fb6763 sp=0x000000a58b5fe180 mode 0
Event: 4.881 Thread 0x000002343fe9d320 DEOPT PACKING pc=0x000002342866086d sp=0x000000a58b5fed10
Event: 4.881 Thread 0x000002343fe9d320 DEOPT UNPACKING pc=0x0000023427fb6763 sp=0x000000a58b5fe180 mode 0
Event: 4.882 Thread 0x000002343fe9d320 DEOPT PACKING pc=0x000002342866086d sp=0x000000a58b5fed10
Event: 4.882 Thread 0x000002343fe9d320 DEOPT UNPACKING pc=0x0000023427fb6763 sp=0x000000a58b5fe180 mode 0
Event: 4.882 Thread 0x000002343fe9d320 DEOPT PACKING pc=0x000002342866086d sp=0x000000a58b5fed10
Event: 4.882 Thread 0x000002343fe9d320 DEOPT UNPACKING pc=0x0000023427fb6763 sp=0x000000a58b5fe180 mode 0
Event: 4.882 Thread 0x000002343fe9d320 DEOPT PACKING pc=0x000002342866086d sp=0x000000a58b5fed10
Event: 4.882 Thread 0x000002343fe9d320 DEOPT UNPACKING pc=0x0000023427fb6763 sp=0x000000a58b5fe180 mode 0
Event: 4.882 Thread 0x000002343fe9d320 DEOPT PACKING pc=0x000002342866086d sp=0x000000a58b5fed10
Event: 4.882 Thread 0x000002343fe9d320 DEOPT UNPACKING pc=0x0000023427fb6763 sp=0x000000a58b5fe180 mode 0
Event: 4.882 Thread 0x000002343fe9d320 DEOPT PACKING pc=0x000002342866086d sp=0x000000a58b5fed10
Event: 4.882 Thread 0x000002343fe9d320 DEOPT UNPACKING pc=0x0000023427fb6763 sp=0x000000a58b5fe180 mode 0
Event: 4.882 Thread 0x000002343fe9d320 DEOPT PACKING pc=0x00000234285d922c sp=0x000000a58b5febb0
Event: 4.882 Thread 0x000002343fe9d320 DEOPT UNPACKING pc=0x0000023427fb6763 sp=0x000000a58b5fe080 mode 0
Event: 4.882 Thread 0x000002343fe9d320 Uncommon trap: trap_request=0xffffffe4 fr.pc=0x000002342fa60078 relative=0x00000000000015b8
Event: 4.882 Thread 0x000002343fe9d320 Uncommon trap: reason=range_check action=make_not_entrant pc=0x000002342fa60078 method=java.awt.image.DirectColorModel.setFields()V @ 6 c2
Event: 4.882 Thread 0x000002343fe9d320 DEOPT PACKING pc=0x000002342fa60078 sp=0x000000a58b5febd0
Event: 4.882 Thread 0x000002343fe9d320 DEOPT UNPACKING pc=0x0000023427fb5c23 sp=0x000000a58b5fea08 mode 2

Classes unloaded (0 events):
No events

Classes redefined (0 events):
No events

Internal exceptions (13 events):
Event: 0.142 Thread 0x00000234230bef00 Exception <a 'java/lang/ClassNotFoundException'{0x000000008c2f8580}: sun/awt/resources/spi/awtProvider> (0x000000008c2f8580) 
thrown [s\src\hotspot\share\classfile\systemDictionary.cpp, line 256]
Event: 0.158 Thread 0x00000234230bef00 Exception <a 'java/io/FileNotFoundException'{0x000000008c14a2a8}> (0x000000008c14a2a8) 
thrown [s\src\hotspot\share\prims\jni.cpp, line 516]
Event: 0.161 Thread 0x00000234230bef00 Exception <a 'java/io/FileNotFoundException'{0x000000008c177220}> (0x000000008c177220) 
thrown [s\src\hotspot\share\prims\jni.cpp, line 516]
Event: 0.192 Thread 0x00000234230bef00 Exception <a 'java/lang/NoSuchMethodError'{0x000000008c1aaf10}: 'java.lang.Object java.lang.invoke.DirectMethodHandle$Holder.invokeStaticInit(java.lang.Object)'> (0x000000008c1aaf10) 
thrown [s\src\hotspot\share\interpreter\linkResolver.cpp, line 759]
Event: 0.211 Thread 0x00000234230bef00 Exception <a 'java/lang/NoSuchMethodError'{0x000000008c0019e8}: 'void java.lang.invoke.DirectMethodHandle$Holder.invokeSpecial(java.lang.Object, java.lang.Object, java.lang.Object)'> (0x000000008c0019e8) 
thrown [s\src\hotspot\share\interpreter\linkResolver.cpp, line 759]
Event: 0.217 Thread 0x00000234230bef00 Exception <a 'java/lang/NoSuchMethodError'{0x000000008c02b930}: 'java.lang.Object java.lang.invoke.DirectMethodHandle$Holder.newInvokeSpecial(java.lang.Object, java.lang.Object, java.lang.Object, java.lang.Object, java.lang.Object)'> (0x000000008c02b930) 
thrown [s\src\hotspot\share\interpreter\linkResolver.cpp, line 759]
Event: 0.218 Thread 0x00000234230bef00 Exception <a 'java/lang/NoSuchMethodError'{0x000000008c0372f8}: 'java.lang.Object java.lang.invoke.DirectMethodHandle$Holder.invokeStatic(java.lang.Object, int, java.lang.Object, java.lang.Object, java.lang.Object, java.lang.Object)'> (0x000000008c0372f8) 
thrown [s\src\hotspot\share\interpreter\linkResolver.cpp, line 759]
Event: 0.221 Thread 0x00000234230bef00 Exception <a 'java/lang/NoSuchMethodError'{0x000000008c05cab8}: 'java.lang.Object java.lang.invoke.DirectMethodHandle$Holder.invokeStatic(java.lang.Object, int, java.lang.Object)'> (0x000000008c05cab8) 
thrown [s\src\hotspot\share\interpreter\linkResolver.cpp, line 759]
Event: 0.237 Thread 0x00000234230bef00 Exception <a 'java/lang/ClassNotFoundException'{0x000000008bf1a778}: com/sun/swing/internal/plaf/metal/resources/spi/metalProvider> (0x000000008bf1a778) 
thrown [s\src\hotspot\share\classfile\systemDictionary.cpp, line 256]
Event: 0.237 Thread 0x00000234230bef00 Exception <a 'java/lang/ClassNotFoundException'{0x000000008bf1e3b8}: com/sun/swing/internal/plaf/basic/resources/spi/basicProvider> (0x000000008bf1e3b8) 
thrown [s\src\hotspot\share\classfile\systemDictionary.cpp, line 256]
Event: 0.258 Thread 0x000002343fe9d320 Exception <a 'java/lang/NoSuchMethodError'{0x000000008bf96208}: 'java.lang.Object java.lang.invoke.DirectMethodHandle$Holder.newInvokeSpecial(java.lang.Object, java.lang.Object, java.lang.Object, int, int, int, int, int)'> (0x000000008bf96208) 
thrown [s\src\hotspot\share\interpreter\linkResolver.cpp, line 759]
Event: 0.314 Thread 0x000002343fe061e0 Exception <a 'java/lang/NoSuchMethodError'{0x000000008c1fd720}: 'void java.lang.invoke.DirectMethodHandle$Holder.invokeVirtual(java.lang.Object, java.lang.Object)'> (0x000000008c1fd720) 
thrown [s\src\hotspot\share\interpreter\linkResolver.cpp, line 759]
Event: 0.329 Thread 0x00000234230bef00 Exception <a 'java/lang/NoSuchMethodError'{0x000000008ba14db0}: 'void java.lang.invoke.DirectMethodHandle$Holder.invokeStaticInit(java.lang.Object)'> (0x000000008ba14db0) 
thrown [s\src\hotspot\share\interpreter\linkResolver.cpp, line 759]

VM Operations (20 events):
Event: 0.345 Executing VM operation: HandshakeAllThreads
Event: 0.345 Executing VM operation: HandshakeAllThreads done
Event: 0.401 Executing VM operation: HandshakeAllThreads
Event: 0.401 Executing VM operation: HandshakeAllThreads done
Event: 1.402 Executing VM operation: Cleanup
Event: 1.402 Executing VM operation: Cleanup done
Event: 1.559 Executing VM operation: HandshakeAllThreads
Event: 1.559 Executing VM operation: HandshakeAllThreads done
Event: 1.562 Executing VM operation: HandshakeAllThreads
Event: 1.562 Executing VM operation: HandshakeAllThreads done
Event: 2.568 Executing VM operation: Cleanup
Event: 2.569 Executing VM operation: Cleanup done
Event: 4.593 Executing VM operation: Cleanup
Event: 4.593 Executing VM operation: Cleanup done
Event: 4.898 Executing VM operation: HandshakeAllThreads
Event: 4.898 Executing VM operation: HandshakeAllThreads done
Event: 5.900 Executing VM operation: Cleanup
Event: 5.901 Executing VM operation: Cleanup done
Event: 6.908 Executing VM operation: Cleanup
Event: 6.908 Executing VM operation: Cleanup done

Events (20 events):
Event: 6.350 loading class sun/awt/SunToolkit$1
Event: 6.350 loading class sun/awt/SunToolkit$1 done
Event: 9.892 Thread 0x000002343fe9d320 Thread exited: 0x000002343fe9d320
Event: 9.892 Thread 0x00000234402f59a0 Thread exited: 0x00000234402f59a0
Event: 3038.180 loading class java/util/WeakHashMap$KeyIterator
Event: 3038.332 loading class java/util/WeakHashMap$HashIterator
Event: 3038.415 loading class java/util/WeakHashMap$HashIterator done
Event: 3038.415 loading class java/util/WeakHashMap$KeyIterator done
Event: 3038.672 loading class javax/swing/RepaintManager$DisplayChangedRunnable
Event: 3038.683 loading class javax/swing/RepaintManager$DisplayChangedRunnable done
Event: 3038.699 loading class java/awt/AWTError
Event: 3038.718 loading class java/awt/AWTError done
Event: 3038.757 loading class java/lang/InterruptedException
Event: 3038.778 loading class java/lang/InterruptedException done
Event: 3038.883 loading class java/lang/Throwable$WrappedPrintStream
Event: 3038.888 loading class java/lang/Throwable$PrintStreamOrWriter
Event: 3038.892 loading class java/lang/Throwable$PrintStreamOrWriter done
Event: 3038.892 loading class java/lang/Throwable$WrappedPrintStream done
Event: 3039.005 loading class java/lang/StackTraceElement$HashedModules
Event: 3039.042 loading class java/lang/StackTraceElement$HashedModules done


Dynamic libraries:
0x00007ff69f100000 - 0x00007ff69f10e000 	C:\Users\murug\.p2\pool\plugins\org.eclipse.justj.openjdk.hotspot.jre.full.win32.x86_64_17.0.4.v20220903-1038\jre\bin\javaw.exe
0x00007ffa58340000 - 0x00007ffa58549000 	C:\Windows\SYSTEM32\ntdll.dll
0x00007ffa57430000 - 0x00007ffa574ee000 	C:\Windows\System32\KERNEL32.DLL
0x00007ffa55d00000 - 0x00007ffa5607b000 	C:\Windows\System32\KERNELBASE.dll
0x00007ffa55810000 - 0x00007ffa55921000 	C:\Windows\System32\ucrtbase.dll
0x00007ffa3f940000 - 0x00007ffa3f958000 	C:\Users\murug\.p2\pool\plugins\org.eclipse.justj.openjdk.hotspot.jre.full.win32.x86_64_17.0.4.v20220903-1038\jre\bin\jli.dll
0x00007ffa3f8e0000 - 0x00007ffa3f8f9000 	C:\Users\murug\.p2\pool\plugins\org.eclipse.justj.openjdk.hotspot.jre.full.win32.x86_64_17.0.4.v20220903-1038\jre\bin\VCRUNTIME140.dll
0x00007ffa57280000 - 0x00007ffa5742d000 	C:\Windows\System32\USER32.dll
0x00007ffa55cd0000 - 0x00007ffa55cf6000 	C:\Windows\System32\win32u.dll
0x00007ffa49130000 - 0x00007ffa493d5000 	C:\Windows\WinSxS\amd64_microsoft.windows.common-controls_6595b64144ccf1df_6.0.22000.120_none_9d947278b86cc467\COMCTL32.dll
0x00007ffa57880000 - 0x00007ffa578a9000 	C:\Windows\System32\GDI32.dll
0x00007ffa56f80000 - 0x00007ffa57023000 	C:\Windows\System32\msvcrt.dll
0x00007ffa559a0000 - 0x00007ffa55ab8000 	C:\Windows\System32\gdi32full.dll
0x00007ffa55ac0000 - 0x00007ffa55b5d000 	C:\Windows\System32\msvcp_win.dll
0x00007ffa580a0000 - 0x00007ffa580d2000 	C:\Windows\System32\IMM32.DLL
0x00007ffa4a070000 - 0x00007ffa4a07c000 	C:\Users\murug\.p2\pool\plugins\org.eclipse.justj.openjdk.hotspot.jre.full.win32.x86_64_17.0.4.v20220903-1038\jre\bin\vcruntime140_1.dll
0x00007ffa32450000 - 0x00007ffa324e1000 	C:\Users\murug\.p2\pool\plugins\org.eclipse.justj.openjdk.hotspot.jre.full.win32.x86_64_17.0.4.v20220903-1038\jre\bin\msvcp140.dll
0x00007ffa050c0000 - 0x00007ffa05d06000 	C:\Users\murug\.p2\pool\plugins\org.eclipse.justj.openjdk.hotspot.jre.full.win32.x86_64_17.0.4.v20220903-1038\jre\bin\server\jvm.dll
0x00007ffa571d0000 - 0x00007ffa5727e000 	C:\Windows\System32\ADVAPI32.dll
0x00007ffa576c0000 - 0x00007ffa5775e000 	C:\Windows\System32\sechost.dll
0x00007ffa57760000 - 0x00007ffa57880000 	C:\Windows\System32\RPCRT4.dll
0x00007ffa561c0000 - 0x00007ffa561c8000 	C:\Windows\System32\PSAPI.DLL
0x00007ffa4acc0000 - 0x00007ffa4acc9000 	C:\Windows\SYSTEM32\WSOCK32.dll
0x00007ffa529a0000 - 0x00007ffa529d3000 	C:\Windows\SYSTEM32\WINMM.dll
0x00007ffa57500000 - 0x00007ffa5756f000 	C:\Windows\System32\WS2_32.dll
0x00007ffa4b190000 - 0x00007ffa4b19a000 	C:\Windows\SYSTEM32\VERSION.dll
0x00007ffa54980000 - 0x00007ffa54998000 	C:\Windows\SYSTEM32\kernel.appcore.dll
0x00007ffa4aab0000 - 0x00007ffa4aaba000 	C:\Users\murug\.p2\pool\plugins\org.eclipse.justj.openjdk.hotspot.jre.full.win32.x86_64_17.0.4.v20220903-1038\jre\bin\jimage.dll
0x00007ffa533b0000 - 0x00007ffa535d1000 	C:\Windows\SYSTEM32\DBGHELP.DLL
0x00007ffa52960000 - 0x00007ffa52991000 	C:\Windows\SYSTEM32\dbgcore.DLL
0x00007ffa56080000 - 0x00007ffa560ff000 	C:\Windows\System32\bcryptPrimitives.dll
0x00007ffa46dd0000 - 0x00007ffa46df5000 	C:\Users\murug\.p2\pool\plugins\org.eclipse.justj.openjdk.hotspot.jre.full.win32.x86_64_17.0.4.v20220903-1038\jre\bin\java.dll
0x00007ffa4a0e0000 - 0x00007ffa4a0f8000 	C:\Users\murug\.p2\pool\plugins\org.eclipse.justj.openjdk.hotspot.jre.full.win32.x86_64_17.0.4.v20220903-1038\jre\bin\zip.dll
0x00007ffa578e0000 - 0x00007ffa58097000 	C:\Windows\System32\SHELL32.dll
0x00007ffa53910000 - 0x00007ffa54175000 	C:\Windows\SYSTEM32\windows.storage.dll
0x00007ffa561d0000 - 0x00007ffa56548000 	C:\Windows\System32\combase.dll
0x00007ffa537a0000 - 0x00007ffa53906000 	C:\Windows\SYSTEM32\wintypes.dll
0x00007ffa57570000 - 0x00007ffa5765a000 	C:\Windows\System32\SHCORE.dll
0x00007ffa57660000 - 0x00007ffa576bd000 	C:\Windows\System32\shlwapi.dll
0x00007ffa55740000 - 0x00007ffa55761000 	C:\Windows\SYSTEM32\profapi.dll
0x00007ffa47c00000 - 0x00007ffa47c19000 	C:\Users\murug\.p2\pool\plugins\org.eclipse.justj.openjdk.hotspot.jre.full.win32.x86_64_17.0.4.v20220903-1038\jre\bin\net.dll
0x00007ffa4ce90000 - 0x00007ffa4cfa4000 	C:\Windows\SYSTEM32\WINHTTP.dll
0x00007ffa54e20000 - 0x00007ffa54e87000 	C:\Windows\system32\mswsock.dll
0x00007ffa41950000 - 0x00007ffa41965000 	C:\Users\murug\.p2\pool\plugins\org.eclipse.justj.openjdk.hotspot.jre.full.win32.x86_64_17.0.4.v20220903-1038\jre\bin\nio.dll
0x00007ffa263f0000 - 0x00007ffa2657e000 	C:\Users\murug\.p2\pool\plugins\org.eclipse.justj.openjdk.hotspot.jre.full.win32.x86_64_17.0.4.v20220903-1038\jre\bin\awt.dll
0x00007ffa58220000 - 0x00007ffa582f6000 	C:\Windows\System32\OLEAUT32.dll
0x00007ffa4e8d0000 - 0x00007ffa4e962000 	C:\Windows\SYSTEM32\apphelp.dll
0x00007ffa52df0000 - 0x00007ffa52e1f000 	C:\Windows\system32\DWMAPI.DLL
0x00007ffa4e9c0000 - 0x00007ffa4ea6c000 	C:\Windows\system32\uxtheme.dll
0x00007ffa56770000 - 0x00007ffa5688d000 	C:\Windows\System32\MSCTF.dll
0x00007ffa57030000 - 0x00007ffa571ca000 	C:\Windows\System32\ole32.dll
0x00007ffa20ca0000 - 0x00007ffa20da1000 	C:\Windows\system32\opengl32.dll
0x00007ffa253a0000 - 0x00007ffa253cd000 	C:\Windows\SYSTEM32\GLU32.dll
0x00007ffa52c70000 - 0x00007ffa52ca8000 	C:\Windows\SYSTEM32\dxcore.dll
0x00007ffa31890000 - 0x00007ffa31916000 	C:\Users\murug\.p2\pool\plugins\org.eclipse.justj.openjdk.hotspot.jre.full.win32.x86_64_17.0.4.v20220903-1038\jre\bin\freetype.dll
0x00007ffa26340000 - 0x00007ffa263e8000 	C:\Users\murug\.p2\pool\plugins\org.eclipse.justj.openjdk.hotspot.jre.full.win32.x86_64_17.0.4.v20220903-1038\jre\bin\fontmanager.dll
0x00007ffa2e3d0000 - 0x00007ffa2e4fd000 	C:\Windows\SYSTEM32\textinputframework.dll
0x00007ffa4aa30000 - 0x00007ffa4aa41000 	C:\Users\murug\.p2\pool\plugins\org.eclipse.justj.openjdk.hotspot.jre.full.win32.x86_64_17.0.4.v20220903-1038\jre\bin\jsound.dll
0x00007ffa26250000 - 0x00007ffa262f2000 	C:\Windows\SYSTEM32\DSOUND.dll
0x00007ffa54190000 - 0x00007ffa541dd000 	C:\Windows\SYSTEM32\powrprof.dll
0x00007ffa22d80000 - 0x00007ffa22e31000 	C:\Windows\SYSTEM32\ResampleDmo.DLL
0x00007ffa385a0000 - 0x00007ffa385c9000 	C:\Windows\SYSTEM32\winmmbase.dll
0x00007ffa48e50000 - 0x00007ffa48e5b000 	C:\Windows\SYSTEM32\msdmo.dll
0x00007ffa54280000 - 0x00007ffa54293000 	C:\Windows\SYSTEM32\UMPDC.dll
0x00007ffa58160000 - 0x00007ffa58215000 	C:\Windows\System32\clbcatq.dll
0x00007ffa4a5e0000 - 0x00007ffa4a67b000 	C:\Windows\System32\MMDevApi.dll
0x00007ffa554e0000 - 0x00007ffa5550c000 	C:\Windows\System32\DEVOBJ.dll
0x00007ffa55510000 - 0x00007ffa5555c000 	C:\Windows\SYSTEM32\cfgmgr32.dll
0x00007ff9fd150000 - 0x00007ff9fd196000 	C:\Windows\SYSTEM32\wdmaud.drv
0x00007ffa37960000 - 0x00007ffa37969000 	C:\Windows\SYSTEM32\ksuser.dll
0x00007ffa4bd40000 - 0x00007ffa4bd4b000 	C:\Windows\SYSTEM32\AVRT.dll
0x00007ffa386c0000 - 0x00007ffa38893000 	C:\Windows\SYSTEM32\AUDIOSES.DLL
0x00007ff9fd140000 - 0x00007ff9fd14d000 	C:\Windows\SYSTEM32\msacm32.drv
0x00007ff9fd120000 - 0x00007ff9fd13e000 	C:\Windows\SYSTEM32\MSACM32.dll
0x00007ff9fd110000 - 0x00007ff9fd11b000 	C:\Windows\SYSTEM32\midimap.dll
0x00007ffa52cf0000 - 0x00007ffa52d05000 	C:\Windows\SYSTEM32\resourcepolicyclient.dll
0x00007ffa30f60000 - 0x00007ffa310e8000 	C:\Windows\System32\Windows.UI.dll
0x00007ffa4e750000 - 0x00007ffa4e881000 	C:\Windows\SYSTEM32\CoreMessaging.dll
0x00007ffa462a0000 - 0x00007ffa4660d000 	C:\Windows\SYSTEM32\CoreUIComponents.dll
0x00007ffa55080000 - 0x00007ffa5508c000 	C:\Windows\SYSTEM32\CRYPTBASE.DLL
0x00007ffa45480000 - 0x00007ffa4562e000 	C:\Windows\SYSTEM32\WindowsCodecs.dll
0x00007ffa49070000 - 0x00007ffa490cd000 	C:\Windows\system32\dataexchange.dll
0x00007ffa4c9b0000 - 0x00007ffa4cc16000 	C:\Windows\system32\twinapi.appcore.dll

dbghelp: loaded successfully - version: 4.0.5 - missing functions: none
symbol engine: initialized successfully - sym options: 0x614 - pdb path: .;C:\Users\murug\.p2\pool\plugins\org.eclipse.justj.openjdk.hotspot.jre.full.win32.x86_64_17.0.4.v20220903-1038\jre\bin;C:\Windows\SYSTEM32;C:\Windows\WinSxS\amd64_microsoft.windows.common-controls_6595b64144ccf1df_6.0.22000.120_none_9d947278b86cc467;C:\Users\murug\.p2\pool\plugins\org.eclipse.justj.openjdk.hotspot.jre.full.win32.x86_64_17.0.4.v20220903-1038\jre\bin\server

VM Arguments:
jvm_args: -Dfile.encoding=UTF-8 -XX:+ShowCodeDetailsInExceptionMessages 
java_command: Application
java_class_path (initial): C:\Users\murug\eclipse-workspace\FSP - Shathviki Krishnaraj\bin
Launcher Type: SUN_STANDARD

[Global flags]
     intx CICompilerCount                          = 4                                         {product} {ergonomic}
     uint ConcGCThreads                            = 2                                         {product} {ergonomic}
     uint G1ConcRefinementThreads                  = 8                                         {product} {ergonomic}
   size_t G1HeapRegionSize                         = 1048576                                   {product} {ergonomic}
    uintx GCDrainStackTargetSize                   = 64                                        {product} {ergonomic}
   size_t InitialHeapSize                          = 130023424                                 {product} {ergonomic}
   size_t MarkStackSize                            = 4194304                                   {product} {ergonomic}
   size_t MaxHeapSize                              = 2071986176                                {product} {ergonomic}
   size_t MaxNewSize                               = 1242562560                                {product} {ergonomic}
   size_t MinHeapDeltaBytes                        = 1048576                                   {product} {ergonomic}
   size_t MinHeapSize                              = 8388608                                   {product} {ergonomic}
    uintx NonNMethodCodeHeapSize                   = 5839372                                {pd product} {ergonomic}
    uintx NonProfiledCodeHeapSize                  = 122909434                              {pd product} {ergonomic}
    uintx ProfiledCodeHeapSize                     = 122909434                              {pd product} {ergonomic}
    uintx ReservedCodeCacheSize                    = 251658240                              {pd product} {ergonomic}
     bool SegmentedCodeCache                       = true                                      {product} {ergonomic}
     bool ShowCodeDetailsInExceptionMessages       = true                                   {manageable} {command line}
   size_t SoftMaxHeapSize                          = 2071986176                             {manageable} {ergonomic}
     bool UseCompressedClassPointers               = true                           {product lp64_product} {ergonomic}
     bool UseCompressedOops                        = true                           {product lp64_product} {ergonomic}
     bool UseG1GC                                  = true                                      {product} {ergonomic}
     bool UseLargePagesIndividualAllocation        = false                                  {pd product} {ergonomic}

Logging:
Log output configuration:
 #0: stdout all=warning uptime,level,tags
 #1: stderr all=off uptime,level,tags

Environment Variables:
PATH=C:/Users/murug/.p2/pool/plugins/org.eclipse.justj.openjdk.hotspot.jre.full.win32.x86_64_17.0.4.v20220903-1038/jre/bin/server;C:/Users/murug/.p2/pool/plugins/org.eclipse.justj.openjdk.hotspot.jre.full.win32.x86_64_17.0.4.v20220903-1038/jre/bin;C:\Windows\system32;C:\Windows;C:\Windows\System32\Wbem;C:\Windows\System32\WindowsPowerShell\v1.0\;C:\Windows\System32\OpenSSH\;C:\Program Files\dotnet\;C:\Program Files\nodejs\;C:\Users\murug\AppData\Local\Microsoft\WindowsApps;C:\Users\murug\AppData\Roaming\npm;C:\Users\murug\AppData\Local\Programs\Microsoft VS Code\bin;C:\Windows;
USERNAME=murug
OS=Windows_NT
PROCESSOR_IDENTIFIER=Intel64 Family 6 Model 140 Stepping 1, GenuineIntel
TMP=C:\Users\murug\AppData\Local\Temp
TEMP=C:\Users\murug\AppData\Local\Temp



---------------  S Y S T E M  ---------------

OS:
 Windows 11 , 64 bit Build 22000 (10.0.22000.1335)
OS uptime: 8 days 19:37 hours

CPU: total 8 (initial active 8) (4 cores per cpu, 2 threads per core) family 6 model 140 stepping 1 microcode 0xa4, cx8, cmov, fxsr, ht, mmx, 3dnowpref, sse, sse2, sse3, ssse3, sse4.1, sse4.2, popcnt, lzcnt, tsc, tscinvbit, avx, avx2, aes, erms, clmul, bmi1, bmi2, adx, avx512f, avx512dq, avx512cd, avx512bw, avx512vl, sha, fma, vzeroupper, avx512_vpopcntdq, avx512_vpclmulqdq, avx512_vaes, avx512_vnni, clflush, clflushopt, clwb, avx512_vbmi2, avx512_vbmi

Memory: 4k page, system-wide physical 7898M (327M free)
TotalPageFile size 32474M (AvailPageFile size 663M)
current process WorkingSet (physical memory assigned to process): 29M, peak: 129M
current process commit charge ("private bytes"): 242M, peak: 253M

vm_info: OpenJDK 64-Bit Server VM (17.0.4.1+1) for windows-amd64 JRE (17.0.4.1+1), built on Aug 17 2022 07:42:43 by "temurin" with MS VC++ 16.7 (VS2019)

END.
