#
# There is insufficient memory for the Java Runtime Environment to continue.
# Native memory allocation (malloc) failed to allocate 1764000 bytes for AllocateHeap
# Possible reasons:
#   The system is out of physical RAM or swap space
#   The process is running with CompressedOops enabled, and the Java Heap may be blocking the growth of the native heap
# Possible solutions:
#   Reduce memory load on the system
#   Increase physical memory or swap space
#   Check if swap backing store is full
#   Decrease Java heap size (-Xmx/-Xms)
#   Decrease number of Java threads
#   Decrease Java thread stack sizes (-Xss)
#   Set larger code cache with -XX:ReservedCodeCacheSize=
#   JVM is running with Unscaled Compressed Oops mode in which the Java heap is
#     placed in the first 4GB address space. The Java Heap base address is the
#     maximum limit for the native heap growth. Please use -XX:HeapBaseMinAddress
#     to set the Java Heap base and to place the Java Heap above 4GB virtual address.
# This output file may be truncated or incomplete.
#
#  Out of Memory Error (allocation.cpp:44), pid=28384, tid=25048
#
# JRE version: OpenJDK Runtime Environment Temurin-17.0.4.1+1 (17.0.4.1+1) (build 17.0.4.1+1)
# Java VM: OpenJDK 64-Bit Server VM Temurin-17.0.4.1+1 (17.0.4.1+1, mixed mode, tiered, compressed oops, compressed class ptrs, g1 gc, windows-amd64)
# No core dump will be written. Minidumps are not enabled by default on client versions of Windows
#

---------------  S U M M A R Y ------------

Command Line: -Dfile.encoding=UTF-8 -XX:+ShowCodeDetailsInExceptionMessages Application

Host: 11th Gen Intel(R) Core(TM) i5-1135G7 @ 2.40GHz, 8 cores, 7G,  Windows 11 , 64 bit Build 22000 (10.0.22000.1335)
Time: Fri Jan 20 00:43:01 2023 Eastern Standard Time elapsed time: 0.639825 seconds (0d 0h 0m 0s)

---------------  T H R E A D  ---------------

Current thread (0x000002c0302773e0):  JavaThread "Direct Clip" daemon [_thread_in_vm, id=25048, stack(0x000000d1a3e00000,0x000000d1a3f00000)]

Stack: [0x000000d1a3e00000,0x000000d1a3f00000]
Native frames: (J=compiled Java code, j=interpreted, Vv=VM code, C=native code)
V  [jvm.dll+0x67731a]
V  [jvm.dll+0x832284]
V  [jvm.dll+0x833a2e]
V  [jvm.dll+0x834093]
V  [jvm.dll+0x245775]
V  [jvm.dll+0xa6393]
V  [jvm.dll+0x3eac63]
C  [jsound.dll+0x1526]

Java frames: (J=compiled Java code, j=interpreted, Vv=VM code)
j  com.sun.media.sound.DirectAudioDevice.nWrite(J[BIIIFF)I+0 java.desktop@17.0.4.1
j  com.sun.media.sound.DirectAudioDevice$DirectDL.write([BII)I+180 java.desktop@17.0.4.1
j  com.sun.media.sound.DirectAudioDevice$DirectClip.run()V+189 java.desktop@17.0.4.1
j  java.lang.Thread.run()V+11 java.base@17.0.4.1
v  ~StubRoutines::call_stub

---------------  P R O C E S S  ---------------

Threads class SMR info:
_java_thread_list=0x000002c030273830, length=19, elements={
0x000002c02ebb9f20, 0x000002c02ebba8d0, 0x000002c02ec07a50, 0x000002c02ec08310,
0x000002c02f802490, 0x000002c02f802d50, 0x000002c02f8214a0, 0x000002c02f8246c0,
0x000002c02f8374b0, 0x000002c02f984ac0, 0x000002c02f999cd0, 0x000002c02fca39e0,
0x000002c02fca9ef0, 0x000002c02fcaa3c0, 0x000002c02fd39010, 0x000002c03017ddd0,
0x000002c0302773e0, 0x000002c0302929a0, 0x000002c030170f30
}

Java Threads: ( => current thread )
  0x000002c02ebb9f20 JavaThread "Reference Handler" daemon [_thread_blocked, id=23320, stack(0x000000d1a2800000,0x000000d1a2900000)]
  0x000002c02ebba8d0 JavaThread "Finalizer" daemon [_thread_blocked, id=20544, stack(0x000000d1a2900000,0x000000d1a2a00000)]
  0x000002c02ec07a50 JavaThread "Signal Dispatcher" daemon [_thread_blocked, id=22588, stack(0x000000d1a2a00000,0x000000d1a2b00000)]
  0x000002c02ec08310 JavaThread "Attach Listener" daemon [_thread_blocked, id=20476, stack(0x000000d1a2b00000,0x000000d1a2c00000)]
  0x000002c02f802490 JavaThread "Service Thread" daemon [_thread_blocked, id=16024, stack(0x000000d1a2c00000,0x000000d1a2d00000)]
  0x000002c02f802d50 JavaThread "Monitor Deflation Thread" daemon [_thread_blocked, id=30952, stack(0x000000d1a2d00000,0x000000d1a2e00000)]
  0x000002c02f8214a0 JavaThread "C2 CompilerThread0" daemon [_thread_blocked, id=34544, stack(0x000000d1a2e00000,0x000000d1a2f00000)]
  0x000002c02f8246c0 JavaThread "C1 CompilerThread0" daemon [_thread_blocked, id=16720, stack(0x000000d1a2f00000,0x000000d1a3000000)]
  0x000002c02f8374b0 JavaThread "Sweeper thread" daemon [_thread_blocked, id=28588, stack(0x000000d1a3000000,0x000000d1a3100000)]
  0x000002c02f984ac0 JavaThread "Notification Thread" daemon [_thread_blocked, id=28560, stack(0x000000d1a3100000,0x000000d1a3200000)]
  0x000002c02f999cd0 JavaThread "Common-Cleaner" daemon [_thread_blocked, id=12872, stack(0x000000d1a3300000,0x000000d1a3400000)]
  0x000002c02fca39e0 JavaThread "Java2D Disposer" daemon [_thread_blocked, id=12416, stack(0x000000d1a3400000,0x000000d1a3500000)]
  0x000002c02fca9ef0 JavaThread "AWT-Shutdown" [_thread_blocked, id=12228, stack(0x000000d1a3500000,0x000000d1a3600000)]
  0x000002c02fcaa3c0 JavaThread "AWT-Windows" daemon [_thread_in_native, id=8588, stack(0x000000d1a3600000,0x000000d1a3700000)]
  0x000002c02fd39010 JavaThread "Image Fetcher 0" daemon [_thread_blocked, id=34780, stack(0x000000d1a3700000,0x000000d1a3800000)]
  0x000002c03017ddd0 JavaThread "Java Sound Event Dispatcher" daemon [_thread_blocked, id=23004, stack(0x000000d1a3a00000,0x000000d1a3b00000)]
=>0x000002c0302773e0 JavaThread "Direct Clip" daemon [_thread_in_vm, id=25048, stack(0x000000d1a3e00000,0x000000d1a3f00000)]
  0x000002c0302929a0 JavaThread "AWT-EventQueue-0" [_thread_in_native, id=21744, stack(0x000000d1a3f00000,0x000000d1a4000000)]
  0x000002c030170f30 JavaThread "DestroyJavaVM" [_thread_blocked, id=28164, stack(0x000000d1a2100000,0x000000d1a2200000)]

Other Threads:
  0x000002c02ebb57b0 VMThread "VM Thread" [stack: 0x000000d1a2700000,0x000000d1a2800000] [id=1260]
  0x000002c014ea2130 WatcherThread [stack: 0x000000d1a3200000,0x000000d1a3300000] [id=20844]
  0x000002c014e88420 GCTaskThread "GC Thread#0" [stack: 0x000000d1a2200000,0x000000d1a2300000] [id=15556]
  0x000002c014e98a60 ConcurrentGCThread "G1 Main Marker" [stack: 0x000000d1a2300000,0x000000d1a2400000] [id=32616]
  0x000002c014e99470 ConcurrentGCThread "G1 Conc#0" [stack: 0x000000d1a2400000,0x000000d1a2500000] [id=23324]
  0x000002c014f08240 ConcurrentGCThread "G1 Refine#0" [stack: 0x000000d1a2500000,0x000000d1a2600000] [id=32352]
  0x000002c02ea20090 ConcurrentGCThread "G1 Service" [stack: 0x000000d1a2600000,0x000000d1a2700000] [id=26468]

Threads with active compile tasks:

VM state: not at safepoint (normal execution)

VM Mutex/Monitor currently owned by a thread: None

Heap address: 0x0000000084800000, size: 1976 MB, Compressed Oops mode: 32-bit

CDS archive(s) not mapped
Compressed class space mapped at: 0x0000000100000000-0x0000000140000000, reserved size: 1073741824
Narrow klass base: 0x0000000000000000, Narrow klass shift: 3, Narrow klass range: 0x140000000

GC Precious Log:
 CPUs: 8 total, 8 available
 Memory: 7898M
 Large Page Support: Disabled
 NUMA Support: Disabled
 Compressed Oops: Enabled (32-bit)
 Heap Region Size: 1M
 Heap Min Capacity: 8M
 Heap Initial Capacity: 124M
 Heap Max Capacity: 1976M
 Pre-touch: Disabled
 Parallel Workers: 8
 Concurrent Workers: 2
 Concurrent Refinement Workers: 8
 Periodic GC: Disabled

Heap:
 garbage-first heap   total 126976K, used 22528K [0x0000000084800000, 0x0000000100000000)
  region size 1024K, 10 young (10240K), 0 survivors (0K)
 Metaspace       used 14886K, committed 15104K, reserved 1064960K
  class space    used 1509K, committed 1600K, reserved 1048576K

Heap Regions: E=young(eden), S=young(survivor), O=old, HS=humongous(starts), HC=humongous(continues), CS=collection set, F=free, OA=open archive, CA=closed archive, TAMS=top-at-mark-start (previous, next)
|   0|0x0000000084800000, 0x0000000084900000, 0x0000000084900000|100%|HS|  |TAMS 0x0000000084800000, 0x0000000084800000| Complete 
|   1|0x0000000084900000, 0x0000000084a00000, 0x0000000084a00000|100%|HS|  |TAMS 0x0000000084900000, 0x0000000084900000| Complete 
|   2|0x0000000084a00000, 0x0000000084b00000, 0x0000000084b00000|100%|HS|  |TAMS 0x0000000084a00000, 0x0000000084a00000| Complete 
|   3|0x0000000084b00000, 0x0000000084c00000, 0x0000000084c00000|100%|HC|  |TAMS 0x0000000084b00000, 0x0000000084b00000| Complete 
|   4|0x0000000084c00000, 0x0000000084d00000, 0x0000000084d00000|100%|HS|  |TAMS 0x0000000084c00000, 0x0000000084c00000| Complete 
|   5|0x0000000084d00000, 0x0000000084e00000, 0x0000000084e00000|100%|HC|  |TAMS 0x0000000084d00000, 0x0000000084d00000| Complete 
|   6|0x0000000084e00000, 0x0000000084f00000, 0x0000000084f00000|100%|HC|  |TAMS 0x0000000084e00000, 0x0000000084e00000| Complete 
|   7|0x0000000084f00000, 0x0000000085000000, 0x0000000085000000|100%|HC|  |TAMS 0x0000000084f00000, 0x0000000084f00000| Complete 
|   8|0x0000000085000000, 0x0000000085100000, 0x0000000085100000|100%|HC|  |TAMS 0x0000000085000000, 0x0000000085000000| Complete 
|   9|0x0000000085100000, 0x0000000085200000, 0x0000000085200000|100%|HC|  |TAMS 0x0000000085100000, 0x0000000085100000| Complete 
|  10|0x0000000085200000, 0x0000000085300000, 0x0000000085300000|100%|HC|  |TAMS 0x0000000085200000, 0x0000000085200000| Complete 
|  11|0x0000000085300000, 0x0000000085400000, 0x0000000085400000|100%|HC|  |TAMS 0x0000000085300000, 0x0000000085300000| Complete 
|  12|0x0000000085400000, 0x0000000085500000, 0x0000000085500000|100%|HC|  |TAMS 0x0000000085400000, 0x0000000085400000| Complete 
|  13|0x0000000085500000, 0x0000000085500000, 0x0000000085600000|  0%| F|  |TAMS 0x0000000085500000, 0x0000000085500000| Untracked 
|  14|0x0000000085600000, 0x0000000085600000, 0x0000000085700000|  0%| F|  |TAMS 0x0000000085600000, 0x0000000085600000| Untracked 
|  15|0x0000000085700000, 0x0000000085700000, 0x0000000085800000|  0%| F|  |TAMS 0x0000000085700000, 0x0000000085700000| Untracked 
|  16|0x0000000085800000, 0x0000000085800000, 0x0000000085900000|  0%| F|  |TAMS 0x0000000085800000, 0x0000000085800000| Untracked 
|  17|0x0000000085900000, 0x0000000085900000, 0x0000000085a00000|  0%| F|  |TAMS 0x0000000085900000, 0x0000000085900000| Untracked 
|  18|0x0000000085a00000, 0x0000000085a00000, 0x0000000085b00000|  0%| F|  |TAMS 0x0000000085a00000, 0x0000000085a00000| Untracked 
|  19|0x0000000085b00000, 0x0000000085b00000, 0x0000000085c00000|  0%| F|  |TAMS 0x0000000085b00000, 0x0000000085b00000| Untracked 
|  20|0x0000000085c00000, 0x0000000085c00000, 0x0000000085d00000|  0%| F|  |TAMS 0x0000000085c00000, 0x0000000085c00000| Untracked 
|  21|0x0000000085d00000, 0x0000000085d00000, 0x0000000085e00000|  0%| F|  |TAMS 0x0000000085d00000, 0x0000000085d00000| Untracked 
|  22|0x0000000085e00000, 0x0000000085e00000, 0x0000000085f00000|  0%| F|  |TAMS 0x0000000085e00000, 0x0000000085e00000| Untracked 
|  23|0x0000000085f00000, 0x0000000085f00000, 0x0000000086000000|  0%| F|  |TAMS 0x0000000085f00000, 0x0000000085f00000| Untracked 
|  24|0x0000000086000000, 0x0000000086000000, 0x0000000086100000|  0%| F|  |TAMS 0x0000000086000000, 0x0000000086000000| Untracked 
|  25|0x0000000086100000, 0x0000000086100000, 0x0000000086200000|  0%| F|  |TAMS 0x0000000086100000, 0x0000000086100000| Untracked 
|  26|0x0000000086200000, 0x0000000086200000, 0x0000000086300000|  0%| F|  |TAMS 0x0000000086200000, 0x0000000086200000| Untracked 
|  27|0x0000000086300000, 0x0000000086300000, 0x0000000086400000|  0%| F|  |TAMS 0x0000000086300000, 0x0000000086300000| Untracked 
|  28|0x0000000086400000, 0x0000000086400000, 0x0000000086500000|  0%| F|  |TAMS 0x0000000086400000, 0x0000000086400000| Untracked 
|  29|0x0000000086500000, 0x0000000086500000, 0x0000000086600000|  0%| F|  |TAMS 0x0000000086500000, 0x0000000086500000| Untracked 
|  30|0x0000000086600000, 0x0000000086600000, 0x0000000086700000|  0%| F|  |TAMS 0x0000000086600000, 0x0000000086600000| Untracked 
|  31|0x0000000086700000, 0x0000000086700000, 0x0000000086800000|  0%| F|  |TAMS 0x0000000086700000, 0x0000000086700000| Untracked 
|  32|0x0000000086800000, 0x0000000086800000, 0x0000000086900000|  0%| F|  |TAMS 0x0000000086800000, 0x0000000086800000| Untracked 
|  33|0x0000000086900000, 0x0000000086900000, 0x0000000086a00000|  0%| F|  |TAMS 0x0000000086900000, 0x0000000086900000| Untracked 
|  34|0x0000000086a00000, 0x0000000086a00000, 0x0000000086b00000|  0%| F|  |TAMS 0x0000000086a00000, 0x0000000086a00000| Untracked 
|  35|0x0000000086b00000, 0x0000000086b00000, 0x0000000086c00000|  0%| F|  |TAMS 0x0000000086b00000, 0x0000000086b00000| Untracked 
|  36|0x0000000086c00000, 0x0000000086c00000, 0x0000000086d00000|  0%| F|  |TAMS 0x0000000086c00000, 0x0000000086c00000| Untracked 
|  37|0x0000000086d00000, 0x0000000086d00000, 0x0000000086e00000|  0%| F|  |TAMS 0x0000000086d00000, 0x0000000086d00000| Untracked 
|  38|0x0000000086e00000, 0x0000000086e00000, 0x0000000086f00000|  0%| F|  |TAMS 0x0000000086e00000, 0x0000000086e00000| Untracked 
|  39|0x0000000086f00000, 0x0000000086f00000, 0x0000000087000000|  0%| F|  |TAMS 0x0000000086f00000, 0x0000000086f00000| Untracked 
|  40|0x0000000087000000, 0x0000000087000000, 0x0000000087100000|  0%| F|  |TAMS 0x0000000087000000, 0x0000000087000000| Untracked 
|  41|0x0000000087100000, 0x0000000087100000, 0x0000000087200000|  0%| F|  |TAMS 0x0000000087100000, 0x0000000087100000| Untracked 
|  42|0x0000000087200000, 0x0000000087200000, 0x0000000087300000|  0%| F|  |TAMS 0x0000000087200000, 0x0000000087200000| Untracked 
|  43|0x0000000087300000, 0x0000000087300000, 0x0000000087400000|  0%| F|  |TAMS 0x0000000087300000, 0x0000000087300000| Untracked 
|  44|0x0000000087400000, 0x0000000087400000, 0x0000000087500000|  0%| F|  |TAMS 0x0000000087400000, 0x0000000087400000| Untracked 
|  45|0x0000000087500000, 0x0000000087500000, 0x0000000087600000|  0%| F|  |TAMS 0x0000000087500000, 0x0000000087500000| Untracked 
|  46|0x0000000087600000, 0x0000000087600000, 0x0000000087700000|  0%| F|  |TAMS 0x0000000087600000, 0x0000000087600000| Untracked 
|  47|0x0000000087700000, 0x0000000087700000, 0x0000000087800000|  0%| F|  |TAMS 0x0000000087700000, 0x0000000087700000| Untracked 
|  48|0x0000000087800000, 0x0000000087800000, 0x0000000087900000|  0%| F|  |TAMS 0x0000000087800000, 0x0000000087800000| Untracked 
|  49|0x0000000087900000, 0x0000000087900000, 0x0000000087a00000|  0%| F|  |TAMS 0x0000000087900000, 0x0000000087900000| Untracked 
|  50|0x0000000087a00000, 0x0000000087a00000, 0x0000000087b00000|  0%| F|  |TAMS 0x0000000087a00000, 0x0000000087a00000| Untracked 
|  51|0x0000000087b00000, 0x0000000087b00000, 0x0000000087c00000|  0%| F|  |TAMS 0x0000000087b00000, 0x0000000087b00000| Untracked 
|  52|0x0000000087c00000, 0x0000000087c00000, 0x0000000087d00000|  0%| F|  |TAMS 0x0000000087c00000, 0x0000000087c00000| Untracked 
|  53|0x0000000087d00000, 0x0000000087d00000, 0x0000000087e00000|  0%| F|  |TAMS 0x0000000087d00000, 0x0000000087d00000| Untracked 
|  54|0x0000000087e00000, 0x0000000087e00000, 0x0000000087f00000|  0%| F|  |TAMS 0x0000000087e00000, 0x0000000087e00000| Untracked 
|  55|0x0000000087f00000, 0x0000000087f00000, 0x0000000088000000|  0%| F|  |TAMS 0x0000000087f00000, 0x0000000087f00000| Untracked 
|  56|0x0000000088000000, 0x0000000088000000, 0x0000000088100000|  0%| F|  |TAMS 0x0000000088000000, 0x0000000088000000| Untracked 
|  57|0x0000000088100000, 0x0000000088100000, 0x0000000088200000|  0%| F|  |TAMS 0x0000000088100000, 0x0000000088100000| Untracked 
|  58|0x0000000088200000, 0x0000000088200000, 0x0000000088300000|  0%| F|  |TAMS 0x0000000088200000, 0x0000000088200000| Untracked 
|  59|0x0000000088300000, 0x0000000088300000, 0x0000000088400000|  0%| F|  |TAMS 0x0000000088300000, 0x0000000088300000| Untracked 
|  60|0x0000000088400000, 0x0000000088400000, 0x0000000088500000|  0%| F|  |TAMS 0x0000000088400000, 0x0000000088400000| Untracked 
|  61|0x0000000088500000, 0x0000000088500000, 0x0000000088600000|  0%| F|  |TAMS 0x0000000088500000, 0x0000000088500000| Untracked 
|  62|0x0000000088600000, 0x0000000088600000, 0x0000000088700000|  0%| F|  |TAMS 0x0000000088600000, 0x0000000088600000| Untracked 
|  63|0x0000000088700000, 0x0000000088700000, 0x0000000088800000|  0%| F|  |TAMS 0x0000000088700000, 0x0000000088700000| Untracked 
|  64|0x0000000088800000, 0x0000000088800000, 0x0000000088900000|  0%| F|  |TAMS 0x0000000088800000, 0x0000000088800000| Untracked 
|  65|0x0000000088900000, 0x0000000088900000, 0x0000000088a00000|  0%| F|  |TAMS 0x0000000088900000, 0x0000000088900000| Untracked 
|  66|0x0000000088a00000, 0x0000000088a00000, 0x0000000088b00000|  0%| F|  |TAMS 0x0000000088a00000, 0x0000000088a00000| Untracked 
|  67|0x0000000088b00000, 0x0000000088b00000, 0x0000000088c00000|  0%| F|  |TAMS 0x0000000088b00000, 0x0000000088b00000| Untracked 
|  68|0x0000000088c00000, 0x0000000088c00000, 0x0000000088d00000|  0%| F|  |TAMS 0x0000000088c00000, 0x0000000088c00000| Untracked 
|  69|0x0000000088d00000, 0x0000000088d00000, 0x0000000088e00000|  0%| F|  |TAMS 0x0000000088d00000, 0x0000000088d00000| Untracked 
|  70|0x0000000088e00000, 0x0000000088e00000, 0x0000000088f00000|  0%| F|  |TAMS 0x0000000088e00000, 0x0000000088e00000| Untracked 
|  71|0x0000000088f00000, 0x0000000088f00000, 0x0000000089000000|  0%| F|  |TAMS 0x0000000088f00000, 0x0000000088f00000| Untracked 
|  72|0x0000000089000000, 0x0000000089000000, 0x0000000089100000|  0%| F|  |TAMS 0x0000000089000000, 0x0000000089000000| Untracked 
|  73|0x0000000089100000, 0x0000000089100000, 0x0000000089200000|  0%| F|  |TAMS 0x0000000089100000, 0x0000000089100000| Untracked 
|  74|0x0000000089200000, 0x0000000089200000, 0x0000000089300000|  0%| F|  |TAMS 0x0000000089200000, 0x0000000089200000| Untracked 
|  75|0x0000000089300000, 0x0000000089300000, 0x0000000089400000|  0%| F|  |TAMS 0x0000000089300000, 0x0000000089300000| Untracked 
|  76|0x0000000089400000, 0x0000000089400000, 0x0000000089500000|  0%| F|  |TAMS 0x0000000089400000, 0x0000000089400000| Untracked 
|  77|0x0000000089500000, 0x0000000089500000, 0x0000000089600000|  0%| F|  |TAMS 0x0000000089500000, 0x0000000089500000| Untracked 
|  78|0x0000000089600000, 0x0000000089600000, 0x0000000089700000|  0%| F|  |TAMS 0x0000000089600000, 0x0000000089600000| Untracked 
|  79|0x0000000089700000, 0x0000000089700000, 0x0000000089800000|  0%| F|  |TAMS 0x0000000089700000, 0x0000000089700000| Untracked 
|  80|0x0000000089800000, 0x0000000089800000, 0x0000000089900000|  0%| F|  |TAMS 0x0000000089800000, 0x0000000089800000| Untracked 
|  81|0x0000000089900000, 0x0000000089900000, 0x0000000089a00000|  0%| F|  |TAMS 0x0000000089900000, 0x0000000089900000| Untracked 
|  82|0x0000000089a00000, 0x0000000089a00000, 0x0000000089b00000|  0%| F|  |TAMS 0x0000000089a00000, 0x0000000089a00000| Untracked 
|  83|0x0000000089b00000, 0x0000000089b00000, 0x0000000089c00000|  0%| F|  |TAMS 0x0000000089b00000, 0x0000000089b00000| Untracked 
|  84|0x0000000089c00000, 0x0000000089c00000, 0x0000000089d00000|  0%| F|  |TAMS 0x0000000089c00000, 0x0000000089c00000| Untracked 
|  85|0x0000000089d00000, 0x0000000089d00000, 0x0000000089e00000|  0%| F|  |TAMS 0x0000000089d00000, 0x0000000089d00000| Untracked 
|  86|0x0000000089e00000, 0x0000000089e00000, 0x0000000089f00000|  0%| F|  |TAMS 0x0000000089e00000, 0x0000000089e00000| Untracked 
|  87|0x0000000089f00000, 0x0000000089f00000, 0x000000008a000000|  0%| F|  |TAMS 0x0000000089f00000, 0x0000000089f00000| Untracked 
|  88|0x000000008a000000, 0x000000008a000000, 0x000000008a100000|  0%| F|  |TAMS 0x000000008a000000, 0x000000008a000000| Untracked 
|  89|0x000000008a100000, 0x000000008a100000, 0x000000008a200000|  0%| F|  |TAMS 0x000000008a100000, 0x000000008a100000| Untracked 
|  90|0x000000008a200000, 0x000000008a200000, 0x000000008a300000|  0%| F|  |TAMS 0x000000008a200000, 0x000000008a200000| Untracked 
|  91|0x000000008a300000, 0x000000008a300000, 0x000000008a400000|  0%| F|  |TAMS 0x000000008a300000, 0x000000008a300000| Untracked 
|  92|0x000000008a400000, 0x000000008a400000, 0x000000008a500000|  0%| F|  |TAMS 0x000000008a400000, 0x000000008a400000| Untracked 
|  93|0x000000008a500000, 0x000000008a500000, 0x000000008a600000|  0%| F|  |TAMS 0x000000008a500000, 0x000000008a500000| Untracked 
|  94|0x000000008a600000, 0x000000008a600000, 0x000000008a700000|  0%| F|  |TAMS 0x000000008a600000, 0x000000008a600000| Untracked 
|  95|0x000000008a700000, 0x000000008a700000, 0x000000008a800000|  0%| F|  |TAMS 0x000000008a700000, 0x000000008a700000| Untracked 
|  96|0x000000008a800000, 0x000000008a800000, 0x000000008a900000|  0%| F|  |TAMS 0x000000008a800000, 0x000000008a800000| Untracked 
|  97|0x000000008a900000, 0x000000008a900000, 0x000000008aa00000|  0%| F|  |TAMS 0x000000008a900000, 0x000000008a900000| Untracked 
|  98|0x000000008aa00000, 0x000000008aa00000, 0x000000008ab00000|  0%| F|  |TAMS 0x000000008aa00000, 0x000000008aa00000| Untracked 
|  99|0x000000008ab00000, 0x000000008ab00000, 0x000000008ac00000|  0%| F|  |TAMS 0x000000008ab00000, 0x000000008ab00000| Untracked 
| 100|0x000000008ac00000, 0x000000008ac00000, 0x000000008ad00000|  0%| F|  |TAMS 0x000000008ac00000, 0x000000008ac00000| Untracked 
| 101|0x000000008ad00000, 0x000000008ad00000, 0x000000008ae00000|  0%| F|  |TAMS 0x000000008ad00000, 0x000000008ad00000| Untracked 
| 102|0x000000008ae00000, 0x000000008ae00000, 0x000000008af00000|  0%| F|  |TAMS 0x000000008ae00000, 0x000000008ae00000| Untracked 
| 103|0x000000008af00000, 0x000000008af00000, 0x000000008b000000|  0%| F|  |TAMS 0x000000008af00000, 0x000000008af00000| Untracked 
| 104|0x000000008b000000, 0x000000008b000000, 0x000000008b100000|  0%| F|  |TAMS 0x000000008b000000, 0x000000008b000000| Untracked 
| 105|0x000000008b100000, 0x000000008b100000, 0x000000008b200000|  0%| F|  |TAMS 0x000000008b100000, 0x000000008b100000| Untracked 
| 106|0x000000008b200000, 0x000000008b200000, 0x000000008b300000|  0%| F|  |TAMS 0x000000008b200000, 0x000000008b200000| Untracked 
| 107|0x000000008b300000, 0x000000008b300000, 0x000000008b400000|  0%| F|  |TAMS 0x000000008b300000, 0x000000008b300000| Untracked 
| 108|0x000000008b400000, 0x000000008b400000, 0x000000008b500000|  0%| F|  |TAMS 0x000000008b400000, 0x000000008b400000| Untracked 
| 109|0x000000008b500000, 0x000000008b500000, 0x000000008b600000|  0%| F|  |TAMS 0x000000008b500000, 0x000000008b500000| Untracked 
| 110|0x000000008b600000, 0x000000008b600000, 0x000000008b700000|  0%| F|  |TAMS 0x000000008b600000, 0x000000008b600000| Untracked 
| 111|0x000000008b700000, 0x000000008b700000, 0x000000008b800000|  0%| F|  |TAMS 0x000000008b700000, 0x000000008b700000| Untracked 
| 112|0x000000008b800000, 0x000000008b800000, 0x000000008b900000|  0%| F|  |TAMS 0x000000008b800000, 0x000000008b800000| Untracked 
| 113|0x000000008b900000, 0x000000008b900000, 0x000000008ba00000|  0%| F|  |TAMS 0x000000008b900000, 0x000000008b900000| Untracked 
| 114|0x000000008ba00000, 0x000000008bafc890, 0x000000008bb00000| 98%| E|  |TAMS 0x000000008ba00000, 0x000000008ba00000| Complete 
| 115|0x000000008bb00000, 0x000000008bc00000, 0x000000008bc00000|100%| E|CS|TAMS 0x000000008bb00000, 0x000000008bb00000| Complete 
| 116|0x000000008bc00000, 0x000000008bd00000, 0x000000008bd00000|100%| E|CS|TAMS 0x000000008bc00000, 0x000000008bc00000| Complete 
| 117|0x000000008bd00000, 0x000000008be00000, 0x000000008be00000|100%| E|CS|TAMS 0x000000008bd00000, 0x000000008bd00000| Complete 
| 118|0x000000008be00000, 0x000000008bf00000, 0x000000008bf00000|100%| E|CS|TAMS 0x000000008be00000, 0x000000008be00000| Complete 
| 119|0x000000008bf00000, 0x000000008c000000, 0x000000008c000000|100%| E|CS|TAMS 0x000000008bf00000, 0x000000008bf00000| Complete 
| 120|0x000000008c000000, 0x000000008c100000, 0x000000008c100000|100%| E|CS|TAMS 0x000000008c000000, 0x000000008c000000| Complete 
| 121|0x000000008c100000, 0x000000008c200000, 0x000000008c200000|100%| E|CS|TAMS 0x000000008c100000, 0x000000008c100000| Complete 
| 122|0x000000008c200000, 0x000000008c300000, 0x000000008c300000|100%| E|CS|TAMS 0x000000008c200000, 0x000000008c200000| Complete 
| 123|0x000000008c300000, 0x000000008c400000, 0x000000008c400000|100%| E|CS|TAMS 0x000000008c300000, 0x000000008c300000| Complete 

Card table byte_map: [0x000002c027c10000,0x000002c027ff0000] _byte_map_base: 0x000002c0277ec000

Marking Bits (Prev, Next): (CMBitMap*) 0x000002c014e88a30, (CMBitMap*) 0x000002c014e88a70
 Prev Bits: [0x000002c0283d0000, 0x000002c02a2b0000)
 Next Bits: [0x000002c02a2b0000, 0x000002c02c190000)

Polling page: 0x000002c012e10000

Metaspace:

Usage:
  Non-class:     13.06 MB used.
      Class:      1.47 MB used.
       Both:     14.54 MB used.

Virtual space:
  Non-class space:       16.00 MB reserved,      13.19 MB ( 82%) committed,  2 nodes.
      Class space:        1.00 GB reserved,       1.56 MB ( <1%) committed,  1 nodes.
             Both:        1.02 GB reserved,      14.75 MB (  1%) committed. 

Chunk freelists:
   Non-Class:  2.48 MB
       Class:  2.25 MB
        Both:  4.73 MB

MaxMetaspaceSize: unlimited
CompressedClassSpaceSize: 1.00 GB
Initial GC threshold: 21.00 MB
Current GC threshold: 21.00 MB
CDS: off
MetaspaceReclaimPolicy: balanced
 - commit_granule_bytes: 65536.
 - commit_granule_words: 8192.
 - virtual_space_node_default_size: 1048576.
 - enlarge_chunks_in_place: 1.
 - new_chunks_are_fully_committed: 0.
 - uncommit_free_chunks: 1.
 - use_allocation_guard: 0.
 - handle_deallocations: 1.


Internal statistics:

num_allocs_failed_limit: 0.
num_arena_births: 120.
num_arena_deaths: 0.
num_vsnodes_births: 3.
num_vsnodes_deaths: 0.
num_space_committed: 236.
num_space_uncommitted: 0.
num_chunks_returned_to_freelist: 0.
num_chunks_taken_from_freelist: 180.
num_chunk_merges: 0.
num_chunk_splits: 99.
num_chunks_enlarged: 53.
num_purges: 0.
num_inconsistent_stats: 0.

CodeHeap 'non-profiled nmethods': size=120000Kb used=286Kb max_used=286Kb free=119713Kb
 bounds [0x000002c01ffd0000, 0x000002c020240000, 0x000002c027500000]
CodeHeap 'profiled nmethods': size=120000Kb used=1554Kb max_used=1554Kb free=118446Kb
 bounds [0x000002c018aa0000, 0x000002c018d10000, 0x000002c01ffd0000]
CodeHeap 'non-nmethods': size=5760Kb used=1296Kb max_used=1310Kb free=4463Kb
 bounds [0x000002c018500000, 0x000002c018770000, 0x000002c018aa0000]
 total_blobs=1594 nmethods=978 adapters=529
 compilation: enabled
              stopped_count=0, restarted_count=0
 full_count=0

Compilation events (20 events):
Event: 0.544 Thread 0x000002c02f8246c0 nmethod 966 0x000002c020016990 code [0x000002c020016b20, 0x000002c020016bf8]
Event: 0.544 Thread 0x000002c02f8246c0  967       1       java.awt.Component::getGraphicsConfiguration_NoClientCode (5 bytes)
Event: 0.544 Thread 0x000002c02f8246c0 nmethod 967 0x000002c020016c90 code [0x000002c020016e20, 0x000002c020016ef8]
Event: 0.544 Thread 0x000002c02f8246c0  971       3       sun.nio.ch.IOUtil::read (14 bytes)
Event: 0.544 Thread 0x000002c02f8246c0 nmethod 971 0x000002c018c20490 code [0x000002c018c20620, 0x000002c018c20748]
Event: 0.544 Thread 0x000002c02f8246c0  972   !   3       sun.nio.ch.IOUtil::read (133 bytes)
Event: 0.545 Thread 0x000002c02f8214a0 nmethod 970 0x000002c020016f90 code [0x000002c020017100, 0x000002c020017218]
Event: 0.545 Thread 0x000002c02f8246c0 nmethod 972 0x000002c018c20810 code [0x000002c018c20a80, 0x000002c018c213a8]
Event: 0.545 Thread 0x000002c02f8246c0  973   !   3       sun.nio.ch.IOUtil::readIntoNativeBuffer (173 bytes)
Event: 0.545 Thread 0x000002c02f8214a0  977  s    4       sun.java2d.loops.GraphicsPrimitive::makeUniqueID (26 bytes)
Event: 0.545 Thread 0x000002c02f8246c0 nmethod 973 0x000002c018c21790 code [0x000002c018c21a60, 0x000002c018c22838]
Event: 0.545 Thread 0x000002c02f8246c0  974       3       sun.nio.ch.IOUtil::acquireScope (11 bytes)
Event: 0.545 Thread 0x000002c02f8246c0 nmethod 974 0x000002c018c22f10 code [0x000002c018c230c0, 0x000002c018c23208]
Event: 0.545 Thread 0x000002c02f8246c0  975       3       java.nio.Buffer$1::acquireScope (41 bytes)
Event: 0.545 Thread 0x000002c02f8246c0 nmethod 975 0x000002c018c23290 code [0x000002c018c23480, 0x000002c018c23998]
Event: 0.545 Thread 0x000002c02f8246c0  976   !   3       sun.nio.ch.IOUtil::releaseScope (31 bytes)
Event: 0.546 Thread 0x000002c02f8246c0 nmethod 976 0x000002c018c23b90 code [0x000002c018c23d60, 0x000002c018c24088]
Event: 0.546 Thread 0x000002c02f8214a0 nmethod 977 0x000002c020017410 code [0x000002c0200175a0, 0x000002c0200177b8]
Event: 0.551 Thread 0x000002c02f8246c0  978       3       java.lang.ref.WeakReference::<init> (6 bytes)
Event: 0.552 Thread 0x000002c02f8246c0 nmethod 978 0x000002c018c24210 code [0x000002c018c243c0, 0x000002c018c246d8]

GC Heap History (0 events):
No events

Deoptimization events (20 events):
Event: 0.475 Thread 0x000002c0302929a0 Uncommon trap: trap_request=0xffffff45 fr.pc=0x000002c02000bb60 relative=0x00000000000004a0
Event: 0.475 Thread 0x000002c0302929a0 Uncommon trap: reason=unstable_if action=reinterpret pc=0x000002c02000bb60 method=java.lang.StringLatin1.toLowerCase(Ljava/lang/String;[BLjava/util/Locale;)Ljava/lang/String; @ 43 c2
Event: 0.475 Thread 0x000002c0302929a0 DEOPT PACKING pc=0x000002c02000bb60 sp=0x000000d1a3ffc740
Event: 0.475 Thread 0x000002c0302929a0 DEOPT UNPACKING pc=0x000002c018555c23 sp=0x000000d1a3ffc6b0 mode 2
Event: 0.501 Thread 0x000002c0302929a0 Uncommon trap: trap_request=0xffffffc6 fr.pc=0x000002c02000d334 relative=0x00000000000005f4
Event: 0.501 Thread 0x000002c0302929a0 Uncommon trap: reason=bimorphic_or_optimized_type_check action=maybe_recompile pc=0x000002c02000d334 method=java.util.HashMap.getNode(Ljava/lang/Object;)Ljava/util/HashMap$Node; @ 63 c2
Event: 0.501 Thread 0x000002c0302929a0 DEOPT PACKING pc=0x000002c02000d334 sp=0x000000d1a3ffcc00
Event: 0.501 Thread 0x000002c0302929a0 DEOPT UNPACKING pc=0x000002c018555c23 sp=0x000000d1a3ffcb78 mode 2
Event: 0.504 Thread 0x000002c0302929a0 Uncommon trap: trap_request=0xffffffc6 fr.pc=0x000002c02000d334 relative=0x00000000000005f4
Event: 0.504 Thread 0x000002c0302929a0 Uncommon trap: reason=bimorphic_or_optimized_type_check action=maybe_recompile pc=0x000002c02000d334 method=java.util.HashMap.getNode(Ljava/lang/Object;)Ljava/util/HashMap$Node; @ 63 c2
Event: 0.504 Thread 0x000002c0302929a0 DEOPT PACKING pc=0x000002c02000d334 sp=0x000000d1a3ffcbf0
Event: 0.504 Thread 0x000002c0302929a0 DEOPT UNPACKING pc=0x000002c018555c23 sp=0x000000d1a3ffcb68 mode 2
Event: 0.515 Thread 0x000002c0302929a0 Uncommon trap: trap_request=0xffffffc6 fr.pc=0x000002c02000d334 relative=0x00000000000005f4
Event: 0.515 Thread 0x000002c0302929a0 Uncommon trap: reason=bimorphic_or_optimized_type_check action=maybe_recompile pc=0x000002c02000d334 method=java.util.HashMap.getNode(Ljava/lang/Object;)Ljava/util/HashMap$Node; @ 63 c2
Event: 0.515 Thread 0x000002c0302929a0 DEOPT PACKING pc=0x000002c02000d334 sp=0x000000d1a3ffcc00
Event: 0.515 Thread 0x000002c0302929a0 DEOPT UNPACKING pc=0x000002c018555c23 sp=0x000000d1a3ffcb78 mode 2
Event: 0.519 Thread 0x000002c0302929a0 Uncommon trap: trap_request=0xffffffc6 fr.pc=0x000002c02000d334 relative=0x00000000000005f4
Event: 0.519 Thread 0x000002c0302929a0 Uncommon trap: reason=bimorphic_or_optimized_type_check action=maybe_recompile pc=0x000002c02000d334 method=java.util.HashMap.getNode(Ljava/lang/Object;)Ljava/util/HashMap$Node; @ 63 c2
Event: 0.519 Thread 0x000002c0302929a0 DEOPT PACKING pc=0x000002c02000d334 sp=0x000000d1a3ffcc00
Event: 0.519 Thread 0x000002c0302929a0 DEOPT UNPACKING pc=0x000002c018555c23 sp=0x000000d1a3ffcb78 mode 2

Classes unloaded (0 events):
No events

Classes redefined (0 events):
No events

Internal exceptions (13 events):
Event: 0.137 Thread 0x000002c014e2eea0 Exception <a 'java/lang/ClassNotFoundException'{0x000000008c2f87c0}: sun/awt/resources/spi/awtProvider> (0x000000008c2f87c0) 
thrown [s\src\hotspot\share\classfile\systemDictionary.cpp, line 256]
Event: 0.152 Thread 0x000002c014e2eea0 Exception <a 'java/io/FileNotFoundException'{0x000000008c14aab8}> (0x000000008c14aab8) 
thrown [s\src\hotspot\share\prims\jni.cpp, line 516]
Event: 0.156 Thread 0x000002c014e2eea0 Exception <a 'java/io/FileNotFoundException'{0x000000008c177a30}> (0x000000008c177a30) 
thrown [s\src\hotspot\share\prims\jni.cpp, line 516]
Event: 0.195 Thread 0x000002c014e2eea0 Exception <a 'java/lang/NoSuchMethodError'{0x000000008c1c3cc8}: 'java.lang.Object java.lang.invoke.DirectMethodHandle$Holder.invokeStaticInit(java.lang.Object)'> (0x000000008c1c3cc8) 
thrown [s\src\hotspot\share\interpreter\linkResolver.cpp, line 759]
Event: 0.219 Thread 0x000002c014e2eea0 Exception <a 'java/lang/NoSuchMethodError'{0x000000008c01eb80}: 'void java.lang.invoke.DirectMethodHandle$Holder.invokeSpecial(java.lang.Object, java.lang.Object, java.lang.Object)'> (0x000000008c01eb80) 
thrown [s\src\hotspot\share\interpreter\linkResolver.cpp, line 759]
Event: 0.224 Thread 0x000002c014e2eea0 Exception <a 'java/lang/NoSuchMethodError'{0x000000008c048d00}: 'java.lang.Object java.lang.invoke.DirectMethodHandle$Holder.newInvokeSpecial(java.lang.Object, java.lang.Object, java.lang.Object, java.lang.Object, java.lang.Object)'> (0x000000008c048d00) 
thrown [s\src\hotspot\share\interpreter\linkResolver.cpp, line 759]
Event: 0.225 Thread 0x000002c014e2eea0 Exception <a 'java/lang/NoSuchMethodError'{0x000000008c054750}: 'java.lang.Object java.lang.invoke.DirectMethodHandle$Holder.invokeStatic(java.lang.Object, int, java.lang.Object, java.lang.Object, java.lang.Object, java.lang.Object)'> (0x000000008c054750) 
thrown [s\src\hotspot\share\interpreter\linkResolver.cpp, line 759]
Event: 0.230 Thread 0x000002c014e2eea0 Exception <a 'java/lang/NoSuchMethodError'{0x000000008c07a1f8}: 'java.lang.Object java.lang.invoke.DirectMethodHandle$Holder.invokeStatic(java.lang.Object, int, java.lang.Object)'> (0x000000008c07a1f8) 
thrown [s\src\hotspot\share\interpreter\linkResolver.cpp, line 759]
Event: 0.243 Thread 0x000002c014e2eea0 Exception <a 'java/lang/ClassNotFoundException'{0x000000008bf36388}: com/sun/swing/internal/plaf/metal/resources/spi/metalProvider> (0x000000008bf36388) 
thrown [s\src\hotspot\share\classfile\systemDictionary.cpp, line 256]
Event: 0.244 Thread 0x000002c014e2eea0 Exception <a 'java/lang/ClassNotFoundException'{0x000000008bf3a210}: com/sun/swing/internal/plaf/basic/resources/spi/basicProvider> (0x000000008bf3a210) 
thrown [s\src\hotspot\share\classfile\systemDictionary.cpp, line 256]
Event: 0.256 Thread 0x000002c02fd39010 Exception <a 'java/lang/NoSuchMethodError'{0x000000008bf91378}: 'java.lang.Object java.lang.invoke.DirectMethodHandle$Holder.newInvokeSpecial(java.lang.Object, java.lang.Object, java.lang.Object, int, int, int, int, int)'> (0x000000008bf91378) 
thrown [s\src\hotspot\share\interpreter\linkResolver.cpp, line 759]
Event: 0.368 Thread 0x000002c02fcaa3c0 Exception <a 'java/lang/NoSuchMethodError'{0x000000008c1fd860}: 'void java.lang.invoke.DirectMethodHandle$Holder.invokeVirtual(java.lang.Object, java.lang.Object)'> (0x000000008c1fd860) 
thrown [s\src\hotspot\share\interpreter\linkResolver.cpp, line 759]
Event: 0.383 Thread 0x000002c014e2eea0 Exception <a 'java/lang/NoSuchMethodError'{0x000000008bc5bcd0}: 'void java.lang.invoke.DirectMethodHandle$Holder.invokeStaticInit(java.lang.Object)'> (0x000000008bc5bcd0) 
thrown [s\src\hotspot\share\interpreter\linkResolver.cpp, line 759]

VM Operations (10 events):
Event: 0.243 Executing VM operation: HandshakeAllThreads
Event: 0.243 Executing VM operation: HandshakeAllThreads done
Event: 0.302 Executing VM operation: HandshakeAllThreads
Event: 0.302 Executing VM operation: HandshakeAllThreads done
Event: 0.400 Executing VM operation: HandshakeAllThreads
Event: 0.400 Executing VM operation: HandshakeAllThreads done
Event: 0.434 Executing VM operation: HandshakeAllThreads
Event: 0.434 Executing VM operation: HandshakeAllThreads done
Event: 0.484 Executing VM operation: HandshakeAllThreads
Event: 0.484 Executing VM operation: HandshakeAllThreads done

Events (20 events):
Event: 0.544 loading class sun/awt/image/BufImgSurfaceManager
Event: 0.544 loading class sun/awt/image/BufImgSurfaceManager done
Event: 0.551 loading class java/awt/KeyboardFocusManager$3
Event: 0.551 loading class java/awt/KeyboardFocusManager$3 done
Event: 0.552 loading class java/awt/im/InputContext
Event: 0.552 loading class java/awt/im/InputContext done
Event: 0.552 loading class sun/awt/im/InputMethodContext
Event: 0.552 loading class java/awt/im/spi/InputMethodContext
Event: 0.552 loading class java/awt/im/InputMethodRequests
Event: 0.552 loading class java/awt/im/InputMethodRequests done
Event: 0.552 loading class java/awt/im/spi/InputMethodContext done
Event: 0.552 loading class sun/awt/im/InputContext
Event: 0.552 loading class sun/awt/im/InputContext done
Event: 0.552 loading class sun/awt/im/InputMethodContext done
Event: 0.552 loading class sun/awt/windows/WInputMethod
Event: 0.553 loading class sun/awt/im/InputMethodAdapter
Event: 0.553 loading class java/awt/im/spi/InputMethod
Event: 0.553 loading class java/awt/im/spi/InputMethod done
Event: 0.553 loading class sun/awt/im/InputMethodAdapter done
Event: 0.553 loading class sun/awt/windows/WInputMethod done


Dynamic libraries:
0x00007ff69f100000 - 0x00007ff69f10e000 	C:\Users\murug\.p2\pool\plugins\org.eclipse.justj.openjdk.hotspot.jre.full.win32.x86_64_17.0.4.v20220903-1038\jre\bin\javaw.exe
0x00007ffa58340000 - 0x00007ffa58549000 	C:\Windows\SYSTEM32\ntdll.dll
0x00007ffa57430000 - 0x00007ffa574ee000 	C:\Windows\System32\KERNEL32.DLL
0x00007ffa55d00000 - 0x00007ffa5607b000 	C:\Windows\System32\KERNELBASE.dll
0x00007ffa55810000 - 0x00007ffa55921000 	C:\Windows\System32\ucrtbase.dll
0x00007ffa3f8e0000 - 0x00007ffa3f8f9000 	C:\Users\murug\.p2\pool\plugins\org.eclipse.justj.openjdk.hotspot.jre.full.win32.x86_64_17.0.4.v20220903-1038\jre\bin\VCRUNTIME140.dll
0x00007ffa3f940000 - 0x00007ffa3f958000 	C:\Users\murug\.p2\pool\plugins\org.eclipse.justj.openjdk.hotspot.jre.full.win32.x86_64_17.0.4.v20220903-1038\jre\bin\jli.dll
0x00007ffa57280000 - 0x00007ffa5742d000 	C:\Windows\System32\USER32.dll
0x00007ffa49130000 - 0x00007ffa493d5000 	C:\Windows\WinSxS\amd64_microsoft.windows.common-controls_6595b64144ccf1df_6.0.22000.120_none_9d947278b86cc467\COMCTL32.dll
0x00007ffa55cd0000 - 0x00007ffa55cf6000 	C:\Windows\System32\win32u.dll
0x00007ffa56f80000 - 0x00007ffa57023000 	C:\Windows\System32\msvcrt.dll
0x00007ffa57880000 - 0x00007ffa578a9000 	C:\Windows\System32\GDI32.dll
0x00007ffa559a0000 - 0x00007ffa55ab8000 	C:\Windows\System32\gdi32full.dll
0x00007ffa55ac0000 - 0x00007ffa55b5d000 	C:\Windows\System32\msvcp_win.dll
0x00007ffa580a0000 - 0x00007ffa580d2000 	C:\Windows\System32\IMM32.DLL
0x00007ffa4a070000 - 0x00007ffa4a07c000 	C:\Users\murug\.p2\pool\plugins\org.eclipse.justj.openjdk.hotspot.jre.full.win32.x86_64_17.0.4.v20220903-1038\jre\bin\vcruntime140_1.dll
0x00007ffa32450000 - 0x00007ffa324e1000 	C:\Users\murug\.p2\pool\plugins\org.eclipse.justj.openjdk.hotspot.jre.full.win32.x86_64_17.0.4.v20220903-1038\jre\bin\msvcp140.dll
0x00007ffa050c0000 - 0x00007ffa05d06000 	C:\Users\murug\.p2\pool\plugins\org.eclipse.justj.openjdk.hotspot.jre.full.win32.x86_64_17.0.4.v20220903-1038\jre\bin\server\jvm.dll
0x00007ffa571d0000 - 0x00007ffa5727e000 	C:\Windows\System32\ADVAPI32.dll
0x00007ffa576c0000 - 0x00007ffa5775e000 	C:\Windows\System32\sechost.dll
0x00007ffa57760000 - 0x00007ffa57880000 	C:\Windows\System32\RPCRT4.dll
0x00007ffa561c0000 - 0x00007ffa561c8000 	C:\Windows\System32\PSAPI.DLL
0x00007ffa4acc0000 - 0x00007ffa4acc9000 	C:\Windows\SYSTEM32\WSOCK32.dll
0x00007ffa529a0000 - 0x00007ffa529d3000 	C:\Windows\SYSTEM32\WINMM.dll
0x00007ffa4b190000 - 0x00007ffa4b19a000 	C:\Windows\SYSTEM32\VERSION.dll
0x00007ffa57500000 - 0x00007ffa5756f000 	C:\Windows\System32\WS2_32.dll
0x00007ffa54980000 - 0x00007ffa54998000 	C:\Windows\SYSTEM32\kernel.appcore.dll
0x00007ffa4aab0000 - 0x00007ffa4aaba000 	C:\Users\murug\.p2\pool\plugins\org.eclipse.justj.openjdk.hotspot.jre.full.win32.x86_64_17.0.4.v20220903-1038\jre\bin\jimage.dll
0x00007ffa533b0000 - 0x00007ffa535d1000 	C:\Windows\SYSTEM32\DBGHELP.DLL
0x00007ffa52960000 - 0x00007ffa52991000 	C:\Windows\SYSTEM32\dbgcore.DLL
0x00007ffa56080000 - 0x00007ffa560ff000 	C:\Windows\System32\bcryptPrimitives.dll
0x00007ffa46dd0000 - 0x00007ffa46df5000 	C:\Users\murug\.p2\pool\plugins\org.eclipse.justj.openjdk.hotspot.jre.full.win32.x86_64_17.0.4.v20220903-1038\jre\bin\java.dll
0x00007ffa4a0e0000 - 0x00007ffa4a0f8000 	C:\Users\murug\.p2\pool\plugins\org.eclipse.justj.openjdk.hotspot.jre.full.win32.x86_64_17.0.4.v20220903-1038\jre\bin\zip.dll
0x00007ffa578e0000 - 0x00007ffa58097000 	C:\Windows\System32\SHELL32.dll
0x00007ffa53910000 - 0x00007ffa54175000 	C:\Windows\SYSTEM32\windows.storage.dll
0x00007ffa561d0000 - 0x00007ffa56548000 	C:\Windows\System32\combase.dll
0x00007ffa537a0000 - 0x00007ffa53906000 	C:\Windows\SYSTEM32\wintypes.dll
0x00007ffa57570000 - 0x00007ffa5765a000 	C:\Windows\System32\SHCORE.dll
0x00007ffa57660000 - 0x00007ffa576bd000 	C:\Windows\System32\shlwapi.dll
0x00007ffa55740000 - 0x00007ffa55761000 	C:\Windows\SYSTEM32\profapi.dll
0x00007ffa47c00000 - 0x00007ffa47c19000 	C:\Users\murug\.p2\pool\plugins\org.eclipse.justj.openjdk.hotspot.jre.full.win32.x86_64_17.0.4.v20220903-1038\jre\bin\net.dll
0x00007ffa4ce90000 - 0x00007ffa4cfa4000 	C:\Windows\SYSTEM32\WINHTTP.dll
0x00007ffa54e20000 - 0x00007ffa54e87000 	C:\Windows\system32\mswsock.dll
0x00007ffa41950000 - 0x00007ffa41965000 	C:\Users\murug\.p2\pool\plugins\org.eclipse.justj.openjdk.hotspot.jre.full.win32.x86_64_17.0.4.v20220903-1038\jre\bin\nio.dll
0x00007ffa263f0000 - 0x00007ffa2657e000 	C:\Users\murug\.p2\pool\plugins\org.eclipse.justj.openjdk.hotspot.jre.full.win32.x86_64_17.0.4.v20220903-1038\jre\bin\awt.dll
0x00007ffa58220000 - 0x00007ffa582f6000 	C:\Windows\System32\OLEAUT32.dll
0x00007ffa4e8d0000 - 0x00007ffa4e962000 	C:\Windows\SYSTEM32\apphelp.dll
0x00007ffa52df0000 - 0x00007ffa52e1f000 	C:\Windows\system32\DWMAPI.DLL
0x00007ffa4e9c0000 - 0x00007ffa4ea6c000 	C:\Windows\system32\uxtheme.dll
0x00007ffa20ca0000 - 0x00007ffa20da1000 	C:\Windows\system32\opengl32.dll
0x00007ffa253a0000 - 0x00007ffa253cd000 	C:\Windows\SYSTEM32\GLU32.dll
0x00007ffa52c70000 - 0x00007ffa52ca8000 	C:\Windows\SYSTEM32\dxcore.dll
0x00007ffa56770000 - 0x00007ffa5688d000 	C:\Windows\System32\MSCTF.dll
0x00007ffa57030000 - 0x00007ffa571ca000 	C:\Windows\System32\ole32.dll
0x00007ffa4aa30000 - 0x00007ffa4aa41000 	C:\Users\murug\.p2\pool\plugins\org.eclipse.justj.openjdk.hotspot.jre.full.win32.x86_64_17.0.4.v20220903-1038\jre\bin\jsound.dll
0x00007ffa26250000 - 0x00007ffa262f2000 	C:\Windows\SYSTEM32\DSOUND.dll
0x00007ffa22d80000 - 0x00007ffa22e31000 	C:\Windows\SYSTEM32\ResampleDmo.DLL
0x00007ffa385a0000 - 0x00007ffa385c9000 	C:\Windows\SYSTEM32\winmmbase.dll
0x00007ffa54190000 - 0x00007ffa541dd000 	C:\Windows\SYSTEM32\powrprof.dll
0x00007ffa48e50000 - 0x00007ffa48e5b000 	C:\Windows\SYSTEM32\msdmo.dll
0x00007ffa54280000 - 0x00007ffa54293000 	C:\Windows\SYSTEM32\UMPDC.dll
0x00007ffa58160000 - 0x00007ffa58215000 	C:\Windows\System32\clbcatq.dll
0x00007ffa4a5e0000 - 0x00007ffa4a67b000 	C:\Windows\System32\MMDevApi.dll
0x00007ffa554e0000 - 0x00007ffa5550c000 	C:\Windows\System32\DEVOBJ.dll
0x00007ffa55510000 - 0x00007ffa5555c000 	C:\Windows\SYSTEM32\cfgmgr32.dll
0x00007ff9fd150000 - 0x00007ff9fd196000 	C:\Windows\SYSTEM32\wdmaud.drv
0x00007ffa37960000 - 0x00007ffa37969000 	C:\Windows\SYSTEM32\ksuser.dll
0x00007ffa4bd40000 - 0x00007ffa4bd4b000 	C:\Windows\SYSTEM32\AVRT.dll
0x00007ffa386c0000 - 0x00007ffa38893000 	C:\Windows\SYSTEM32\AUDIOSES.DLL
0x00007ff9fd140000 - 0x00007ff9fd14d000 	C:\Windows\SYSTEM32\msacm32.drv
0x00007ff9fd120000 - 0x00007ff9fd13e000 	C:\Windows\SYSTEM32\MSACM32.dll
0x00007ff9fd110000 - 0x00007ff9fd11b000 	C:\Windows\SYSTEM32\midimap.dll
0x00007ffa52cf0000 - 0x00007ffa52d05000 	C:\Windows\SYSTEM32\resourcepolicyclient.dll
0x00007ffa30f60000 - 0x00007ffa310e8000 	C:\Windows\System32\Windows.UI.dll
0x00007ffa31890000 - 0x00007ffa31916000 	C:\Users\murug\.p2\pool\plugins\org.eclipse.justj.openjdk.hotspot.jre.full.win32.x86_64_17.0.4.v20220903-1038\jre\bin\freetype.dll
0x00007ffa26340000 - 0x00007ffa263e8000 	C:\Users\murug\.p2\pool\plugins\org.eclipse.justj.openjdk.hotspot.jre.full.win32.x86_64_17.0.4.v20220903-1038\jre\bin\fontmanager.dll
0x00007ffa2e3d0000 - 0x00007ffa2e4fd000 	C:\Windows\SYSTEM32\textinputframework.dll

dbghelp: loaded successfully - version: 4.0.5 - missing functions: none
symbol engine: initialized successfully - sym options: 0x614 - pdb path: .;C:\Users\murug\.p2\pool\plugins\org.eclipse.justj.openjdk.hotspot.jre.full.win32.x86_64_17.0.4.v20220903-1038\jre\bin;C:\Windows\SYSTEM32;C:\Windows\WinSxS\amd64_microsoft.windows.common-controls_6595b64144ccf1df_6.0.22000.120_none_9d947278b86cc467;C:\Users\murug\.p2\pool\plugins\org.eclipse.justj.openjdk.hotspot.jre.full.win32.x86_64_17.0.4.v20220903-1038\jre\bin\server

VM Arguments:
jvm_args: -Dfile.encoding=UTF-8 -XX:+ShowCodeDetailsInExceptionMessages 
java_command: Application
java_class_path (initial): C:\Users\murug\eclipse-workspace\FSP - Shathviki Krishnaraj\bin
Launcher Type: SUN_STANDARD

[Global flags]
     intx CICompilerCount                          = 4                                         {product} {ergonomic}
     uint ConcGCThreads                            = 2                                         {product} {ergonomic}
     uint G1ConcRefinementThreads                  = 8                                         {product} {ergonomic}
   size_t G1HeapRegionSize                         = 1048576                                   {product} {ergonomic}
    uintx GCDrainStackTargetSize                   = 64                                        {product} {ergonomic}
   size_t InitialHeapSize                          = 130023424                                 {product} {ergonomic}
   size_t MarkStackSize                            = 4194304                                   {product} {ergonomic}
   size_t MaxHeapSize                              = 2071986176                                {product} {ergonomic}
   size_t MaxNewSize                               = 1242562560                                {product} {ergonomic}
   size_t MinHeapDeltaBytes                        = 1048576                                   {product} {ergonomic}
   size_t MinHeapSize                              = 8388608                                   {product} {ergonomic}
    uintx NonNMethodCodeHeapSize                   = 5839372                                {pd product} {ergonomic}
    uintx NonProfiledCodeHeapSize                  = 122909434                              {pd product} {ergonomic}
    uintx ProfiledCodeHeapSize                     = 122909434                              {pd product} {ergonomic}
    uintx ReservedCodeCacheSize                    = 251658240                              {pd product} {ergonomic}
     bool SegmentedCodeCache                       = true                                      {product} {ergonomic}
     bool ShowCodeDetailsInExceptionMessages       = true                                   {manageable} {command line}
   size_t SoftMaxHeapSize                          = 2071986176                             {manageable} {ergonomic}
     bool UseCompressedClassPointers               = true                           {product lp64_product} {ergonomic}
     bool UseCompressedOops                        = true                           {product lp64_product} {ergonomic}
     bool UseG1GC                                  = true                                      {product} {ergonomic}
     bool UseLargePagesIndividualAllocation        = false                                  {pd product} {ergonomic}

Logging:
Log output configuration:
 #0: stdout all=warning uptime,level,tags
 #1: stderr all=off uptime,level,tags

Environment Variables:
PATH=C:/Users/murug/.p2/pool/plugins/org.eclipse.justj.openjdk.hotspot.jre.full.win32.x86_64_17.0.4.v20220903-1038/jre/bin/server;C:/Users/murug/.p2/pool/plugins/org.eclipse.justj.openjdk.hotspot.jre.full.win32.x86_64_17.0.4.v20220903-1038/jre/bin;C:\Windows\system32;C:\Windows;C:\Windows\System32\Wbem;C:\Windows\System32\WindowsPowerShell\v1.0\;C:\Windows\System32\OpenSSH\;C:\Program Files\dotnet\;C:\Program Files\nodejs\;C:\Users\murug\AppData\Local\Microsoft\WindowsApps;C:\Users\murug\AppData\Roaming\npm;C:\Users\murug\AppData\Local\Programs\Microsoft VS Code\bin;C:\Windows;
USERNAME=murug
OS=Windows_NT
PROCESSOR_IDENTIFIER=Intel64 Family 6 Model 140 Stepping 1, GenuineIntel
TMP=C:\Users\murug\AppData\Local\Temp
TEMP=C:\Users\murug\AppData\Local\Temp



---------------  S Y S T E M  ---------------

OS:
 Windows 11 , 64 bit Build 22000 (10.0.22000.1335)
OS uptime: 8 days 19:37 hours

CPU: total 8 (initial active 8) (4 cores per cpu, 2 threads per core) family 6 model 140 stepping 1 microcode 0xa4, cx8, cmov, fxsr, ht, mmx, 3dnowpref, sse, sse2, sse3, ssse3, sse4.1, sse4.2, popcnt, lzcnt, tsc, tscinvbit, avx, avx2, aes, erms, clmul, bmi1, bmi2, adx, avx512f, avx512dq, avx512cd, avx512bw, avx512vl, sha, fma, vzeroupper, avx512_vpopcntdq, avx512_vpclmulqdq, avx512_vaes, avx512_vnni, clflush, clflushopt, clwb, avx512_vbmi2, avx512_vbmi

Memory: 4k page, system-wide physical 7898M (362M free)
TotalPageFile size 32474M (AvailPageFile size 0M)
current process WorkingSet (physical memory assigned to process): 85M, peak: 85M
current process commit charge ("private bytes"): 221M, peak: 230M

vm_info: OpenJDK 64-Bit Server VM (17.0.4.1+1) for windows-amd64 JRE (17.0.4.1+1), built on Aug 17 2022 07:42:43 by "temurin" with MS VC++ 16.7 (VS2019)

END.
