#
# There is insufficient memory for the Java Runtime Environment to continue.
# Native memory allocation (mmap) failed to map 130023424 bytes for G1 virtual space
# Possible reasons:
#   The system is out of physical RAM or swap space
#   The process is running with CompressedOops enabled, and the Java Heap may be blocking the growth of the native heap
# Possible solutions:
#   Reduce memory load on the system
#   Increase physical memory or swap space
#   Check if swap backing store is full
#   Decrease Java heap size (-Xmx/-Xms)
#   Decrease number of Java threads
#   Decrease Java thread stack sizes (-Xss)
#   Set larger code cache with -XX:ReservedCodeCacheSize=
#   JVM is running with Unscaled Compressed Oops mode in which the Java heap is
#     placed in the first 4GB address space. The Java Heap base address is the
#     maximum limit for the native heap growth. Please use -XX:HeapBaseMinAddress
#     to set the Java Heap base and to place the Java Heap above 4GB virtual address.
# This output file may be truncated or incomplete.
#
#  Out of Memory Error (os_windows.cpp:3541), pid=24572, tid=24824
#
# JRE version:  (17.0.4.1+1) (build )
# Java VM: OpenJDK 64-Bit Server VM (17.0.4.1+1, mixed mode, sharing, tiered, compressed oops, compressed class ptrs, g1 gc, windows-amd64)
# No core dump will be written. Minidumps are not enabled by default on client versions of Windows
#

---------------  S U M M A R Y ------------

Command Line: -Dfile.encoding=UTF-8 -XX:+ShowCodeDetailsInExceptionMessages Application

Host: 11th Gen Intel(R) Core(TM) i5-1135G7 @ 2.40GHz, 8 cores, 7G,  Windows 11 , 64 bit Build 22000 (10.0.22000.1335)
Time: Mon Jan  9 23:07:34 2023 Eastern Standard Time elapsed time: 0.012893 seconds (0d 0h 0m 0s)

---------------  T H R E A D  ---------------

Current thread (0x0000024684d4ed30):  JavaThread "Unknown thread" [_thread_in_vm, id=24824, stack(0x000000cb01700000,0x000000cb01800000)]

Stack: [0x000000cb01700000,0x000000cb01800000]
Native frames: (J=compiled Java code, j=interpreted, Vv=VM code, C=native code)
V  [jvm.dll+0x67731a]
V  [jvm.dll+0x832284]
V  [jvm.dll+0x833a2e]
V  [jvm.dll+0x834093]
V  [jvm.dll+0x245775]
V  [jvm.dll+0x674209]
V  [jvm.dll+0x668a92]
V  [jvm.dll+0x30471b]
V  [jvm.dll+0x30bc66]
V  [jvm.dll+0x35ba9e]
V  [jvm.dll+0x35bccf]
V  [jvm.dll+0x2db5b8]
V  [jvm.dll+0x2dc524]
V  [jvm.dll+0x803db1]
V  [jvm.dll+0x3698f1]
V  [jvm.dll+0x7e31bc]
V  [jvm.dll+0x3ec25f]
V  [jvm.dll+0x3edde1]
C  [jli.dll+0x5277]
C  [ucrtbase.dll+0x26c0c]
C  [KERNEL32.DLL+0x155a0]
C  [ntdll.dll+0x485b]


---------------  P R O C E S S  ---------------

Threads class SMR info:
_java_thread_list=0x00007ffc56e54e98, length=0, elements={
}

Java Threads: ( => current thread )

Other Threads:
  0x0000024684da82c0 GCTaskThread "GC Thread#0" [stack: 0x000000cb01800000,0x000000cb01900000] [id=29824]
  0x0000024684db8900 ConcurrentGCThread "G1 Main Marker" [stack: 0x000000cb01900000,0x000000cb01a00000] [id=24476]
  0x0000024684db9480 ConcurrentGCThread "G1 Conc#0" [stack: 0x000000cb01a00000,0x000000cb01b00000] [id=2292]

[error occurred during error reporting (printing all threads), id 0xc0000005, EXCEPTION_ACCESS_VIOLATION (0xc0000005) at pc=0x00007ffc5662c047]

VM state: not at safepoint (not fully initialized)

VM Mutex/Monitor currently owned by a thread:  ([mutex/lock_event])
[0x0000024684d4a360] Heap_lock - owner thread: 0x0000024684d4ed30

Heap address: 0x0000000084800000, size: 1976 MB, Compressed Oops mode: 32-bit

CDS archive(s) mapped at: [0x0000000000000000-0x0000000000000000-0x0000000000000000), size 0, SharedBaseAddress: 0x0000000800000000, ArchiveRelocationMode: 0.
Narrow klass base: 0x0000000000000000, Narrow klass shift: 0, Narrow klass range: 0x0

GC Precious Log:
<Empty>

Heap:
 garbage-first heap   total 0K, used 0K [0x0000000084800000, 0x0000000100000000)
  region size 1024K, 0 young (0K), 0 survivors (0K)

[error occurred during error reporting (printing heap information), id 0xc0000005, EXCEPTION_ACCESS_VIOLATION (0xc0000005) at pc=0x00007ffc56a10699]

GC Heap History (0 events):
No events

Deoptimization events (0 events):
No events

Classes unloaded (0 events):
No events

Classes redefined (0 events):
No events

Internal exceptions (0 events):
No events

VM Operations (0 events):
No events

Events (1 events):
Event: 0.006 Loaded shared library C:\Users\murug\.p2\pool\plugins\org.eclipse.justj.openjdk.hotspot.jre.full.win32.x86_64_17.0.4.v20220903-1038\jre\bin\java.dll


Dynamic libraries:
0x00007ff66d3f0000 - 0x00007ff66d3fe000 	C:\Users\murug\.p2\pool\plugins\org.eclipse.justj.openjdk.hotspot.jre.full.win32.x86_64_17.0.4.v20220903-1038\jre\bin\javaw.exe
0x00007ffc97a40000 - 0x00007ffc97c49000 	C:\Windows\SYSTEM32\ntdll.dll
0x00007ffc96050000 - 0x00007ffc9610e000 	C:\Windows\System32\KERNEL32.DLL
0x00007ffc95120000 - 0x00007ffc9549b000 	C:\Windows\System32\KERNELBASE.dll
0x00007ffc954a0000 - 0x00007ffc955b1000 	C:\Windows\System32\ucrtbase.dll
0x00007ffc71930000 - 0x00007ffc71949000 	C:\Users\murug\.p2\pool\plugins\org.eclipse.justj.openjdk.hotspot.jre.full.win32.x86_64_17.0.4.v20220903-1038\jre\bin\VCRUNTIME140.dll
0x00007ffc71970000 - 0x00007ffc71988000 	C:\Users\murug\.p2\pool\plugins\org.eclipse.justj.openjdk.hotspot.jre.full.win32.x86_64_17.0.4.v20220903-1038\jre\bin\jli.dll
0x00007ffc97470000 - 0x00007ffc9761d000 	C:\Windows\System32\USER32.dll
0x00007ffc94f10000 - 0x00007ffc94f36000 	C:\Windows\System32\win32u.dll
0x00007ffc88a80000 - 0x00007ffc88d25000 	C:\Windows\WinSxS\amd64_microsoft.windows.common-controls_6595b64144ccf1df_6.0.22000.120_none_9d947278b86cc467\COMCTL32.dll
0x00007ffc95a60000 - 0x00007ffc95a89000 	C:\Windows\System32\GDI32.dll
0x00007ffc97740000 - 0x00007ffc977e3000 	C:\Windows\System32\msvcrt.dll
0x00007ffc94f40000 - 0x00007ffc95058000 	C:\Windows\System32\gdi32full.dll
0x00007ffc95640000 - 0x00007ffc956dd000 	C:\Windows\System32\msvcp_win.dll
0x00007ffc95a20000 - 0x00007ffc95a52000 	C:\Windows\System32\IMM32.DLL
0x00007ffc7c0b0000 - 0x00007ffc7c0bc000 	C:\Users\murug\.p2\pool\plugins\org.eclipse.justj.openjdk.hotspot.jre.full.win32.x86_64_17.0.4.v20220903-1038\jre\bin\vcruntime140_1.dll
0x00007ffc70df0000 - 0x00007ffc70e81000 	C:\Users\murug\.p2\pool\plugins\org.eclipse.justj.openjdk.hotspot.jre.full.win32.x86_64_17.0.4.v20220903-1038\jre\bin\msvcp140.dll
0x00007ffc56340000 - 0x00007ffc56f86000 	C:\Users\murug\.p2\pool\plugins\org.eclipse.justj.openjdk.hotspot.jre.full.win32.x86_64_17.0.4.v20220903-1038\jre\bin\server\jvm.dll
0x00007ffc971b0000 - 0x00007ffc9725e000 	C:\Windows\System32\ADVAPI32.dll
0x00007ffc97620000 - 0x00007ffc976be000 	C:\Windows\System32\sechost.dll
0x00007ffc977f0000 - 0x00007ffc97910000 	C:\Windows\System32\RPCRT4.dll
0x00007ffc96660000 - 0x00007ffc96668000 	C:\Windows\System32\PSAPI.DLL
0x00007ffc8a8f0000 - 0x00007ffc8a8fa000 	C:\Windows\SYSTEM32\VERSION.dll
0x00007ffc920a0000 - 0x00007ffc920d3000 	C:\Windows\SYSTEM32\WINMM.dll
0x00007ffc8a4a0000 - 0x00007ffc8a4a9000 	C:\Windows\SYSTEM32\WSOCK32.dll
0x00007ffc959b0000 - 0x00007ffc95a1f000 	C:\Windows\System32\WS2_32.dll
0x00007ffc94080000 - 0x00007ffc94098000 	C:\Windows\SYSTEM32\kernel.appcore.dll
0x00007ffc8a440000 - 0x00007ffc8a44a000 	C:\Users\murug\.p2\pool\plugins\org.eclipse.justj.openjdk.hotspot.jre.full.win32.x86_64_17.0.4.v20220903-1038\jre\bin\jimage.dll
0x00007ffc92950000 - 0x00007ffc92b71000 	C:\Windows\SYSTEM32\DBGHELP.DLL
0x00007ffc92060000 - 0x00007ffc92091000 	C:\Windows\SYSTEM32\dbgcore.DLL
0x00007ffc955c0000 - 0x00007ffc9563f000 	C:\Windows\System32\bcryptPrimitives.dll
0x00007ffc884c0000 - 0x00007ffc884e5000 	C:\Users\murug\.p2\pool\plugins\org.eclipse.justj.openjdk.hotspot.jre.full.win32.x86_64_17.0.4.v20220903-1038\jre\bin\java.dll

dbghelp: loaded successfully - version: 4.0.5 - missing functions: none
symbol engine: initialized successfully - sym options: 0x614 - pdb path: .;C:\Users\murug\.p2\pool\plugins\org.eclipse.justj.openjdk.hotspot.jre.full.win32.x86_64_17.0.4.v20220903-1038\jre\bin;C:\Windows\SYSTEM32;C:\Windows\WinSxS\amd64_microsoft.windows.common-controls_6595b64144ccf1df_6.0.22000.120_none_9d947278b86cc467;C:\Users\murug\.p2\pool\plugins\org.eclipse.justj.openjdk.hotspot.jre.full.win32.x86_64_17.0.4.v20220903-1038\jre\bin\server

VM Arguments:
jvm_args: -Dfile.encoding=UTF-8 -XX:+ShowCodeDetailsInExceptionMessages 
java_command: Application
java_class_path (initial): C:\Users\murug\eclipse-workspace\FSP - Shathviki Krishnaraj\bin
Launcher Type: SUN_STANDARD

[Global flags]
     intx CICompilerCount                          = 4                                         {product} {ergonomic}
     uint ConcGCThreads                            = 2                                         {product} {ergonomic}
     uint G1ConcRefinementThreads                  = 8                                         {product} {ergonomic}
   size_t G1HeapRegionSize                         = 1048576                                   {product} {ergonomic}
    uintx GCDrainStackTargetSize                   = 64                                        {product} {ergonomic}
   size_t InitialHeapSize                          = 130023424                                 {product} {ergonomic}
   size_t MarkStackSize                            = 4194304                                   {product} {ergonomic}
   size_t MaxHeapSize                              = 2071986176                                {product} {ergonomic}
   size_t MinHeapDeltaBytes                        = 1048576                                   {product} {ergonomic}
   size_t MinHeapSize                              = 8388608                                   {product} {ergonomic}
    uintx NonNMethodCodeHeapSize                   = 5839372                                {pd product} {ergonomic}
    uintx NonProfiledCodeHeapSize                  = 122909434                              {pd product} {ergonomic}
    uintx ProfiledCodeHeapSize                     = 122909434                              {pd product} {ergonomic}
    uintx ReservedCodeCacheSize                    = 251658240                              {pd product} {ergonomic}
     bool SegmentedCodeCache                       = true                                      {product} {ergonomic}
     bool ShowCodeDetailsInExceptionMessages       = true                                   {manageable} {command line}
   size_t SoftMaxHeapSize                          = 2071986176                             {manageable} {ergonomic}
     bool UseCompressedClassPointers               = true                           {product lp64_product} {ergonomic}
     bool UseCompressedOops                        = true                           {product lp64_product} {ergonomic}
     bool UseG1GC                                  = true                                      {product} {ergonomic}
     bool UseLargePagesIndividualAllocation        = false                                  {pd product} {ergonomic}

Logging:
Log output configuration:
 #0: stdout all=warning uptime,level,tags
 #1: stderr all=off uptime,level,tags

Environment Variables:
PATH=C:/Users/murug/.p2/pool/plugins/org.eclipse.justj.openjdk.hotspot.jre.full.win32.x86_64_17.0.4.v20220903-1038/jre/bin/server;C:/Users/murug/.p2/pool/plugins/org.eclipse.justj.openjdk.hotspot.jre.full.win32.x86_64_17.0.4.v20220903-1038/jre/bin;C:\Windows\system32;C:\Windows;C:\Windows\System32\Wbem;C:\Windows\System32\WindowsPowerShell\v1.0\;C:\Windows\System32\OpenSSH\;C:\Program Files\dotnet\;C:\Program Files\nodejs\;C:\Users\murug\AppData\Local\Microsoft\WindowsApps;C:\Users\murug\AppData\Roaming\npm;C:\Users\murug\AppData\Local\Programs\Microsoft VS Code\bin;C:\Windows\system32;
USERNAME=murug
OS=Windows_NT
PROCESSOR_IDENTIFIER=Intel64 Family 6 Model 140 Stepping 1, GenuineIntel
TMP=C:\Users\murug\AppData\Local\Temp
TEMP=C:\Users\murug\AppData\Local\Temp



---------------  S Y S T E M  ---------------

OS:
 Windows 11 , 64 bit Build 22000 (10.0.22000.1335)
OS uptime: 26 days 20:50 hours

CPU: total 8 (initial active 8) (4 cores per cpu, 2 threads per core) family 6 model 140 stepping 1 microcode 0xa4, cx8, cmov, fxsr, ht, mmx, 3dnowpref, sse, sse2, sse3, ssse3, sse4.1, sse4.2, popcnt, lzcnt, tsc, tscinvbit, avx, avx2, aes, erms, clmul, bmi1, bmi2, adx, avx512f, avx512dq, avx512cd, avx512bw, avx512vl, sha, fma, vzeroupper, avx512_vpopcntdq, avx512_vpclmulqdq, avx512_vaes, avx512_vnni, clflush, clflushopt, clwb, avx512_vbmi2, avx512_vbmi

Memory: 4k page, system-wide physical 7898M (308M free)
TotalPageFile size 32474M (AvailPageFile size 52M)
current process WorkingSet (physical memory assigned to process): 10M, peak: 10M
current process commit charge ("private bytes"): 60M, peak: 184M

vm_info: OpenJDK 64-Bit Server VM (17.0.4.1+1) for windows-amd64 JRE (17.0.4.1+1), built on Aug 17 2022 07:42:43 by "temurin" with MS VC++ 16.7 (VS2019)

END.
