#
# There is insufficient memory for the Java Runtime Environment to continue.
# Native memory allocation (malloc) failed to allocate 32744 bytes for ChunkPool::allocate
# Possible reasons:
#   The system is out of physical RAM or swap space
#   The process is running with CompressedOops enabled, and the Java Heap may be blocking the growth of the native heap
# Possible solutions:
#   Reduce memory load on the system
#   Increase physical memory or swap space
#   Check if swap backing store is full
#   Decrease Java heap size (-Xmx/-Xms)
#   Decrease number of Java threads
#   Decrease Java thread stack sizes (-Xss)
#   Set larger code cache with -XX:ReservedCodeCacheSize=
#   JVM is running with Unscaled Compressed Oops mode in which the Java heap is
#     placed in the first 4GB address space. The Java Heap base address is the
#     maximum limit for the native heap growth. Please use -XX:HeapBaseMinAddress
#     to set the Java Heap base and to place the Java Heap above 4GB virtual address.
# This output file may be truncated or incomplete.
#
#  Out of Memory Error (arena.cpp:78), pid=14636, tid=28064
#
# JRE version: OpenJDK Runtime Environment Temurin-17.0.4.1+1 (17.0.4.1+1) (build 17.0.4.1+1)
# Java VM: OpenJDK 64-Bit Server VM Temurin-17.0.4.1+1 (17.0.4.1+1, mixed mode, tiered, compressed oops, compressed class ptrs, g1 gc, windows-amd64)
# No core dump will be written. Minidumps are not enabled by default on client versions of Windows
#

---------------  S U M M A R Y ------------

Command Line: -Dfile.encoding=UTF-8 -XX:+ShowCodeDetailsInExceptionMessages Application

Host: 11th Gen Intel(R) Core(TM) i5-1135G7 @ 2.40GHz, 8 cores, 7G,  Windows 11 , 64 bit Build 22000 (10.0.22000.1335)
Time: Wed Jan 11 00:31:23 2023 Eastern Standard Time elapsed time: 116810.392565 seconds (1d 8h 26m 50s)

---------------  T H R E A D  ---------------

Current thread (0x0000027d7e42aec0):  JavaThread "C1 CompilerThread0" daemon [_thread_in_native, id=28064, stack(0x000000ff10400000,0x000000ff10500000)]


Current CompileTask:
C1:116810392  859       3       java.awt.Font::equals (131 bytes)

Stack: [0x000000ff10400000,0x000000ff10500000]
Native frames: (J=compiled Java code, j=interpreted, Vv=VM code, C=native code)
V  [jvm.dll+0x67731a]
V  [jvm.dll+0x832284]
V  [jvm.dll+0x833a2e]
V  [jvm.dll+0x834093]
V  [jvm.dll+0x245775]
V  [jvm.dll+0xabfc0]
V  [jvm.dll+0xac30c]
V  [jvm.dll+0xb7b0d]
V  [jvm.dll+0x15f68f]
V  [jvm.dll+0x15d96e]
V  [jvm.dll+0x14bc70]
V  [jvm.dll+0x1348b7]
V  [jvm.dll+0x13423f]
V  [jvm.dll+0x134476]
V  [jvm.dll+0x13390a]
V  [jvm.dll+0x1355d1]
V  [jvm.dll+0x227498]
V  [jvm.dll+0x2255e5]
V  [jvm.dll+0x7e7e9b]
V  [jvm.dll+0x7e240a]
V  [jvm.dll+0x6761a5]
C  [ucrtbase.dll+0x26c0c]
C  [KERNEL32.DLL+0x155a0]
C  [ntdll.dll+0x485b]


---------------  P R O C E S S  ---------------

Threads class SMR info:
_java_thread_list=0x0000027d7e8df5e0, length=16, elements={
0x0000027d7d8b4b50, 0x0000027d7d8b5690, 0x0000027d7d8c0e80, 0x0000027d7d8e3230,
0x0000027d7d8e3af0, 0x0000027d7e41c400, 0x0000027d7e427010, 0x0000027d7e42aec0,
0x0000027d7e42b7c0, 0x0000027d7e5888c0, 0x0000027d7e5a3020, 0x0000027d7e877af0,
0x0000027d7e87aa80, 0x0000027d7e87da10, 0x0000027d7eada660, 0x0000027d72b0e610
}

Java Threads: ( => current thread )
  0x0000027d7d8b4b50 JavaThread "Reference Handler" daemon [_thread_blocked, id=29856, stack(0x000000ff0fd00000,0x000000ff0fe00000)]
  0x0000027d7d8b5690 JavaThread "Finalizer" daemon [_thread_blocked, id=30348, stack(0x000000ff0fe00000,0x000000ff0ff00000)]
  0x0000027d7d8c0e80 JavaThread "Signal Dispatcher" daemon [_thread_blocked, id=27996, stack(0x000000ff0ff00000,0x000000ff10000000)]
  0x0000027d7d8e3230 JavaThread "Attach Listener" daemon [_thread_blocked, id=23672, stack(0x000000ff10000000,0x000000ff10100000)]
  0x0000027d7d8e3af0 JavaThread "Service Thread" daemon [_thread_blocked, id=12688, stack(0x000000ff10100000,0x000000ff10200000)]
  0x0000027d7e41c400 JavaThread "Monitor Deflation Thread" daemon [_thread_blocked, id=12432, stack(0x000000ff10200000,0x000000ff10300000)]
  0x0000027d7e427010 JavaThread "C2 CompilerThread0" daemon [_thread_in_native, id=14632, stack(0x000000ff10300000,0x000000ff10400000)]
=>0x0000027d7e42aec0 JavaThread "C1 CompilerThread0" daemon [_thread_in_native, id=28064, stack(0x000000ff10400000,0x000000ff10500000)]
  0x0000027d7e42b7c0 JavaThread "Sweeper thread" daemon [_thread_blocked, id=25900, stack(0x000000ff10500000,0x000000ff10600000)]
  0x0000027d7e5888c0 JavaThread "Notification Thread" daemon [_thread_blocked, id=37016, stack(0x000000ff10600000,0x000000ff10700000)]
  0x0000027d7e5a3020 JavaThread "Common-Cleaner" daemon [_thread_blocked, id=17520, stack(0x000000ff10800000,0x000000ff10900000)]
  0x0000027d7e877af0 JavaThread "Java2D Disposer" daemon [_thread_blocked, id=17032, stack(0x000000ff10900000,0x000000ff10a00000)]
  0x0000027d7e87aa80 JavaThread "AWT-Shutdown" [_thread_blocked, id=31488, stack(0x000000ff10a00000,0x000000ff10b00000)]
  0x0000027d7e87da10 JavaThread "AWT-Windows" daemon [_thread_in_native, id=30884, stack(0x000000ff10b00000,0x000000ff10c00000)]
  0x0000027d7eada660 JavaThread "AWT-EventQueue-0" [_thread_blocked, id=26216, stack(0x000000ff10d00000,0x000000ff10e00000)]
  0x0000027d72b0e610 JavaThread "DestroyJavaVM" [_thread_blocked, id=26596, stack(0x000000ff0f600000,0x000000ff0f700000)]

Other Threads:
  0x0000027d7d8b2610 VMThread "VM Thread" [stack: 0x000000ff0fc00000,0x000000ff0fd00000] [id=38380]
  0x0000027d7e4f2200 WatcherThread [stack: 0x000000ff10700000,0x000000ff10800000] [id=28496]
  0x0000027d72b67c00 GCTaskThread "GC Thread#0" [stack: 0x000000ff0f700000,0x000000ff0f800000] [id=31188]
  0x0000027d72b78240 ConcurrentGCThread "G1 Main Marker" [stack: 0x000000ff0f800000,0x000000ff0f900000] [id=27256]
  0x0000027d72b78c50 ConcurrentGCThread "G1 Conc#0" [stack: 0x000000ff0f900000,0x000000ff0fa00000] [id=24364]
  0x0000027d72be64f0 ConcurrentGCThread "G1 Refine#0" [stack: 0x000000ff0fa00000,0x000000ff0fb00000] [id=20308]
  0x0000027d7d700090 ConcurrentGCThread "G1 Service" [stack: 0x000000ff0fb00000,0x000000ff0fc00000] [id=24076]

Threads with active compile tasks:
C2 CompilerThread0  116810424  860       4       java.util.HashMap$HashIterator::nextNode (100 bytes)
C1 CompilerThread0  116810424  859       3       java.awt.Font::equals (131 bytes)

VM state: not at safepoint (normal execution)

VM Mutex/Monitor currently owned by a thread: None

Heap address: 0x0000000084800000, size: 1976 MB, Compressed Oops mode: 32-bit

CDS archive(s) not mapped
Compressed class space mapped at: 0x0000000100000000-0x0000000140000000, reserved size: 1073741824
Narrow klass base: 0x0000000000000000, Narrow klass shift: 3, Narrow klass range: 0x140000000

GC Precious Log:
 CPUs: 8 total, 8 available
 Memory: 7898M
 Large Page Support: Disabled
 NUMA Support: Disabled
 Compressed Oops: Enabled (32-bit)
 Heap Region Size: 1M
 Heap Min Capacity: 8M
 Heap Initial Capacity: 124M
 Heap Max Capacity: 1976M
 Pre-touch: Disabled
 Parallel Workers: 8
 Concurrent Workers: 2
 Concurrent Refinement Workers: 8
 Periodic GC: Disabled

Heap:
 garbage-first heap   total 126976K, used 31744K [0x0000000084800000, 0x0000000100000000)
  region size 1024K, 15 young (15360K), 0 survivors (0K)
 Metaspace       used 12864K, committed 13120K, reserved 1064960K
  class space    used 1280K, committed 1408K, reserved 1048576K

Heap Regions: E=young(eden), S=young(survivor), O=old, HS=humongous(starts), HC=humongous(continues), CS=collection set, F=free, OA=open archive, CA=closed archive, TAMS=top-at-mark-start (previous, next)
|   0|0x0000000084800000, 0x0000000084900000, 0x0000000084900000|100%|HS|  |TAMS 0x0000000084800000, 0x0000000084800000| Complete 
|   1|0x0000000084900000, 0x0000000084a00000, 0x0000000084a00000|100%|HC|  |TAMS 0x0000000084900000, 0x0000000084900000| Complete 
|   2|0x0000000084a00000, 0x0000000084b00000, 0x0000000084b00000|100%|HC|  |TAMS 0x0000000084a00000, 0x0000000084a00000| Complete 
|   3|0x0000000084b00000, 0x0000000084c00000, 0x0000000084c00000|100%|HC|  |TAMS 0x0000000084b00000, 0x0000000084b00000| Complete 
|   4|0x0000000084c00000, 0x0000000084d00000, 0x0000000084d00000|100%|HS|  |TAMS 0x0000000084c00000, 0x0000000084c00000| Complete 
|   5|0x0000000084d00000, 0x0000000084e00000, 0x0000000084e00000|100%|HC|  |TAMS 0x0000000084d00000, 0x0000000084d00000| Complete 
|   6|0x0000000084e00000, 0x0000000084f00000, 0x0000000084f00000|100%|HC|  |TAMS 0x0000000084e00000, 0x0000000084e00000| Complete 
|   7|0x0000000084f00000, 0x0000000085000000, 0x0000000085000000|100%|HC|  |TAMS 0x0000000084f00000, 0x0000000084f00000| Complete 
|   8|0x0000000085000000, 0x0000000085100000, 0x0000000085100000|100%|HC|  |TAMS 0x0000000085000000, 0x0000000085000000| Complete 
|   9|0x0000000085100000, 0x0000000085200000, 0x0000000085200000|100%|HC|  |TAMS 0x0000000085100000, 0x0000000085100000| Complete 
|  10|0x0000000085200000, 0x0000000085300000, 0x0000000085300000|100%|HC|  |TAMS 0x0000000085200000, 0x0000000085200000| Complete 
|  11|0x0000000085300000, 0x0000000085400000, 0x0000000085400000|100%|HC|  |TAMS 0x0000000085300000, 0x0000000085300000| Complete 
|  12|0x0000000085400000, 0x0000000085500000, 0x0000000085500000|100%|HC|  |TAMS 0x0000000085400000, 0x0000000085400000| Complete 
|  13|0x0000000085500000, 0x0000000085600000, 0x0000000085600000|100%|HS|  |TAMS 0x0000000085500000, 0x0000000085500000| Complete 
|  14|0x0000000085600000, 0x0000000085700000, 0x0000000085700000|100%|HC|  |TAMS 0x0000000085600000, 0x0000000085600000| Complete 
|  15|0x0000000085700000, 0x0000000085800000, 0x0000000085800000|100%|HC|  |TAMS 0x0000000085700000, 0x0000000085700000| Complete 
|  16|0x0000000085800000, 0x0000000085900000, 0x0000000085900000|100%|HC|  |TAMS 0x0000000085800000, 0x0000000085800000| Complete 
|  17|0x0000000085900000, 0x0000000085900000, 0x0000000085a00000|  0%| F|  |TAMS 0x0000000085900000, 0x0000000085900000| Untracked 
|  18|0x0000000085a00000, 0x0000000085a00000, 0x0000000085b00000|  0%| F|  |TAMS 0x0000000085a00000, 0x0000000085a00000| Untracked 
|  19|0x0000000085b00000, 0x0000000085b00000, 0x0000000085c00000|  0%| F|  |TAMS 0x0000000085b00000, 0x0000000085b00000| Untracked 
|  20|0x0000000085c00000, 0x0000000085c00000, 0x0000000085d00000|  0%| F|  |TAMS 0x0000000085c00000, 0x0000000085c00000| Untracked 
|  21|0x0000000085d00000, 0x0000000085d00000, 0x0000000085e00000|  0%| F|  |TAMS 0x0000000085d00000, 0x0000000085d00000| Untracked 
|  22|0x0000000085e00000, 0x0000000085e00000, 0x0000000085f00000|  0%| F|  |TAMS 0x0000000085e00000, 0x0000000085e00000| Untracked 
|  23|0x0000000085f00000, 0x0000000085f00000, 0x0000000086000000|  0%| F|  |TAMS 0x0000000085f00000, 0x0000000085f00000| Untracked 
|  24|0x0000000086000000, 0x0000000086000000, 0x0000000086100000|  0%| F|  |TAMS 0x0000000086000000, 0x0000000086000000| Untracked 
|  25|0x0000000086100000, 0x0000000086100000, 0x0000000086200000|  0%| F|  |TAMS 0x0000000086100000, 0x0000000086100000| Untracked 
|  26|0x0000000086200000, 0x0000000086200000, 0x0000000086300000|  0%| F|  |TAMS 0x0000000086200000, 0x0000000086200000| Untracked 
|  27|0x0000000086300000, 0x0000000086300000, 0x0000000086400000|  0%| F|  |TAMS 0x0000000086300000, 0x0000000086300000| Untracked 
|  28|0x0000000086400000, 0x0000000086400000, 0x0000000086500000|  0%| F|  |TAMS 0x0000000086400000, 0x0000000086400000| Untracked 
|  29|0x0000000086500000, 0x0000000086500000, 0x0000000086600000|  0%| F|  |TAMS 0x0000000086500000, 0x0000000086500000| Untracked 
|  30|0x0000000086600000, 0x0000000086600000, 0x0000000086700000|  0%| F|  |TAMS 0x0000000086600000, 0x0000000086600000| Untracked 
|  31|0x0000000086700000, 0x0000000086700000, 0x0000000086800000|  0%| F|  |TAMS 0x0000000086700000, 0x0000000086700000| Untracked 
|  32|0x0000000086800000, 0x0000000086800000, 0x0000000086900000|  0%| F|  |TAMS 0x0000000086800000, 0x0000000086800000| Untracked 
|  33|0x0000000086900000, 0x0000000086900000, 0x0000000086a00000|  0%| F|  |TAMS 0x0000000086900000, 0x0000000086900000| Untracked 
|  34|0x0000000086a00000, 0x0000000086a00000, 0x0000000086b00000|  0%| F|  |TAMS 0x0000000086a00000, 0x0000000086a00000| Untracked 
|  35|0x0000000086b00000, 0x0000000086b00000, 0x0000000086c00000|  0%| F|  |TAMS 0x0000000086b00000, 0x0000000086b00000| Untracked 
|  36|0x0000000086c00000, 0x0000000086c00000, 0x0000000086d00000|  0%| F|  |TAMS 0x0000000086c00000, 0x0000000086c00000| Untracked 
|  37|0x0000000086d00000, 0x0000000086d00000, 0x0000000086e00000|  0%| F|  |TAMS 0x0000000086d00000, 0x0000000086d00000| Untracked 
|  38|0x0000000086e00000, 0x0000000086e00000, 0x0000000086f00000|  0%| F|  |TAMS 0x0000000086e00000, 0x0000000086e00000| Untracked 
|  39|0x0000000086f00000, 0x0000000086f00000, 0x0000000087000000|  0%| F|  |TAMS 0x0000000086f00000, 0x0000000086f00000| Untracked 
|  40|0x0000000087000000, 0x0000000087000000, 0x0000000087100000|  0%| F|  |TAMS 0x0000000087000000, 0x0000000087000000| Untracked 
|  41|0x0000000087100000, 0x0000000087100000, 0x0000000087200000|  0%| F|  |TAMS 0x0000000087100000, 0x0000000087100000| Untracked 
|  42|0x0000000087200000, 0x0000000087200000, 0x0000000087300000|  0%| F|  |TAMS 0x0000000087200000, 0x0000000087200000| Untracked 
|  43|0x0000000087300000, 0x0000000087300000, 0x0000000087400000|  0%| F|  |TAMS 0x0000000087300000, 0x0000000087300000| Untracked 
|  44|0x0000000087400000, 0x0000000087400000, 0x0000000087500000|  0%| F|  |TAMS 0x0000000087400000, 0x0000000087400000| Untracked 
|  45|0x0000000087500000, 0x0000000087500000, 0x0000000087600000|  0%| F|  |TAMS 0x0000000087500000, 0x0000000087500000| Untracked 
|  46|0x0000000087600000, 0x0000000087600000, 0x0000000087700000|  0%| F|  |TAMS 0x0000000087600000, 0x0000000087600000| Untracked 
|  47|0x0000000087700000, 0x0000000087700000, 0x0000000087800000|  0%| F|  |TAMS 0x0000000087700000, 0x0000000087700000| Untracked 
|  48|0x0000000087800000, 0x0000000087800000, 0x0000000087900000|  0%| F|  |TAMS 0x0000000087800000, 0x0000000087800000| Untracked 
|  49|0x0000000087900000, 0x0000000087900000, 0x0000000087a00000|  0%| F|  |TAMS 0x0000000087900000, 0x0000000087900000| Untracked 
|  50|0x0000000087a00000, 0x0000000087a00000, 0x0000000087b00000|  0%| F|  |TAMS 0x0000000087a00000, 0x0000000087a00000| Untracked 
|  51|0x0000000087b00000, 0x0000000087b00000, 0x0000000087c00000|  0%| F|  |TAMS 0x0000000087b00000, 0x0000000087b00000| Untracked 
|  52|0x0000000087c00000, 0x0000000087c00000, 0x0000000087d00000|  0%| F|  |TAMS 0x0000000087c00000, 0x0000000087c00000| Untracked 
|  53|0x0000000087d00000, 0x0000000087d00000, 0x0000000087e00000|  0%| F|  |TAMS 0x0000000087d00000, 0x0000000087d00000| Untracked 
|  54|0x0000000087e00000, 0x0000000087e00000, 0x0000000087f00000|  0%| F|  |TAMS 0x0000000087e00000, 0x0000000087e00000| Untracked 
|  55|0x0000000087f00000, 0x0000000087f00000, 0x0000000088000000|  0%| F|  |TAMS 0x0000000087f00000, 0x0000000087f00000| Untracked 
|  56|0x0000000088000000, 0x0000000088000000, 0x0000000088100000|  0%| F|  |TAMS 0x0000000088000000, 0x0000000088000000| Untracked 
|  57|0x0000000088100000, 0x0000000088100000, 0x0000000088200000|  0%| F|  |TAMS 0x0000000088100000, 0x0000000088100000| Untracked 
|  58|0x0000000088200000, 0x0000000088200000, 0x0000000088300000|  0%| F|  |TAMS 0x0000000088200000, 0x0000000088200000| Untracked 
|  59|0x0000000088300000, 0x0000000088300000, 0x0000000088400000|  0%| F|  |TAMS 0x0000000088300000, 0x0000000088300000| Untracked 
|  60|0x0000000088400000, 0x0000000088400000, 0x0000000088500000|  0%| F|  |TAMS 0x0000000088400000, 0x0000000088400000| Untracked 
|  61|0x0000000088500000, 0x0000000088500000, 0x0000000088600000|  0%| F|  |TAMS 0x0000000088500000, 0x0000000088500000| Untracked 
|  62|0x0000000088600000, 0x0000000088600000, 0x0000000088700000|  0%| F|  |TAMS 0x0000000088600000, 0x0000000088600000| Untracked 
|  63|0x0000000088700000, 0x0000000088700000, 0x0000000088800000|  0%| F|  |TAMS 0x0000000088700000, 0x0000000088700000| Untracked 
|  64|0x0000000088800000, 0x0000000088800000, 0x0000000088900000|  0%| F|  |TAMS 0x0000000088800000, 0x0000000088800000| Untracked 
|  65|0x0000000088900000, 0x0000000088900000, 0x0000000088a00000|  0%| F|  |TAMS 0x0000000088900000, 0x0000000088900000| Untracked 
|  66|0x0000000088a00000, 0x0000000088a00000, 0x0000000088b00000|  0%| F|  |TAMS 0x0000000088a00000, 0x0000000088a00000| Untracked 
|  67|0x0000000088b00000, 0x0000000088b00000, 0x0000000088c00000|  0%| F|  |TAMS 0x0000000088b00000, 0x0000000088b00000| Untracked 
|  68|0x0000000088c00000, 0x0000000088c00000, 0x0000000088d00000|  0%| F|  |TAMS 0x0000000088c00000, 0x0000000088c00000| Untracked 
|  69|0x0000000088d00000, 0x0000000088d00000, 0x0000000088e00000|  0%| F|  |TAMS 0x0000000088d00000, 0x0000000088d00000| Untracked 
|  70|0x0000000088e00000, 0x0000000088e00000, 0x0000000088f00000|  0%| F|  |TAMS 0x0000000088e00000, 0x0000000088e00000| Untracked 
|  71|0x0000000088f00000, 0x0000000088f00000, 0x0000000089000000|  0%| F|  |TAMS 0x0000000088f00000, 0x0000000088f00000| Untracked 
|  72|0x0000000089000000, 0x0000000089000000, 0x0000000089100000|  0%| F|  |TAMS 0x0000000089000000, 0x0000000089000000| Untracked 
|  73|0x0000000089100000, 0x0000000089100000, 0x0000000089200000|  0%| F|  |TAMS 0x0000000089100000, 0x0000000089100000| Untracked 
|  74|0x0000000089200000, 0x0000000089200000, 0x0000000089300000|  0%| F|  |TAMS 0x0000000089200000, 0x0000000089200000| Untracked 
|  75|0x0000000089300000, 0x0000000089300000, 0x0000000089400000|  0%| F|  |TAMS 0x0000000089300000, 0x0000000089300000| Untracked 
|  76|0x0000000089400000, 0x0000000089400000, 0x0000000089500000|  0%| F|  |TAMS 0x0000000089400000, 0x0000000089400000| Untracked 
|  77|0x0000000089500000, 0x0000000089500000, 0x0000000089600000|  0%| F|  |TAMS 0x0000000089500000, 0x0000000089500000| Untracked 
|  78|0x0000000089600000, 0x0000000089600000, 0x0000000089700000|  0%| F|  |TAMS 0x0000000089600000, 0x0000000089600000| Untracked 
|  79|0x0000000089700000, 0x0000000089700000, 0x0000000089800000|  0%| F|  |TAMS 0x0000000089700000, 0x0000000089700000| Untracked 
|  80|0x0000000089800000, 0x0000000089800000, 0x0000000089900000|  0%| F|  |TAMS 0x0000000089800000, 0x0000000089800000| Untracked 
|  81|0x0000000089900000, 0x0000000089900000, 0x0000000089a00000|  0%| F|  |TAMS 0x0000000089900000, 0x0000000089900000| Untracked 
|  82|0x0000000089a00000, 0x0000000089a00000, 0x0000000089b00000|  0%| F|  |TAMS 0x0000000089a00000, 0x0000000089a00000| Untracked 
|  83|0x0000000089b00000, 0x0000000089b00000, 0x0000000089c00000|  0%| F|  |TAMS 0x0000000089b00000, 0x0000000089b00000| Untracked 
|  84|0x0000000089c00000, 0x0000000089c00000, 0x0000000089d00000|  0%| F|  |TAMS 0x0000000089c00000, 0x0000000089c00000| Untracked 
|  85|0x0000000089d00000, 0x0000000089d00000, 0x0000000089e00000|  0%| F|  |TAMS 0x0000000089d00000, 0x0000000089d00000| Untracked 
|  86|0x0000000089e00000, 0x0000000089e00000, 0x0000000089f00000|  0%| F|  |TAMS 0x0000000089e00000, 0x0000000089e00000| Untracked 
|  87|0x0000000089f00000, 0x0000000089f00000, 0x000000008a000000|  0%| F|  |TAMS 0x0000000089f00000, 0x0000000089f00000| Untracked 
|  88|0x000000008a000000, 0x000000008a000000, 0x000000008a100000|  0%| F|  |TAMS 0x000000008a000000, 0x000000008a000000| Untracked 
|  89|0x000000008a100000, 0x000000008a100000, 0x000000008a200000|  0%| F|  |TAMS 0x000000008a100000, 0x000000008a100000| Untracked 
|  90|0x000000008a200000, 0x000000008a200000, 0x000000008a300000|  0%| F|  |TAMS 0x000000008a200000, 0x000000008a200000| Untracked 
|  91|0x000000008a300000, 0x000000008a300000, 0x000000008a400000|  0%| F|  |TAMS 0x000000008a300000, 0x000000008a300000| Untracked 
|  92|0x000000008a400000, 0x000000008a400000, 0x000000008a500000|  0%| F|  |TAMS 0x000000008a400000, 0x000000008a400000| Untracked 
|  93|0x000000008a500000, 0x000000008a500000, 0x000000008a600000|  0%| F|  |TAMS 0x000000008a500000, 0x000000008a500000| Untracked 
|  94|0x000000008a600000, 0x000000008a600000, 0x000000008a700000|  0%| F|  |TAMS 0x000000008a600000, 0x000000008a600000| Untracked 
|  95|0x000000008a700000, 0x000000008a700000, 0x000000008a800000|  0%| F|  |TAMS 0x000000008a700000, 0x000000008a700000| Untracked 
|  96|0x000000008a800000, 0x000000008a800000, 0x000000008a900000|  0%| F|  |TAMS 0x000000008a800000, 0x000000008a800000| Untracked 
|  97|0x000000008a900000, 0x000000008a900000, 0x000000008aa00000|  0%| F|  |TAMS 0x000000008a900000, 0x000000008a900000| Untracked 
|  98|0x000000008aa00000, 0x000000008aa00000, 0x000000008ab00000|  0%| F|  |TAMS 0x000000008aa00000, 0x000000008aa00000| Untracked 
|  99|0x000000008ab00000, 0x000000008ab00000, 0x000000008ac00000|  0%| F|  |TAMS 0x000000008ab00000, 0x000000008ab00000| Untracked 
| 100|0x000000008ac00000, 0x000000008ac00000, 0x000000008ad00000|  0%| F|  |TAMS 0x000000008ac00000, 0x000000008ac00000| Untracked 
| 101|0x000000008ad00000, 0x000000008ad00000, 0x000000008ae00000|  0%| F|  |TAMS 0x000000008ad00000, 0x000000008ad00000| Untracked 
| 102|0x000000008ae00000, 0x000000008ae00000, 0x000000008af00000|  0%| F|  |TAMS 0x000000008ae00000, 0x000000008ae00000| Untracked 
| 103|0x000000008af00000, 0x000000008af00000, 0x000000008b000000|  0%| F|  |TAMS 0x000000008af00000, 0x000000008af00000| Untracked 
| 104|0x000000008b000000, 0x000000008b000000, 0x000000008b100000|  0%| F|  |TAMS 0x000000008b000000, 0x000000008b000000| Untracked 
| 105|0x000000008b100000, 0x000000008b100000, 0x000000008b200000|  0%| F|  |TAMS 0x000000008b100000, 0x000000008b100000| Untracked 
| 106|0x000000008b200000, 0x000000008b200000, 0x000000008b300000|  0%| F|  |TAMS 0x000000008b200000, 0x000000008b200000| Untracked 
| 107|0x000000008b300000, 0x000000008b300000, 0x000000008b400000|  0%| F|  |TAMS 0x000000008b300000, 0x000000008b300000| Untracked 
| 108|0x000000008b400000, 0x000000008b400000, 0x000000008b500000|  0%| F|  |TAMS 0x000000008b400000, 0x000000008b400000| Untracked 
| 109|0x000000008b500000, 0x000000008b5ecd30, 0x000000008b600000| 92%| E|  |TAMS 0x000000008b500000, 0x000000008b500000| Complete 
| 110|0x000000008b600000, 0x000000008b700000, 0x000000008b700000|100%| E|CS|TAMS 0x000000008b600000, 0x000000008b600000| Complete 
| 111|0x000000008b700000, 0x000000008b800000, 0x000000008b800000|100%| E|CS|TAMS 0x000000008b700000, 0x000000008b700000| Complete 
| 112|0x000000008b800000, 0x000000008b900000, 0x000000008b900000|100%| E|CS|TAMS 0x000000008b800000, 0x000000008b800000| Complete 
| 113|0x000000008b900000, 0x000000008ba00000, 0x000000008ba00000|100%| E|CS|TAMS 0x000000008b900000, 0x000000008b900000| Complete 
| 114|0x000000008ba00000, 0x000000008bb00000, 0x000000008bb00000|100%| E|CS|TAMS 0x000000008ba00000, 0x000000008ba00000| Complete 
| 115|0x000000008bb00000, 0x000000008bc00000, 0x000000008bc00000|100%| E|CS|TAMS 0x000000008bb00000, 0x000000008bb00000| Complete 
| 116|0x000000008bc00000, 0x000000008bd00000, 0x000000008bd00000|100%| E|CS|TAMS 0x000000008bc00000, 0x000000008bc00000| Complete 
| 117|0x000000008bd00000, 0x000000008be00000, 0x000000008be00000|100%| E|CS|TAMS 0x000000008bd00000, 0x000000008bd00000| Complete 
| 118|0x000000008be00000, 0x000000008bf00000, 0x000000008bf00000|100%| E|CS|TAMS 0x000000008be00000, 0x000000008be00000| Complete 
| 119|0x000000008bf00000, 0x000000008c000000, 0x000000008c000000|100%| E|CS|TAMS 0x000000008bf00000, 0x000000008bf00000| Complete 
| 120|0x000000008c000000, 0x000000008c100000, 0x000000008c100000|100%| E|CS|TAMS 0x000000008c000000, 0x000000008c000000| Complete 
| 121|0x000000008c100000, 0x000000008c200000, 0x000000008c200000|100%| E|CS|TAMS 0x000000008c100000, 0x000000008c100000| Complete 
| 122|0x000000008c200000, 0x000000008c300000, 0x000000008c300000|100%| E|CS|TAMS 0x000000008c200000, 0x000000008c200000| Complete 
| 123|0x000000008c300000, 0x000000008c400000, 0x000000008c400000|100%| E|CS|TAMS 0x000000008c300000, 0x000000008c300000| Complete 

Card table byte_map: [0x0000027d768f0000,0x0000027d76cd0000] _byte_map_base: 0x0000027d764cc000

Marking Bits (Prev, Next): (CMBitMap*) 0x0000027d72b68210, (CMBitMap*) 0x0000027d72b68250
 Prev Bits: [0x0000027d770b0000, 0x0000027d78f90000)
 Next Bits: [0x0000027d78f90000, 0x0000027d7ae70000)

Polling page: 0x0000027d722f0000

Metaspace:

Usage:
  Non-class:     11.31 MB used.
      Class:      1.25 MB used.
       Both:     12.56 MB used.

Virtual space:
  Non-class space:       16.00 MB reserved,      11.44 MB ( 71%) committed,  2 nodes.
      Class space:        1.00 GB reserved,       1.38 MB ( <1%) committed,  1 nodes.
             Both:        1.02 GB reserved,      12.81 MB (  1%) committed. 

Chunk freelists:
   Non-Class:  497.00 KB
       Class:  2.61 MB
        Both:  3.10 MB

MaxMetaspaceSize: unlimited
CompressedClassSpaceSize: 1.00 GB
Initial GC threshold: 21.00 MB
Current GC threshold: 21.00 MB
CDS: off
MetaspaceReclaimPolicy: balanced
 - commit_granule_bytes: 65536.
 - commit_granule_words: 8192.
 - virtual_space_node_default_size: 1048576.
 - enlarge_chunks_in_place: 1.
 - new_chunks_are_fully_committed: 0.
 - uncommit_free_chunks: 1.
 - use_allocation_guard: 0.
 - handle_deallocations: 1.


Internal statistics:

num_allocs_failed_limit: 0.
num_arena_births: 114.
num_arena_deaths: 0.
num_vsnodes_births: 3.
num_vsnodes_deaths: 0.
num_space_committed: 205.
num_space_uncommitted: 0.
num_chunks_returned_to_freelist: 0.
num_chunks_taken_from_freelist: 170.
num_chunk_merges: 0.
num_chunk_splits: 92.
num_chunks_enlarged: 41.
num_purges: 0.
num_inconsistent_stats: 0.

CodeHeap 'non-profiled nmethods': size=120000Kb used=296Kb max_used=296Kb free=119703Kb
 bounds [0x0000027d07ad0000, 0x0000027d07d40000, 0x0000027d0f000000]
CodeHeap 'profiled nmethods': size=120000Kb used=1312Kb max_used=1312Kb free=118687Kb
 bounds [0x0000027d005a0000, 0x0000027d00810000, 0x0000027d07ad0000]
CodeHeap 'non-nmethods': size=5760Kb used=1250Kb max_used=1275Kb free=4510Kb
 bounds [0x0000027d00000000, 0x0000027d00270000, 0x0000027d005a0000]
 total_blobs=1413 nmethods=857 adapters=469
 compilation: enabled
              stopped_count=0, restarted_count=0
 full_count=0

Compilation events (20 events):
Event: 73234.010 Thread 0x0000027d7e42aec0  850       3       java.lang.invoke.DirectMethodHandle$Holder::invokeStatic (15 bytes)
Event: 73234.013 Thread 0x0000027d7e42aec0 nmethod 850 0x0000027d006e4310 code [0x0000027d006e44e0, 0x0000027d006e4a18]
Event: 73234.022 Thread 0x0000027d7e42aec0  851       3       java.awt.Color::<init> (11 bytes)
Event: 73234.022 Thread 0x0000027d7e42aec0 nmethod 851 0x0000027d006e4b10 code [0x0000027d006e4ca0, 0x0000027d006e4de8]
Event: 73234.208 Thread 0x0000027d7e42aec0  852       3       java.lang.invoke.LambdaForm$MH/0x00000001000c8400::invoke (25 bytes)
Event: 73234.219 Thread 0x0000027d7e42aec0 nmethod 852 0x0000027d006e4e90 code [0x0000027d006e5060, 0x0000027d006e5558]
Event: 91157.944 Thread 0x0000027d7e42aec0  853       3       java.lang.Integer::numberOfLeadingZeros (79 bytes)
Event: 91157.955 Thread 0x0000027d7e42aec0 nmethod 853 0x0000027d006e5690 code [0x0000027d006e5840, 0x0000027d006e5b18]
Event: 91157.963 Thread 0x0000027d7e427010  854       4       java.util.HashMap$HashIterator::hasNext (13 bytes)
Event: 91157.971 Thread 0x0000027d7e427010 nmethod 854 0x0000027d07b19f90 code [0x0000027d07b1a100, 0x0000027d07b1a198]
Event: 116809.994 Thread 0x0000027d7e42aec0  855       3       java.lang.StringConcatHelper::newString (67 bytes)
Event: 116810.018 Thread 0x0000027d7e42aec0 nmethod 855 0x0000027d006e5b90 code [0x0000027d006e5e00, 0x0000027d006e6868]
Event: 116810.044 Thread 0x0000027d7e42aec0  856  s    3       sun.awt.windows.WDesktopProperties::setSoundProperty (68 bytes)
Event: 116810.068 Thread 0x0000027d7e42aec0 nmethod 856 0x0000027d006e6c10 code [0x0000027d006e6e40, 0x0000027d006e7618]
Event: 116810.068 Thread 0x0000027d7e42aec0  857       3       sun.awt.windows.WDesktopProperties$WinPlaySound::<init> (15 bytes)
Event: 116810.069 Thread 0x0000027d7e42aec0 nmethod 857 0x0000027d006e7910 code [0x0000027d006e7ac0, 0x0000027d006e7cd8]
Event: 116810.107 Thread 0x0000027d7e42aec0  858       3       java.awt.Font::<init> (56 bytes)
Event: 116810.111 Thread 0x0000027d7e42aec0 nmethod 858 0x0000027d006e7d90 code [0x0000027d006e7f40, 0x0000027d006e81d8]
Event: 116810.378 Thread 0x0000027d7e42aec0  859       3       java.awt.Font::equals (131 bytes)
Event: 116810.379 Thread 0x0000027d7e427010  860       4       java.util.HashMap$HashIterator::nextNode (100 bytes)

GC Heap History (0 events):
No events

Deoptimization events (20 events):
Event: 3.300 Thread 0x0000027d7e8f5010 DEOPT PACKING pc=0x0000027d00644134 sp=0x000000ff10cff020
Event: 3.300 Thread 0x0000027d7e8f5010 DEOPT UNPACKING pc=0x0000027d00056763 sp=0x000000ff10cfe490 mode 0
Event: 3.300 Thread 0x0000027d7e8f5010 DEOPT PACKING pc=0x0000027d00644134 sp=0x000000ff10cff020
Event: 3.300 Thread 0x0000027d7e8f5010 DEOPT UNPACKING pc=0x0000027d00056763 sp=0x000000ff10cfe490 mode 0
Event: 3.300 Thread 0x0000027d7e8f5010 DEOPT PACKING pc=0x0000027d00644134 sp=0x000000ff10cff020
Event: 3.300 Thread 0x0000027d7e8f5010 DEOPT UNPACKING pc=0x0000027d00056763 sp=0x000000ff10cfe490 mode 0
Event: 3.300 Thread 0x0000027d7e8f5010 DEOPT PACKING pc=0x0000027d006440ed sp=0x000000ff10cff020
Event: 3.300 Thread 0x0000027d7e8f5010 DEOPT UNPACKING pc=0x0000027d00056763 sp=0x000000ff10cfe490 mode 0
Event: 3.300 Thread 0x0000027d7e8f5010 DEOPT PACKING pc=0x0000027d006440ed sp=0x000000ff10cff020
Event: 3.300 Thread 0x0000027d7e8f5010 DEOPT UNPACKING pc=0x0000027d00056763 sp=0x000000ff10cfe490 mode 0
Event: 3.300 Thread 0x0000027d7e8f5010 DEOPT PACKING pc=0x0000027d006440ed sp=0x000000ff10cff020
Event: 3.300 Thread 0x0000027d7e8f5010 DEOPT UNPACKING pc=0x0000027d00056763 sp=0x000000ff10cfe490 mode 0
Event: 3.300 Thread 0x0000027d7e8f5010 DEOPT PACKING pc=0x0000027d006440ed sp=0x000000ff10cff020
Event: 3.300 Thread 0x0000027d7e8f5010 DEOPT UNPACKING pc=0x0000027d00056763 sp=0x000000ff10cfe490 mode 0
Event: 3.300 Thread 0x0000027d7e8f5010 DEOPT PACKING pc=0x0000027d006440ed sp=0x000000ff10cff020
Event: 3.300 Thread 0x0000027d7e8f5010 DEOPT UNPACKING pc=0x0000027d00056763 sp=0x000000ff10cfe490 mode 0
Event: 3.301 Thread 0x0000027d7e8f5010 Uncommon trap: trap_request=0xffffffe4 fr.pc=0x0000027d07afe4f8 relative=0x00000000000015b8
Event: 3.301 Thread 0x0000027d7e8f5010 Uncommon trap: reason=range_check action=make_not_entrant pc=0x0000027d07afe4f8 method=java.awt.image.DirectColorModel.setFields()V @ 6 c2
Event: 3.301 Thread 0x0000027d7e8f5010 DEOPT PACKING pc=0x0000027d07afe4f8 sp=0x000000ff10cfeee0
Event: 3.301 Thread 0x0000027d7e8f5010 DEOPT UNPACKING pc=0x0000027d00055c23 sp=0x000000ff10cfed18 mode 2

Classes unloaded (0 events):
No events

Classes redefined (0 events):
No events

Internal exceptions (13 events):
Event: 0.120 Thread 0x0000027d72b0e610 Exception <a 'java/lang/ClassNotFoundException'{0x000000008c242280}: sun/awt/resources/spi/awtProvider> (0x000000008c242280) 
thrown [s\src\hotspot\share\classfile\systemDictionary.cpp, line 256]
Event: 0.142 Thread 0x0000027d72b0e610 Exception <a 'java/io/FileNotFoundException'{0x000000008c29cba0}> (0x000000008c29cba0) 
thrown [s\src\hotspot\share\prims\jni.cpp, line 516]
Event: 0.148 Thread 0x0000027d72b0e610 Exception <a 'java/io/FileNotFoundException'{0x000000008c2c9b18}> (0x000000008c2c9b18) 
thrown [s\src\hotspot\share\prims\jni.cpp, line 516]
Event: 0.192 Thread 0x0000027d72b0e610 Exception <a 'java/lang/NoSuchMethodError'{0x000000008c11b528}: 'java.lang.Object java.lang.invoke.DirectMethodHandle$Holder.invokeStaticInit(java.lang.Object)'> (0x000000008c11b528) 
thrown [s\src\hotspot\share\interpreter\linkResolver.cpp, line 759]
Event: 0.220 Thread 0x0000027d72b0e610 Exception <a 'java/lang/NoSuchMethodError'{0x000000008c165428}: 'void java.lang.invoke.DirectMethodHandle$Holder.invokeSpecial(java.lang.Object, java.lang.Object, java.lang.Object)'> (0x000000008c165428) 
thrown [s\src\hotspot\share\interpreter\linkResolver.cpp, line 759]
Event: 0.227 Thread 0x0000027d72b0e610 Exception <a 'java/lang/NoSuchMethodError'{0x000000008c005e30}: 'java.lang.Object java.lang.invoke.DirectMethodHandle$Holder.newInvokeSpecial(java.lang.Object, java.lang.Object, java.lang.Object, java.lang.Object, java.lang.Object)'> (0x000000008c005e30) 
thrown [s\src\hotspot\share\interpreter\linkResolver.cpp, line 759]
Event: 0.228 Thread 0x0000027d72b0e610 Exception <a 'java/lang/NoSuchMethodError'{0x000000008c0117f8}: 'java.lang.Object java.lang.invoke.DirectMethodHandle$Holder.invokeStatic(java.lang.Object, int, java.lang.Object, java.lang.Object, java.lang.Object, java.lang.Object)'> (0x000000008c0117f8) 
thrown [s\src\hotspot\share\interpreter\linkResolver.cpp, line 759]
Event: 0.232 Thread 0x0000027d72b0e610 Exception <a 'java/lang/NoSuchMethodError'{0x000000008c036fb8}: 'java.lang.Object java.lang.invoke.DirectMethodHandle$Holder.invokeStatic(java.lang.Object, int, java.lang.Object)'> (0x000000008c036fb8) 
thrown [s\src\hotspot\share\interpreter\linkResolver.cpp, line 759]
Event: 0.250 Thread 0x0000027d72b0e610 Exception <a 'java/lang/ClassNotFoundException'{0x000000008c0ef1d0}: com/sun/swing/internal/plaf/metal/resources/spi/metalProvider> (0x000000008c0ef1d0) 
thrown [s\src\hotspot\share\classfile\systemDictionary.cpp, line 256]
Event: 0.251 Thread 0x0000027d72b0e610 Exception <a 'java/lang/ClassNotFoundException'{0x000000008c0f3158}: com/sun/swing/internal/plaf/basic/resources/spi/basicProvider> (0x000000008c0f3158) 
thrown [s\src\hotspot\share\classfile\systemDictionary.cpp, line 256]
Event: 0.269 Thread 0x0000027d7e8f5010 Exception <a 'java/lang/NoSuchMethodError'{0x000000008bf968a8}: 'java.lang.Object java.lang.invoke.DirectMethodHandle$Holder.newInvokeSpecial(java.lang.Object, java.lang.Object, java.lang.Object, int, int, int, int, int)'> (0x000000008bf968a8) 
thrown [s\src\hotspot\share\interpreter\linkResolver.cpp, line 759]
Event: 0.337 Thread 0x0000027d7e87da10 Exception <a 'java/lang/NoSuchMethodError'{0x000000008c1863b0}: 'void java.lang.invoke.DirectMethodHandle$Holder.invokeVirtual(java.lang.Object, java.lang.Object)'> (0x000000008c1863b0) 
thrown [s\src\hotspot\share\interpreter\linkResolver.cpp, line 759]
Event: 0.349 Thread 0x0000027d72b0e610 Exception <a 'java/lang/NoSuchMethodError'{0x000000008bf36a58}: 'void java.lang.invoke.DirectMethodHandle$Holder.invokeStaticInit(java.lang.Object)'> (0x000000008bf36a58) 
thrown [s\src\hotspot\share\interpreter\linkResolver.cpp, line 759]

VM Operations (20 events):
Event: 0.387 Executing VM operation: HandshakeAllThreads
Event: 0.387 Executing VM operation: HandshakeAllThreads done
Event: 1.393 Executing VM operation: Cleanup
Event: 1.393 Executing VM operation: Cleanup done
Event: 3.409 Executing VM operation: Cleanup
Event: 3.409 Executing VM operation: Cleanup done
Event: 22476.412 Executing VM operation: Cleanup
Event: 22476.476 Executing VM operation: Cleanup done
Event: 22553.363 Executing VM operation: Cleanup
Event: 22553.364 Executing VM operation: Cleanup done
Event: 23401.476 Executing VM operation: Cleanup
Event: 23401.483 Executing VM operation: Cleanup done
Event: 56332.586 Executing VM operation: Cleanup
Event: 56332.592 Executing VM operation: Cleanup done
Event: 61290.639 Executing VM operation: Cleanup
Event: 61290.917 Executing VM operation: Cleanup done
Event: 61292.932 Executing VM operation: Cleanup
Event: 61292.932 Executing VM operation: Cleanup done
Event: 68572.725 Executing VM operation: Cleanup
Event: 68572.725 Executing VM operation: Cleanup done

Events (20 events):
Event: 2.974 loading class java/awt/Panel
Event: 2.974 loading class java/awt/Panel done
Event: 2.974 loading class java/applet/Applet done
Event: 3.313 loading class java/awt/Window$1DisposeAction
Event: 3.313 loading class java/awt/Window$1DisposeAction done
Event: 3.313 loading class java/awt/KeyboardFocusManager$2
Event: 3.313 loading class java/awt/KeyboardFocusManager$2 done
Event: 3.315 loading class java/awt/LightweightDispatcher$2
Event: 3.315 loading class java/awt/LightweightDispatcher$2 done
Event: 4.890 loading class sun/awt/SunToolkit$1
Event: 4.891 loading class sun/awt/SunToolkit$1 done
Event: 8.306 Thread 0x0000027d7e8f5010 Thread exited: 0x0000027d7e8f5010
Event: 61291.472 loading class java/util/Collections$SynchronizedSet
Event: 61291.563 loading class java/util/Collections$SynchronizedSet done
Event: 61291.569 loading class java/util/WeakHashMap$KeyIterator
Event: 61291.653 loading class java/util/WeakHashMap$HashIterator
Event: 61291.714 loading class java/util/WeakHashMap$HashIterator done
Event: 61291.714 loading class java/util/WeakHashMap$KeyIterator done
Event: 61291.794 loading class javax/swing/RepaintManager$DisplayChangedRunnable
Event: 61291.818 loading class javax/swing/RepaintManager$DisplayChangedRunnable done


Dynamic libraries:
0x00007ff66d3f0000 - 0x00007ff66d3fe000 	C:\Users\murug\.p2\pool\plugins\org.eclipse.justj.openjdk.hotspot.jre.full.win32.x86_64_17.0.4.v20220903-1038\jre\bin\javaw.exe
0x00007ffc97a40000 - 0x00007ffc97c49000 	C:\Windows\SYSTEM32\ntdll.dll
0x00007ffc96050000 - 0x00007ffc9610e000 	C:\Windows\System32\KERNEL32.DLL
0x00007ffc95120000 - 0x00007ffc9549b000 	C:\Windows\System32\KERNELBASE.dll
0x00007ffc954a0000 - 0x00007ffc955b1000 	C:\Windows\System32\ucrtbase.dll
0x00007ffc71970000 - 0x00007ffc71988000 	C:\Users\murug\.p2\pool\plugins\org.eclipse.justj.openjdk.hotspot.jre.full.win32.x86_64_17.0.4.v20220903-1038\jre\bin\jli.dll
0x00007ffc71930000 - 0x00007ffc71949000 	C:\Users\murug\.p2\pool\plugins\org.eclipse.justj.openjdk.hotspot.jre.full.win32.x86_64_17.0.4.v20220903-1038\jre\bin\VCRUNTIME140.dll
0x00007ffc97470000 - 0x00007ffc9761d000 	C:\Windows\System32\USER32.dll
0x00007ffc94f10000 - 0x00007ffc94f36000 	C:\Windows\System32\win32u.dll
0x00007ffc88a80000 - 0x00007ffc88d25000 	C:\Windows\WinSxS\amd64_microsoft.windows.common-controls_6595b64144ccf1df_6.0.22000.120_none_9d947278b86cc467\COMCTL32.dll
0x00007ffc95a60000 - 0x00007ffc95a89000 	C:\Windows\System32\GDI32.dll
0x00007ffc97740000 - 0x00007ffc977e3000 	C:\Windows\System32\msvcrt.dll
0x00007ffc94f40000 - 0x00007ffc95058000 	C:\Windows\System32\gdi32full.dll
0x00007ffc95640000 - 0x00007ffc956dd000 	C:\Windows\System32\msvcp_win.dll
0x00007ffc95a20000 - 0x00007ffc95a52000 	C:\Windows\System32\IMM32.DLL
0x00007ffc7c0b0000 - 0x00007ffc7c0bc000 	C:\Users\murug\.p2\pool\plugins\org.eclipse.justj.openjdk.hotspot.jre.full.win32.x86_64_17.0.4.v20220903-1038\jre\bin\vcruntime140_1.dll
0x00007ffc70df0000 - 0x00007ffc70e81000 	C:\Users\murug\.p2\pool\plugins\org.eclipse.justj.openjdk.hotspot.jre.full.win32.x86_64_17.0.4.v20220903-1038\jre\bin\msvcp140.dll
0x00007ffc56340000 - 0x00007ffc56f86000 	C:\Users\murug\.p2\pool\plugins\org.eclipse.justj.openjdk.hotspot.jre.full.win32.x86_64_17.0.4.v20220903-1038\jre\bin\server\jvm.dll
0x00007ffc971b0000 - 0x00007ffc9725e000 	C:\Windows\System32\ADVAPI32.dll
0x00007ffc97620000 - 0x00007ffc976be000 	C:\Windows\System32\sechost.dll
0x00007ffc977f0000 - 0x00007ffc97910000 	C:\Windows\System32\RPCRT4.dll
0x00007ffc96660000 - 0x00007ffc96668000 	C:\Windows\System32\PSAPI.DLL
0x00007ffc8a4a0000 - 0x00007ffc8a4a9000 	C:\Windows\SYSTEM32\WSOCK32.dll
0x00007ffc959b0000 - 0x00007ffc95a1f000 	C:\Windows\System32\WS2_32.dll
0x00007ffc920a0000 - 0x00007ffc920d3000 	C:\Windows\SYSTEM32\WINMM.dll
0x00007ffc8a8f0000 - 0x00007ffc8a8fa000 	C:\Windows\SYSTEM32\VERSION.dll
0x00007ffc94080000 - 0x00007ffc94098000 	C:\Windows\SYSTEM32\kernel.appcore.dll
0x00007ffc8a440000 - 0x00007ffc8a44a000 	C:\Users\murug\.p2\pool\plugins\org.eclipse.justj.openjdk.hotspot.jre.full.win32.x86_64_17.0.4.v20220903-1038\jre\bin\jimage.dll
0x00007ffc92950000 - 0x00007ffc92b71000 	C:\Windows\SYSTEM32\DBGHELP.DLL
0x00007ffc92060000 - 0x00007ffc92091000 	C:\Windows\SYSTEM32\dbgcore.DLL
0x00007ffc955c0000 - 0x00007ffc9563f000 	C:\Windows\System32\bcryptPrimitives.dll
0x00007ffc884c0000 - 0x00007ffc884e5000 	C:\Users\murug\.p2\pool\plugins\org.eclipse.justj.openjdk.hotspot.jre.full.win32.x86_64_17.0.4.v20220903-1038\jre\bin\java.dll
0x00007ffc890c0000 - 0x00007ffc890d8000 	C:\Users\murug\.p2\pool\plugins\org.eclipse.justj.openjdk.hotspot.jre.full.win32.x86_64_17.0.4.v20220903-1038\jre\bin\zip.dll
0x00007ffc96670000 - 0x00007ffc96e27000 	C:\Windows\System32\SHELL32.dll
0x00007ffc93010000 - 0x00007ffc93875000 	C:\Windows\SYSTEM32\windows.storage.dll
0x00007ffc96e30000 - 0x00007ffc971a8000 	C:\Windows\System32\combase.dll
0x00007ffc92ea0000 - 0x00007ffc93006000 	C:\Windows\SYSTEM32\wintypes.dll
0x00007ffc958c0000 - 0x00007ffc959aa000 	C:\Windows\System32\SHCORE.dll
0x00007ffc97400000 - 0x00007ffc9745d000 	C:\Windows\System32\shlwapi.dll
0x00007ffc94e40000 - 0x00007ffc94e61000 	C:\Windows\SYSTEM32\profapi.dll
0x00007ffc615d0000 - 0x00007ffc6175e000 	C:\Users\murug\.p2\pool\plugins\org.eclipse.justj.openjdk.hotspot.jre.full.win32.x86_64_17.0.4.v20220903-1038\jre\bin\awt.dll
0x00007ffc95d10000 - 0x00007ffc95de6000 	C:\Windows\System32\OLEAUT32.dll
0x00007ffc8dfd0000 - 0x00007ffc8e062000 	C:\Windows\SYSTEM32\apphelp.dll
0x00007ffc924f0000 - 0x00007ffc9251f000 	C:\Windows\system32\DWMAPI.DLL
0x00007ffc8e0c0000 - 0x00007ffc8e16c000 	C:\Windows\system32\uxtheme.dll
0x00007ffc64340000 - 0x00007ffc64441000 	C:\Windows\system32\opengl32.dll
0x00007ffc696e0000 - 0x00007ffc6970d000 	C:\Windows\SYSTEM32\GLU32.dll
0x00007ffc92370000 - 0x00007ffc923a8000 	C:\Windows\SYSTEM32\dxcore.dll
0x00007ffc95f30000 - 0x00007ffc9604d000 	C:\Windows\System32\MSCTF.dll
0x00007ffc97260000 - 0x00007ffc973fa000 	C:\Windows\System32\ole32.dll
0x00007ffc70b20000 - 0x00007ffc70ba6000 	C:\Users\murug\.p2\pool\plugins\org.eclipse.justj.openjdk.hotspot.jre.full.win32.x86_64_17.0.4.v20220903-1038\jre\bin\freetype.dll
0x00007ffc61b20000 - 0x00007ffc61bc8000 	C:\Users\murug\.p2\pool\plugins\org.eclipse.justj.openjdk.hotspot.jre.full.win32.x86_64_17.0.4.v20220903-1038\jre\bin\fontmanager.dll
0x00007ffc78e90000 - 0x00007ffc78fbd000 	C:\Windows\SYSTEM32\textinputframework.dll
0x00007ffc7e1b0000 - 0x00007ffc7e1c9000 	C:\Users\murug\.p2\pool\plugins\org.eclipse.justj.openjdk.hotspot.jre.full.win32.x86_64_17.0.4.v20220903-1038\jre\bin\net.dll
0x00007ffc8c460000 - 0x00007ffc8c574000 	C:\Windows\SYSTEM32\WINHTTP.dll
0x00007ffc94520000 - 0x00007ffc94587000 	C:\Windows\system32\mswsock.dll
0x00007ffc75830000 - 0x00007ffc75845000 	C:\Users\murug\.p2\pool\plugins\org.eclipse.justj.openjdk.hotspot.jre.full.win32.x86_64_17.0.4.v20220903-1038\jre\bin\nio.dll
0x00007ffc8de50000 - 0x00007ffc8df81000 	C:\Windows\SYSTEM32\CoreMessaging.dll
0x00007ffc87520000 - 0x00007ffc8788d000 	C:\Windows\SYSTEM32\CoreUIComponents.dll
0x00007ffc94780000 - 0x00007ffc9478c000 	C:\Windows\SYSTEM32\CRYPTBASE.DLL
0x00007ffc792a0000 - 0x00007ffc7934e000 	C:\Windows\SYSTEM32\TextShaping.dll

dbghelp: loaded successfully - version: 4.0.5 - missing functions: none
symbol engine: initialized successfully - sym options: 0x614 - pdb path: .;C:\Users\murug\.p2\pool\plugins\org.eclipse.justj.openjdk.hotspot.jre.full.win32.x86_64_17.0.4.v20220903-1038\jre\bin;C:\Windows\SYSTEM32;C:\Windows\WinSxS\amd64_microsoft.windows.common-controls_6595b64144ccf1df_6.0.22000.120_none_9d947278b86cc467;C:\Users\murug\.p2\pool\plugins\org.eclipse.justj.openjdk.hotspot.jre.full.win32.x86_64_17.0.4.v20220903-1038\jre\bin\server

VM Arguments:
jvm_args: -Dfile.encoding=UTF-8 -XX:+ShowCodeDetailsInExceptionMessages 
java_command: Application
java_class_path (initial): C:\Users\murug\eclipse-workspace\FSP - Shathviki Krishnaraj\bin
Launcher Type: SUN_STANDARD

[Global flags]
     intx CICompilerCount                          = 4                                         {product} {ergonomic}
     uint ConcGCThreads                            = 2                                         {product} {ergonomic}
     uint G1ConcRefinementThreads                  = 8                                         {product} {ergonomic}
   size_t G1HeapRegionSize                         = 1048576                                   {product} {ergonomic}
    uintx GCDrainStackTargetSize                   = 64                                        {product} {ergonomic}
   size_t InitialHeapSize                          = 130023424                                 {product} {ergonomic}
   size_t MarkStackSize                            = 4194304                                   {product} {ergonomic}
   size_t MaxHeapSize                              = 2071986176                                {product} {ergonomic}
   size_t MaxNewSize                               = 1242562560                                {product} {ergonomic}
   size_t MinHeapDeltaBytes                        = 1048576                                   {product} {ergonomic}
   size_t MinHeapSize                              = 8388608                                   {product} {ergonomic}
    uintx NonNMethodCodeHeapSize                   = 5839372                                {pd product} {ergonomic}
    uintx NonProfiledCodeHeapSize                  = 122909434                              {pd product} {ergonomic}
    uintx ProfiledCodeHeapSize                     = 122909434                              {pd product} {ergonomic}
    uintx ReservedCodeCacheSize                    = 251658240                              {pd product} {ergonomic}
     bool SegmentedCodeCache                       = true                                      {product} {ergonomic}
     bool ShowCodeDetailsInExceptionMessages       = true                                   {manageable} {command line}
   size_t SoftMaxHeapSize                          = 2071986176                             {manageable} {ergonomic}
     bool UseCompressedClassPointers               = true                           {product lp64_product} {ergonomic}
     bool UseCompressedOops                        = true                           {product lp64_product} {ergonomic}
     bool UseG1GC                                  = true                                      {product} {ergonomic}
     bool UseLargePagesIndividualAllocation        = false                                  {pd product} {ergonomic}

Logging:
Log output configuration:
 #0: stdout all=warning uptime,level,tags
 #1: stderr all=off uptime,level,tags

Environment Variables:
PATH=C:/Users/murug/.p2/pool/plugins/org.eclipse.justj.openjdk.hotspot.jre.full.win32.x86_64_17.0.4.v20220903-1038/jre/bin/server;C:/Users/murug/.p2/pool/plugins/org.eclipse.justj.openjdk.hotspot.jre.full.win32.x86_64_17.0.4.v20220903-1038/jre/bin;C:\Windows\system32;C:\Windows;C:\Windows\System32\Wbem;C:\Windows\System32\WindowsPowerShell\v1.0\;C:\Windows\System32\OpenSSH\;C:\Program Files\dotnet\;C:\Program Files\nodejs\;C:\Users\murug\AppData\Local\Microsoft\WindowsApps;C:\Users\murug\AppData\Roaming\npm;C:\Users\murug\AppData\Local\Programs\Microsoft VS Code\bin;C:\Windows\system32;
USERNAME=murug
OS=Windows_NT
PROCESSOR_IDENTIFIER=Intel64 Family 6 Model 140 Stepping 1, GenuineIntel
TMP=C:\Users\murug\AppData\Local\Temp
TEMP=C:\Users\murug\AppData\Local\Temp



---------------  S Y S T E M  ---------------

OS:
 Windows 11 , 64 bit Build 22000 (10.0.22000.1335)
OS uptime: 27 days 22:14 hours

CPU: total 8 (initial active 8) (4 cores per cpu, 2 threads per core) family 6 model 140 stepping 1 microcode 0xa4, cx8, cmov, fxsr, ht, mmx, 3dnowpref, sse, sse2, sse3, ssse3, sse4.1, sse4.2, popcnt, lzcnt, tsc, tscinvbit, avx, avx2, aes, erms, clmul, bmi1, bmi2, adx, avx512f, avx512dq, avx512cd, avx512bw, avx512vl, sha, fma, vzeroupper, avx512_vpopcntdq, avx512_vpclmulqdq, avx512_vaes, avx512_vnni, clflush, clflushopt, clwb, avx512_vbmi2, avx512_vbmi

Memory: 4k page, system-wide physical 7898M (504M free)
TotalPageFile size 32474M (AvailPageFile size 250M)
current process WorkingSet (physical memory assigned to process): 11M, peak: 104M
current process commit charge ("private bytes"): 229M, peak: 235M

vm_info: OpenJDK 64-Bit Server VM (17.0.4.1+1) for windows-amd64 JRE (17.0.4.1+1), built on Aug 17 2022 07:42:43 by "temurin" with MS VC++ 16.7 (VS2019)

END.
