#
# There is insufficient memory for the Java Runtime Environment to continue.
# Native memory allocation (malloc) failed to allocate 65552 bytes for Chunk::new
# Possible reasons:
#   The system is out of physical RAM or swap space
#   The process is running with CompressedOops enabled, and the Java Heap may be blocking the growth of the native heap
# Possible solutions:
#   Reduce memory load on the system
#   Increase physical memory or swap space
#   Check if swap backing store is full
#   Decrease Java heap size (-Xmx/-Xms)
#   Decrease number of Java threads
#   Decrease Java thread stack sizes (-Xss)
#   Set larger code cache with -XX:ReservedCodeCacheSize=
#   JVM is running with Unscaled Compressed Oops mode in which the Java heap is
#     placed in the first 4GB address space. The Java Heap base address is the
#     maximum limit for the native heap growth. Please use -XX:HeapBaseMinAddress
#     to set the Java Heap base and to place the Java Heap above 4GB virtual address.
# This output file may be truncated or incomplete.
#
#  Out of Memory Error (arena.cpp:189), pid=30016, tid=28776
#
# JRE version: OpenJDK Runtime Environment Temurin-17.0.4.1+1 (17.0.4.1+1) (build 17.0.4.1+1)
# Java VM: OpenJDK 64-Bit Server VM Temurin-17.0.4.1+1 (17.0.4.1+1, mixed mode, tiered, compressed oops, compressed class ptrs, g1 gc, windows-amd64)
# No core dump will be written. Minidumps are not enabled by default on client versions of Windows
#

---------------  S U M M A R Y ------------

Command Line: -Dfile.encoding=UTF-8 -XX:+ShowCodeDetailsInExceptionMessages Application

Host: 11th Gen Intel(R) Core(TM) i5-1135G7 @ 2.40GHz, 8 cores, 7G,  Windows 11 , 64 bit Build 22000 (10.0.22000.1335)
Time: Fri Jan 20 17:09:36 2023 Eastern Standard Time elapsed time: 1.341368 seconds (0d 0h 0m 1s)

---------------  T H R E A D  ---------------

Current thread (0x00000278c9827520):  JavaThread "C2 CompilerThread0" daemon [_thread_in_native, id=28776, stack(0x000000f2e5d00000,0x000000f2e5e00000)]


Current CompileTask:
C2:   1341  536       4       sun.awt.image.PNGImageDecoder::filterRow (460 bytes)

Stack: [0x000000f2e5d00000,0x000000f2e5e00000]
Native frames: (J=compiled Java code, j=interpreted, Vv=VM code, C=native code)
V  [jvm.dll+0x67731a]
V  [jvm.dll+0x832284]
V  [jvm.dll+0x833a2e]
V  [jvm.dll+0x834093]
V  [jvm.dll+0x245775]
V  [jvm.dll+0xabd7b]
V  [jvm.dll+0xac30c]
V  [jvm.dll+0xabe8b]
V  [jvm.dll+0x6548dc]
V  [jvm.dll+0x58a00a]
V  [jvm.dll+0x57a685]
V  [jvm.dll+0x57a1c5]
V  [jvm.dll+0x79a699]
V  [jvm.dll+0x793953]
V  [jvm.dll+0x79cd0d]
V  [jvm.dll+0x57e895]
V  [jvm.dll+0x220892]
V  [jvm.dll+0x220c6f]
V  [jvm.dll+0x21a4d5]
V  [jvm.dll+0x21799b]
V  [jvm.dll+0x1a3f8d]
V  [jvm.dll+0x227498]
V  [jvm.dll+0x2255e5]
V  [jvm.dll+0x7e7e9b]
V  [jvm.dll+0x7e240a]
V  [jvm.dll+0x6761a5]
C  [ucrtbase.dll+0x26c0c]
C  [KERNEL32.DLL+0x155a0]
C  [ntdll.dll+0x485b]


---------------  P R O C E S S  ---------------

Threads class SMR info:
_java_thread_list=0x00000278c9ebc6a0, length=18, elements={
0x00000278ad03dba0, 0x00000278c8d57550, 0x00000278c8d59190, 0x00000278c8d71d70,
0x00000278c8d72630, 0x00000278c8d72fe0, 0x00000278c8d73990, 0x00000278c9827520,
0x00000278c9827fc0, 0x00000278c983a9a0, 0x00000278c9988f40, 0x00000278c9999930,
0x00000278c9e15530, 0x00000278c9e15a00, 0x00000278c9e15ed0, 0x00000278c9ebf0d0,
0x00000278c9eea020, 0x00000278ca14b5e0
}

Java Threads: ( => current thread )
  0x00000278ad03dba0 JavaThread "main" [_thread_in_vm, id=13164, stack(0x000000f2e5000000,0x000000f2e5100000)]
  0x00000278c8d57550 JavaThread "Reference Handler" daemon [_thread_blocked, id=29408, stack(0x000000f2e5700000,0x000000f2e5800000)]
  0x00000278c8d59190 JavaThread "Finalizer" daemon [_thread_blocked, id=12372, stack(0x000000f2e5800000,0x000000f2e5900000)]
  0x00000278c8d71d70 JavaThread "Signal Dispatcher" daemon [_thread_blocked, id=30076, stack(0x000000f2e5900000,0x000000f2e5a00000)]
  0x00000278c8d72630 JavaThread "Attach Listener" daemon [_thread_blocked, id=27260, stack(0x000000f2e5a00000,0x000000f2e5b00000)]
  0x00000278c8d72fe0 JavaThread "Service Thread" daemon [_thread_blocked, id=23952, stack(0x000000f2e5b00000,0x000000f2e5c00000)]
  0x00000278c8d73990 JavaThread "Monitor Deflation Thread" daemon [_thread_blocked, id=29800, stack(0x000000f2e5c00000,0x000000f2e5d00000)]
=>0x00000278c9827520 JavaThread "C2 CompilerThread0" daemon [_thread_in_native, id=28776, stack(0x000000f2e5d00000,0x000000f2e5e00000)]
  0x00000278c9827fc0 JavaThread "C1 CompilerThread0" daemon [_thread_in_vm, id=13996, stack(0x000000f2e5e00000,0x000000f2e5f00000)]
  0x00000278c983a9a0 JavaThread "Sweeper thread" daemon [_thread_blocked, id=20852, stack(0x000000f2e5f00000,0x000000f2e6000000)]
  0x00000278c9988f40 JavaThread "Notification Thread" daemon [_thread_blocked, id=29428, stack(0x000000f2e6000000,0x000000f2e6100000)]
  0x00000278c9999930 JavaThread "Common-Cleaner" daemon [_thread_blocked, id=17592, stack(0x000000f2e6200000,0x000000f2e6300000)]
  0x00000278c9e15530 JavaThread "Java2D Disposer" daemon [_thread_blocked, id=26692, stack(0x000000f2e6300000,0x000000f2e6400000)]
  0x00000278c9e15a00 JavaThread "AWT-Shutdown" [_thread_blocked, id=24476, stack(0x000000f2e6400000,0x000000f2e6500000)]
  0x00000278c9e15ed0 JavaThread "AWT-Windows" daemon [_thread_in_native, id=30492, stack(0x000000f2e6500000,0x000000f2e6600000)]
  0x00000278c9ebf0d0 JavaThread "Image Fetcher 0" daemon [_thread_blocked, id=27728, stack(0x000000f2e6600000,0x000000f2e6700000)]
  0x00000278c9eea020 JavaThread "AWT-EventQueue-0" [_thread_in_vm, id=30664, stack(0x000000f2e6700000,0x000000f2e6800000)]
  0x00000278ca14b5e0 JavaThread "C2 CompilerThread1" daemon [_thread_in_native, id=6252, stack(0x000000f2e6800000,0x000000f2e6900000)]

Other Threads:
  0x00000278c8d54f20 VMThread "VM Thread" [stack: 0x000000f2e5600000,0x000000f2e5700000] [id=27132]
  0x00000278c9989820 WatcherThread [stack: 0x000000f2e6100000,0x000000f2e6200000] [id=26416]
  0x00000278ad0973f0 GCTaskThread "GC Thread#0" [stack: 0x000000f2e5100000,0x000000f2e5200000] [id=19704]
  0x00000278ad0a7c00 ConcurrentGCThread "G1 Main Marker" [stack: 0x000000f2e5200000,0x000000f2e5300000] [id=22836]
  0x00000278ad0a9c60 ConcurrentGCThread "G1 Conc#0" [stack: 0x000000f2e5300000,0x000000f2e5400000] [id=25680]
  0x00000278ad117a90 ConcurrentGCThread "G1 Refine#0" [stack: 0x000000f2e5400000,0x000000f2e5500000] [id=29292]
  0x00000278ad118250 ConcurrentGCThread "G1 Service" [stack: 0x000000f2e5500000,0x000000f2e5600000] [id=25520]

Threads with active compile tasks:
C2 CompilerThread0     1418  536       4       sun.awt.image.PNGImageDecoder::filterRow (460 bytes)
C1 CompilerThread0     1418  655       3       java.awt.Component::getTreeLock (4 bytes)
C2 CompilerThread1     1418  552   !   4       sun.awt.image.PNGImageDecoder::produceImage (1917 bytes)

VM state: not at safepoint (normal execution)

VM Mutex/Monitor currently owned by a thread:  ([mutex/lock_event])
[0x00000278ad039940] Metaspace_lock - owner thread: 0x00000278ad03dba0
[0x00000278ad038d70] MultiArray_lock - owner thread: 0x00000278ad03dba0
[0x00000278ad039430] MethodData_lock - owner thread: 0x00000278c9827fc0

Heap address: 0x0000000084800000, size: 1976 MB, Compressed Oops mode: 32-bit

CDS archive(s) not mapped
Compressed class space mapped at: 0x0000000100000000-0x0000000140000000, reserved size: 1073741824
Narrow klass base: 0x0000000000000000, Narrow klass shift: 3, Narrow klass range: 0x140000000

GC Precious Log:
 CPUs: 8 total, 8 available
 Memory: 7898M
 Large Page Support: Disabled
 NUMA Support: Disabled
 Compressed Oops: Enabled (32-bit)
 Heap Region Size: 1M
 Heap Min Capacity: 8M
 Heap Initial Capacity: 124M
 Heap Max Capacity: 1976M
 Pre-touch: Disabled
 Parallel Workers: 8
 Concurrent Workers: 2
 Concurrent Refinement Workers: 8
 Periodic GC: Disabled

Heap:
 garbage-first heap   total 126976K, used 13312K [0x0000000084800000, 0x0000000100000000)
  region size 1024K, 10 young (10240K), 0 survivors (0K)
 Metaspace       used 12765K, committed 12992K, reserved 1064960K
  class space    used 1260K, committed 1344K, reserved 1048576K

Heap Regions: E=young(eden), S=young(survivor), O=old, HS=humongous(starts), HC=humongous(continues), CS=collection set, F=free, OA=open archive, CA=closed archive, TAMS=top-at-mark-start (previous, next)
|   0|0x0000000084800000, 0x0000000084900000, 0x0000000084900000|100%|HS|  |TAMS 0x0000000084800000, 0x0000000084800000| Complete 
|   1|0x0000000084900000, 0x0000000084a00000, 0x0000000084a00000|100%|HC|  |TAMS 0x0000000084900000, 0x0000000084900000| Complete 
|   2|0x0000000084a00000, 0x0000000084b00000, 0x0000000084b00000|100%|HC|  |TAMS 0x0000000084a00000, 0x0000000084a00000| Complete 
|   3|0x0000000084b00000, 0x0000000084c00000, 0x0000000084c00000|100%|HC|  |TAMS 0x0000000084b00000, 0x0000000084b00000| Complete 
|   4|0x0000000084c00000, 0x0000000084c00000, 0x0000000084d00000|  0%| F|  |TAMS 0x0000000084c00000, 0x0000000084c00000| Untracked 
|   5|0x0000000084d00000, 0x0000000084d00000, 0x0000000084e00000|  0%| F|  |TAMS 0x0000000084d00000, 0x0000000084d00000| Untracked 
|   6|0x0000000084e00000, 0x0000000084e00000, 0x0000000084f00000|  0%| F|  |TAMS 0x0000000084e00000, 0x0000000084e00000| Untracked 
|   7|0x0000000084f00000, 0x0000000084f00000, 0x0000000085000000|  0%| F|  |TAMS 0x0000000084f00000, 0x0000000084f00000| Untracked 
|   8|0x0000000085000000, 0x0000000085000000, 0x0000000085100000|  0%| F|  |TAMS 0x0000000085000000, 0x0000000085000000| Untracked 
|   9|0x0000000085100000, 0x0000000085100000, 0x0000000085200000|  0%| F|  |TAMS 0x0000000085100000, 0x0000000085100000| Untracked 
|  10|0x0000000085200000, 0x0000000085200000, 0x0000000085300000|  0%| F|  |TAMS 0x0000000085200000, 0x0000000085200000| Untracked 
|  11|0x0000000085300000, 0x0000000085300000, 0x0000000085400000|  0%| F|  |TAMS 0x0000000085300000, 0x0000000085300000| Untracked 
|  12|0x0000000085400000, 0x0000000085400000, 0x0000000085500000|  0%| F|  |TAMS 0x0000000085400000, 0x0000000085400000| Untracked 
|  13|0x0000000085500000, 0x0000000085500000, 0x0000000085600000|  0%| F|  |TAMS 0x0000000085500000, 0x0000000085500000| Untracked 
|  14|0x0000000085600000, 0x0000000085600000, 0x0000000085700000|  0%| F|  |TAMS 0x0000000085600000, 0x0000000085600000| Untracked 
|  15|0x0000000085700000, 0x0000000085700000, 0x0000000085800000|  0%| F|  |TAMS 0x0000000085700000, 0x0000000085700000| Untracked 
|  16|0x0000000085800000, 0x0000000085800000, 0x0000000085900000|  0%| F|  |TAMS 0x0000000085800000, 0x0000000085800000| Untracked 
|  17|0x0000000085900000, 0x0000000085900000, 0x0000000085a00000|  0%| F|  |TAMS 0x0000000085900000, 0x0000000085900000| Untracked 
|  18|0x0000000085a00000, 0x0000000085a00000, 0x0000000085b00000|  0%| F|  |TAMS 0x0000000085a00000, 0x0000000085a00000| Untracked 
|  19|0x0000000085b00000, 0x0000000085b00000, 0x0000000085c00000|  0%| F|  |TAMS 0x0000000085b00000, 0x0000000085b00000| Untracked 
|  20|0x0000000085c00000, 0x0000000085c00000, 0x0000000085d00000|  0%| F|  |TAMS 0x0000000085c00000, 0x0000000085c00000| Untracked 
|  21|0x0000000085d00000, 0x0000000085d00000, 0x0000000085e00000|  0%| F|  |TAMS 0x0000000085d00000, 0x0000000085d00000| Untracked 
|  22|0x0000000085e00000, 0x0000000085e00000, 0x0000000085f00000|  0%| F|  |TAMS 0x0000000085e00000, 0x0000000085e00000| Untracked 
|  23|0x0000000085f00000, 0x0000000085f00000, 0x0000000086000000|  0%| F|  |TAMS 0x0000000085f00000, 0x0000000085f00000| Untracked 
|  24|0x0000000086000000, 0x0000000086000000, 0x0000000086100000|  0%| F|  |TAMS 0x0000000086000000, 0x0000000086000000| Untracked 
|  25|0x0000000086100000, 0x0000000086100000, 0x0000000086200000|  0%| F|  |TAMS 0x0000000086100000, 0x0000000086100000| Untracked 
|  26|0x0000000086200000, 0x0000000086200000, 0x0000000086300000|  0%| F|  |TAMS 0x0000000086200000, 0x0000000086200000| Untracked 
|  27|0x0000000086300000, 0x0000000086300000, 0x0000000086400000|  0%| F|  |TAMS 0x0000000086300000, 0x0000000086300000| Untracked 
|  28|0x0000000086400000, 0x0000000086400000, 0x0000000086500000|  0%| F|  |TAMS 0x0000000086400000, 0x0000000086400000| Untracked 
|  29|0x0000000086500000, 0x0000000086500000, 0x0000000086600000|  0%| F|  |TAMS 0x0000000086500000, 0x0000000086500000| Untracked 
|  30|0x0000000086600000, 0x0000000086600000, 0x0000000086700000|  0%| F|  |TAMS 0x0000000086600000, 0x0000000086600000| Untracked 
|  31|0x0000000086700000, 0x0000000086700000, 0x0000000086800000|  0%| F|  |TAMS 0x0000000086700000, 0x0000000086700000| Untracked 
|  32|0x0000000086800000, 0x0000000086800000, 0x0000000086900000|  0%| F|  |TAMS 0x0000000086800000, 0x0000000086800000| Untracked 
|  33|0x0000000086900000, 0x0000000086900000, 0x0000000086a00000|  0%| F|  |TAMS 0x0000000086900000, 0x0000000086900000| Untracked 
|  34|0x0000000086a00000, 0x0000000086a00000, 0x0000000086b00000|  0%| F|  |TAMS 0x0000000086a00000, 0x0000000086a00000| Untracked 
|  35|0x0000000086b00000, 0x0000000086b00000, 0x0000000086c00000|  0%| F|  |TAMS 0x0000000086b00000, 0x0000000086b00000| Untracked 
|  36|0x0000000086c00000, 0x0000000086c00000, 0x0000000086d00000|  0%| F|  |TAMS 0x0000000086c00000, 0x0000000086c00000| Untracked 
|  37|0x0000000086d00000, 0x0000000086d00000, 0x0000000086e00000|  0%| F|  |TAMS 0x0000000086d00000, 0x0000000086d00000| Untracked 
|  38|0x0000000086e00000, 0x0000000086e00000, 0x0000000086f00000|  0%| F|  |TAMS 0x0000000086e00000, 0x0000000086e00000| Untracked 
|  39|0x0000000086f00000, 0x0000000086f00000, 0x0000000087000000|  0%| F|  |TAMS 0x0000000086f00000, 0x0000000086f00000| Untracked 
|  40|0x0000000087000000, 0x0000000087000000, 0x0000000087100000|  0%| F|  |TAMS 0x0000000087000000, 0x0000000087000000| Untracked 
|  41|0x0000000087100000, 0x0000000087100000, 0x0000000087200000|  0%| F|  |TAMS 0x0000000087100000, 0x0000000087100000| Untracked 
|  42|0x0000000087200000, 0x0000000087200000, 0x0000000087300000|  0%| F|  |TAMS 0x0000000087200000, 0x0000000087200000| Untracked 
|  43|0x0000000087300000, 0x0000000087300000, 0x0000000087400000|  0%| F|  |TAMS 0x0000000087300000, 0x0000000087300000| Untracked 
|  44|0x0000000087400000, 0x0000000087400000, 0x0000000087500000|  0%| F|  |TAMS 0x0000000087400000, 0x0000000087400000| Untracked 
|  45|0x0000000087500000, 0x0000000087500000, 0x0000000087600000|  0%| F|  |TAMS 0x0000000087500000, 0x0000000087500000| Untracked 
|  46|0x0000000087600000, 0x0000000087600000, 0x0000000087700000|  0%| F|  |TAMS 0x0000000087600000, 0x0000000087600000| Untracked 
|  47|0x0000000087700000, 0x0000000087700000, 0x0000000087800000|  0%| F|  |TAMS 0x0000000087700000, 0x0000000087700000| Untracked 
|  48|0x0000000087800000, 0x0000000087800000, 0x0000000087900000|  0%| F|  |TAMS 0x0000000087800000, 0x0000000087800000| Untracked 
|  49|0x0000000087900000, 0x0000000087900000, 0x0000000087a00000|  0%| F|  |TAMS 0x0000000087900000, 0x0000000087900000| Untracked 
|  50|0x0000000087a00000, 0x0000000087a00000, 0x0000000087b00000|  0%| F|  |TAMS 0x0000000087a00000, 0x0000000087a00000| Untracked 
|  51|0x0000000087b00000, 0x0000000087b00000, 0x0000000087c00000|  0%| F|  |TAMS 0x0000000087b00000, 0x0000000087b00000| Untracked 
|  52|0x0000000087c00000, 0x0000000087c00000, 0x0000000087d00000|  0%| F|  |TAMS 0x0000000087c00000, 0x0000000087c00000| Untracked 
|  53|0x0000000087d00000, 0x0000000087d00000, 0x0000000087e00000|  0%| F|  |TAMS 0x0000000087d00000, 0x0000000087d00000| Untracked 
|  54|0x0000000087e00000, 0x0000000087e00000, 0x0000000087f00000|  0%| F|  |TAMS 0x0000000087e00000, 0x0000000087e00000| Untracked 
|  55|0x0000000087f00000, 0x0000000087f00000, 0x0000000088000000|  0%| F|  |TAMS 0x0000000087f00000, 0x0000000087f00000| Untracked 
|  56|0x0000000088000000, 0x0000000088000000, 0x0000000088100000|  0%| F|  |TAMS 0x0000000088000000, 0x0000000088000000| Untracked 
|  57|0x0000000088100000, 0x0000000088100000, 0x0000000088200000|  0%| F|  |TAMS 0x0000000088100000, 0x0000000088100000| Untracked 
|  58|0x0000000088200000, 0x0000000088200000, 0x0000000088300000|  0%| F|  |TAMS 0x0000000088200000, 0x0000000088200000| Untracked 
|  59|0x0000000088300000, 0x0000000088300000, 0x0000000088400000|  0%| F|  |TAMS 0x0000000088300000, 0x0000000088300000| Untracked 
|  60|0x0000000088400000, 0x0000000088400000, 0x0000000088500000|  0%| F|  |TAMS 0x0000000088400000, 0x0000000088400000| Untracked 
|  61|0x0000000088500000, 0x0000000088500000, 0x0000000088600000|  0%| F|  |TAMS 0x0000000088500000, 0x0000000088500000| Untracked 
|  62|0x0000000088600000, 0x0000000088600000, 0x0000000088700000|  0%| F|  |TAMS 0x0000000088600000, 0x0000000088600000| Untracked 
|  63|0x0000000088700000, 0x0000000088700000, 0x0000000088800000|  0%| F|  |TAMS 0x0000000088700000, 0x0000000088700000| Untracked 
|  64|0x0000000088800000, 0x0000000088800000, 0x0000000088900000|  0%| F|  |TAMS 0x0000000088800000, 0x0000000088800000| Untracked 
|  65|0x0000000088900000, 0x0000000088900000, 0x0000000088a00000|  0%| F|  |TAMS 0x0000000088900000, 0x0000000088900000| Untracked 
|  66|0x0000000088a00000, 0x0000000088a00000, 0x0000000088b00000|  0%| F|  |TAMS 0x0000000088a00000, 0x0000000088a00000| Untracked 
|  67|0x0000000088b00000, 0x0000000088b00000, 0x0000000088c00000|  0%| F|  |TAMS 0x0000000088b00000, 0x0000000088b00000| Untracked 
|  68|0x0000000088c00000, 0x0000000088c00000, 0x0000000088d00000|  0%| F|  |TAMS 0x0000000088c00000, 0x0000000088c00000| Untracked 
|  69|0x0000000088d00000, 0x0000000088d00000, 0x0000000088e00000|  0%| F|  |TAMS 0x0000000088d00000, 0x0000000088d00000| Untracked 
|  70|0x0000000088e00000, 0x0000000088e00000, 0x0000000088f00000|  0%| F|  |TAMS 0x0000000088e00000, 0x0000000088e00000| Untracked 
|  71|0x0000000088f00000, 0x0000000088f00000, 0x0000000089000000|  0%| F|  |TAMS 0x0000000088f00000, 0x0000000088f00000| Untracked 
|  72|0x0000000089000000, 0x0000000089000000, 0x0000000089100000|  0%| F|  |TAMS 0x0000000089000000, 0x0000000089000000| Untracked 
|  73|0x0000000089100000, 0x0000000089100000, 0x0000000089200000|  0%| F|  |TAMS 0x0000000089100000, 0x0000000089100000| Untracked 
|  74|0x0000000089200000, 0x0000000089200000, 0x0000000089300000|  0%| F|  |TAMS 0x0000000089200000, 0x0000000089200000| Untracked 
|  75|0x0000000089300000, 0x0000000089300000, 0x0000000089400000|  0%| F|  |TAMS 0x0000000089300000, 0x0000000089300000| Untracked 
|  76|0x0000000089400000, 0x0000000089400000, 0x0000000089500000|  0%| F|  |TAMS 0x0000000089400000, 0x0000000089400000| Untracked 
|  77|0x0000000089500000, 0x0000000089500000, 0x0000000089600000|  0%| F|  |TAMS 0x0000000089500000, 0x0000000089500000| Untracked 
|  78|0x0000000089600000, 0x0000000089600000, 0x0000000089700000|  0%| F|  |TAMS 0x0000000089600000, 0x0000000089600000| Untracked 
|  79|0x0000000089700000, 0x0000000089700000, 0x0000000089800000|  0%| F|  |TAMS 0x0000000089700000, 0x0000000089700000| Untracked 
|  80|0x0000000089800000, 0x0000000089800000, 0x0000000089900000|  0%| F|  |TAMS 0x0000000089800000, 0x0000000089800000| Untracked 
|  81|0x0000000089900000, 0x0000000089900000, 0x0000000089a00000|  0%| F|  |TAMS 0x0000000089900000, 0x0000000089900000| Untracked 
|  82|0x0000000089a00000, 0x0000000089a00000, 0x0000000089b00000|  0%| F|  |TAMS 0x0000000089a00000, 0x0000000089a00000| Untracked 
|  83|0x0000000089b00000, 0x0000000089b00000, 0x0000000089c00000|  0%| F|  |TAMS 0x0000000089b00000, 0x0000000089b00000| Untracked 
|  84|0x0000000089c00000, 0x0000000089c00000, 0x0000000089d00000|  0%| F|  |TAMS 0x0000000089c00000, 0x0000000089c00000| Untracked 
|  85|0x0000000089d00000, 0x0000000089d00000, 0x0000000089e00000|  0%| F|  |TAMS 0x0000000089d00000, 0x0000000089d00000| Untracked 
|  86|0x0000000089e00000, 0x0000000089e00000, 0x0000000089f00000|  0%| F|  |TAMS 0x0000000089e00000, 0x0000000089e00000| Untracked 
|  87|0x0000000089f00000, 0x0000000089f00000, 0x000000008a000000|  0%| F|  |TAMS 0x0000000089f00000, 0x0000000089f00000| Untracked 
|  88|0x000000008a000000, 0x000000008a000000, 0x000000008a100000|  0%| F|  |TAMS 0x000000008a000000, 0x000000008a000000| Untracked 
|  89|0x000000008a100000, 0x000000008a100000, 0x000000008a200000|  0%| F|  |TAMS 0x000000008a100000, 0x000000008a100000| Untracked 
|  90|0x000000008a200000, 0x000000008a200000, 0x000000008a300000|  0%| F|  |TAMS 0x000000008a200000, 0x000000008a200000| Untracked 
|  91|0x000000008a300000, 0x000000008a300000, 0x000000008a400000|  0%| F|  |TAMS 0x000000008a300000, 0x000000008a300000| Untracked 
|  92|0x000000008a400000, 0x000000008a400000, 0x000000008a500000|  0%| F|  |TAMS 0x000000008a400000, 0x000000008a400000| Untracked 
|  93|0x000000008a500000, 0x000000008a500000, 0x000000008a600000|  0%| F|  |TAMS 0x000000008a500000, 0x000000008a500000| Untracked 
|  94|0x000000008a600000, 0x000000008a600000, 0x000000008a700000|  0%| F|  |TAMS 0x000000008a600000, 0x000000008a600000| Untracked 
|  95|0x000000008a700000, 0x000000008a700000, 0x000000008a800000|  0%| F|  |TAMS 0x000000008a700000, 0x000000008a700000| Untracked 
|  96|0x000000008a800000, 0x000000008a800000, 0x000000008a900000|  0%| F|  |TAMS 0x000000008a800000, 0x000000008a800000| Untracked 
|  97|0x000000008a900000, 0x000000008a900000, 0x000000008aa00000|  0%| F|  |TAMS 0x000000008a900000, 0x000000008a900000| Untracked 
|  98|0x000000008aa00000, 0x000000008aa00000, 0x000000008ab00000|  0%| F|  |TAMS 0x000000008aa00000, 0x000000008aa00000| Untracked 
|  99|0x000000008ab00000, 0x000000008ab00000, 0x000000008ac00000|  0%| F|  |TAMS 0x000000008ab00000, 0x000000008ab00000| Untracked 
| 100|0x000000008ac00000, 0x000000008ac00000, 0x000000008ad00000|  0%| F|  |TAMS 0x000000008ac00000, 0x000000008ac00000| Untracked 
| 101|0x000000008ad00000, 0x000000008ad00000, 0x000000008ae00000|  0%| F|  |TAMS 0x000000008ad00000, 0x000000008ad00000| Untracked 
| 102|0x000000008ae00000, 0x000000008ae00000, 0x000000008af00000|  0%| F|  |TAMS 0x000000008ae00000, 0x000000008ae00000| Untracked 
| 103|0x000000008af00000, 0x000000008af00000, 0x000000008b000000|  0%| F|  |TAMS 0x000000008af00000, 0x000000008af00000| Untracked 
| 104|0x000000008b000000, 0x000000008b000000, 0x000000008b100000|  0%| F|  |TAMS 0x000000008b000000, 0x000000008b000000| Untracked 
| 105|0x000000008b100000, 0x000000008b100000, 0x000000008b200000|  0%| F|  |TAMS 0x000000008b100000, 0x000000008b100000| Untracked 
| 106|0x000000008b200000, 0x000000008b200000, 0x000000008b300000|  0%| F|  |TAMS 0x000000008b200000, 0x000000008b200000| Untracked 
| 107|0x000000008b300000, 0x000000008b300000, 0x000000008b400000|  0%| F|  |TAMS 0x000000008b300000, 0x000000008b300000| Untracked 
| 108|0x000000008b400000, 0x000000008b400000, 0x000000008b500000|  0%| F|  |TAMS 0x000000008b400000, 0x000000008b400000| Untracked 
| 109|0x000000008b500000, 0x000000008b500000, 0x000000008b600000|  0%| F|  |TAMS 0x000000008b500000, 0x000000008b500000| Untracked 
| 110|0x000000008b600000, 0x000000008b600000, 0x000000008b700000|  0%| F|  |TAMS 0x000000008b600000, 0x000000008b600000| Untracked 
| 111|0x000000008b700000, 0x000000008b700000, 0x000000008b800000|  0%| F|  |TAMS 0x000000008b700000, 0x000000008b700000| Untracked 
| 112|0x000000008b800000, 0x000000008b800000, 0x000000008b900000|  0%| F|  |TAMS 0x000000008b800000, 0x000000008b800000| Untracked 
| 113|0x000000008b900000, 0x000000008b900000, 0x000000008ba00000|  0%| F|  |TAMS 0x000000008b900000, 0x000000008b900000| Untracked 
| 114|0x000000008ba00000, 0x000000008ba76838, 0x000000008bb00000| 46%| E|  |TAMS 0x000000008ba00000, 0x000000008ba00000| Complete 
| 115|0x000000008bb00000, 0x000000008bc00000, 0x000000008bc00000|100%| E|CS|TAMS 0x000000008bb00000, 0x000000008bb00000| Complete 
| 116|0x000000008bc00000, 0x000000008bd00000, 0x000000008bd00000|100%| E|CS|TAMS 0x000000008bc00000, 0x000000008bc00000| Complete 
| 117|0x000000008bd00000, 0x000000008be00000, 0x000000008be00000|100%| E|CS|TAMS 0x000000008bd00000, 0x000000008bd00000| Complete 
| 118|0x000000008be00000, 0x000000008bf00000, 0x000000008bf00000|100%| E|CS|TAMS 0x000000008be00000, 0x000000008be00000| Complete 
| 119|0x000000008bf00000, 0x000000008c000000, 0x000000008c000000|100%| E|CS|TAMS 0x000000008bf00000, 0x000000008bf00000| Complete 
| 120|0x000000008c000000, 0x000000008c100000, 0x000000008c100000|100%| E|CS|TAMS 0x000000008c000000, 0x000000008c000000| Complete 
| 121|0x000000008c100000, 0x000000008c200000, 0x000000008c200000|100%| E|CS|TAMS 0x000000008c100000, 0x000000008c100000| Complete 
| 122|0x000000008c200000, 0x000000008c300000, 0x000000008c300000|100%| E|CS|TAMS 0x000000008c200000, 0x000000008c200000| Complete 
| 123|0x000000008c300000, 0x000000008c400000, 0x000000008c400000|100%| E|CS|TAMS 0x000000008c300000, 0x000000008c300000| Complete 

Card table byte_map: [0x00000278c1d30000,0x00000278c2110000] _byte_map_base: 0x00000278c190c000

Marking Bits (Prev, Next): (CMBitMap*) 0x00000278ad097a00, (CMBitMap*) 0x00000278ad097a40
 Prev Bits: [0x00000278c24f0000, 0x00000278c43d0000)
 Next Bits: [0x00000278c43d0000, 0x00000278c62b0000)

Polling page: 0x00000278ad120000

Metaspace:

Usage:
  Non-class:     11.23 MB used.
      Class:      1.23 MB used.
       Both:     12.47 MB used.

Virtual space:
  Non-class space:       16.00 MB reserved,      11.38 MB ( 71%) committed,  2 nodes.
      Class space:        1.00 GB reserved,       1.31 MB ( <1%) committed,  1 nodes.
             Both:        1.02 GB reserved,      12.69 MB (  1%) committed. 

Chunk freelists:
   Non-Class:  493.00 KB
       Class:  2.61 MB
        Both:  3.09 MB

MaxMetaspaceSize: unlimited
CompressedClassSpaceSize: 1.00 GB
Initial GC threshold: 21.00 MB
Current GC threshold: 21.00 MB
CDS: off
MetaspaceReclaimPolicy: balanced
 - commit_granule_bytes: 65536.
 - commit_granule_words: 8192.
 - virtual_space_node_default_size: 1048576.
 - enlarge_chunks_in_place: 1.
 - new_chunks_are_fully_committed: 0.
 - uncommit_free_chunks: 1.
 - use_allocation_guard: 0.
 - handle_deallocations: 1.


Internal statistics:

num_allocs_failed_limit: 0.
num_arena_births: 118.
num_arena_deaths: 0.
num_vsnodes_births: 3.
num_vsnodes_deaths: 0.
num_space_committed: 203.
num_space_uncommitted: 0.
num_chunks_returned_to_freelist: 0.
num_chunks_taken_from_freelist: 192.
num_chunk_merges: 0.
num_chunk_splits: 97.
num_chunks_enlarged: 31.
num_purges: 0.
num_inconsistent_stats: 0.

CodeHeap 'non-profiled nmethods': size=120000Kb used=201Kb max_used=201Kb free=119798Kb
 bounds [0x00000278b99b0000, 0x00000278b9c20000, 0x00000278c0ee0000]
CodeHeap 'profiled nmethods': size=120000Kb used=1010Kb max_used=1010Kb free=118989Kb
 bounds [0x00000278b2480000, 0x00000278b26f0000, 0x00000278b99b0000]
CodeHeap 'non-nmethods': size=5760Kb used=1248Kb max_used=1264Kb free=4511Kb
 bounds [0x00000278b1ee0000, 0x00000278b2150000, 0x00000278b2480000]
 total_blobs=1206 nmethods=653 adapters=466
 compilation: enabled
              stopped_count=0, restarted_count=0
 full_count=0

Compilation events (20 events):
Event: 1.281 Thread 0x00000278c9827fc0  638       3       java.lang.invoke.InvokerBytecodeGenerator::storeInsnOpcode (98 bytes)
Event: 1.283 Thread 0x00000278c9827fc0 nmethod 638 0x00000278b2577090 code [0x00000278b2577300, 0x00000278b2577cf8]
Event: 1.284 Thread 0x00000278c9827fc0  639       3       java.lang.invoke.MethodHandle::intrinsicName (4 bytes)
Event: 1.284 Thread 0x00000278c9827fc0 nmethod 639 0x00000278b2578010 code [0x00000278b25781a0, 0x00000278b25782b8]
Event: 1.284 Thread 0x00000278c9827fc0  640   !   3       java.lang.invoke.MemberName::getFieldType (176 bytes)
Event: 1.288 Thread 0x00000278c9827fc0 nmethod 640 0x00000278b2578390 code [0x00000278b25786c0, 0x00000278b2579bd8]
Event: 1.288 Thread 0x00000278c9827fc0  641       3       jdk.internal.org.objectweb.asm.ClassWriter::visitMethod (57 bytes)
Event: 1.289 Thread 0x00000278c9827fc0 nmethod 641 0x00000278b257a290 code [0x00000278b257a440, 0x00000278b257a7a8]
Event: 1.289 Thread 0x00000278c9827fc0  642       3       jdk.internal.org.objectweb.asm.MethodWriter::<init> (232 bytes)
Event: 1.291 Thread 0x00000278c9827fc0 nmethod 642 0x00000278b257a910 code [0x00000278b257aba0, 0x00000278b257b918]
Event: 1.291 Thread 0x00000278c9827fc0  643       3       jdk.internal.org.objectweb.asm.MethodVisitor::<init> (7 bytes)
Event: 1.291 Thread 0x00000278c9827fc0 nmethod 643 0x00000278b257be10 code [0x00000278b257bfc0, 0x00000278b257c108]
Event: 1.295 Thread 0x00000278c9827fc0  648       3       jdk.internal.jimage.ImageLocation::readValue (61 bytes)
Event: 1.296 Thread 0x00000278c9827fc0 nmethod 648 0x00000278b257c190 code [0x00000278b257c360, 0x00000278b257c718]
Event: 1.296 Thread 0x00000278c9827fc0  649       1       jdk.internal.jimage.ImageHeader::getTableLength (5 bytes)
Event: 1.296 Thread 0x00000278c9827fc0 nmethod 649 0x00000278b99dd110 code [0x00000278b99dd2a0, 0x00000278b99dd378]
Event: 1.299 Thread 0x00000278c9827fc0  651       1       java.beans.PropertyChangeEvent::getOldValue (5 bytes)
Event: 1.299 Thread 0x00000278c9827fc0 nmethod 651 0x00000278b99dd410 code [0x00000278b99dd5a0, 0x00000278b99dd678]
Event: 1.299 Thread 0x00000278c9827fc0  652       1       java.beans.PropertyChangeEvent::getNewValue (5 bytes)
Event: 1.299 Thread 0x00000278c9827fc0 nmethod 652 0x00000278b99dd710 code [0x00000278b99dd8a0, 0x00000278b99dd978]

GC Heap History (0 events):
No events

Deoptimization events (20 events):
Event: 1.149 Thread 0x00000278c9ebf0d0 DEOPT PACKING pc=0x00000278b2533ced sp=0x000000f2e66ff460
Event: 1.149 Thread 0x00000278c9ebf0d0 DEOPT UNPACKING pc=0x00000278b1f36763 sp=0x000000f2e66fe8d0 mode 0
Event: 1.149 Thread 0x00000278c9ebf0d0 DEOPT PACKING pc=0x00000278b2533ced sp=0x000000f2e66ff460
Event: 1.149 Thread 0x00000278c9ebf0d0 DEOPT UNPACKING pc=0x00000278b1f36763 sp=0x000000f2e66fe8d0 mode 0
Event: 1.150 Thread 0x00000278c9ebf0d0 DEOPT PACKING pc=0x00000278b2533ced sp=0x000000f2e66ff460
Event: 1.150 Thread 0x00000278c9ebf0d0 DEOPT UNPACKING pc=0x00000278b1f36763 sp=0x000000f2e66fe8d0 mode 0
Event: 1.150 Thread 0x00000278c9ebf0d0 DEOPT PACKING pc=0x00000278b2533ced sp=0x000000f2e66ff460
Event: 1.150 Thread 0x00000278c9ebf0d0 DEOPT UNPACKING pc=0x00000278b1f36763 sp=0x000000f2e66fe8d0 mode 0
Event: 1.150 Thread 0x00000278c9ebf0d0 DEOPT PACKING pc=0x00000278b2533ced sp=0x000000f2e66ff460
Event: 1.150 Thread 0x00000278c9ebf0d0 DEOPT UNPACKING pc=0x00000278b1f36763 sp=0x000000f2e66fe8d0 mode 0
Event: 1.150 Thread 0x00000278c9ebf0d0 DEOPT PACKING pc=0x00000278b2533ced sp=0x000000f2e66ff460
Event: 1.150 Thread 0x00000278c9ebf0d0 DEOPT UNPACKING pc=0x00000278b1f36763 sp=0x000000f2e66fe8d0 mode 0
Event: 1.150 Thread 0x00000278c9ebf0d0 DEOPT PACKING pc=0x00000278b2533ced sp=0x000000f2e66ff460
Event: 1.150 Thread 0x00000278c9ebf0d0 DEOPT UNPACKING pc=0x00000278b1f36763 sp=0x000000f2e66fe8d0 mode 0
Event: 1.150 Thread 0x00000278c9ebf0d0 DEOPT PACKING pc=0x00000278b2533ced sp=0x000000f2e66ff460
Event: 1.150 Thread 0x00000278c9ebf0d0 DEOPT UNPACKING pc=0x00000278b1f36763 sp=0x000000f2e66fe8d0 mode 0
Event: 1.150 Thread 0x00000278c9ebf0d0 Uncommon trap: trap_request=0xffffff45 fr.pc=0x00000278b99d73fc relative=0x000000000000123c
Event: 1.150 Thread 0x00000278c9ebf0d0 Uncommon trap: reason=unstable_if action=reinterpret pc=0x00000278b99d73fc method=sun.awt.image.PNGImageDecoder.produceImage()V @ 867 c2
Event: 1.150 Thread 0x00000278c9ebf0d0 DEOPT PACKING pc=0x00000278b99d73fc sp=0x000000f2e66ff4e0
Event: 1.150 Thread 0x00000278c9ebf0d0 DEOPT UNPACKING pc=0x00000278b1f35c23 sp=0x000000f2e66ff430 mode 2

Classes unloaded (0 events):
No events

Classes redefined (0 events):
No events

Internal exceptions (13 events):
Event: 0.645 Thread 0x00000278ad03dba0 Exception <a 'java/lang/ClassNotFoundException'{0x000000008c2f2d60}: sun/awt/resources/spi/awtProvider> (0x000000008c2f2d60) 
thrown [s\src\hotspot\share\classfile\systemDictionary.cpp, line 256]
Event: 0.693 Thread 0x00000278ad03dba0 Exception <a 'java/io/FileNotFoundException'{0x000000008c144ba0}> (0x000000008c144ba0) 
thrown [s\src\hotspot\share\prims\jni.cpp, line 516]
Event: 0.710 Thread 0x00000278ad03dba0 Exception <a 'java/io/FileNotFoundException'{0x000000008c171b18}> (0x000000008c171b18) 
thrown [s\src\hotspot\share\prims\jni.cpp, line 516]
Event: 0.814 Thread 0x00000278ad03dba0 Exception <a 'java/lang/NoSuchMethodError'{0x000000008c1bd5b8}: 'java.lang.Object java.lang.invoke.DirectMethodHandle$Holder.invokeStaticInit(java.lang.Object)'> (0x000000008c1bd5b8) 
thrown [s\src\hotspot\share\interpreter\linkResolver.cpp, line 759]
Event: 0.881 Thread 0x00000278ad03dba0 Exception <a 'java/lang/NoSuchMethodError'{0x000000008c01a508}: 'void java.lang.invoke.DirectMethodHandle$Holder.invokeSpecial(java.lang.Object, java.lang.Object, java.lang.Object)'> (0x000000008c01a508) 
thrown [s\src\hotspot\share\interpreter\linkResolver.cpp, line 759]
Event: 0.902 Thread 0x00000278ad03dba0 Exception <a 'java/lang/NoSuchMethodError'{0x000000008c044730}: 'java.lang.Object java.lang.invoke.DirectMethodHandle$Holder.newInvokeSpecial(java.lang.Object, java.lang.Object, java.lang.Object, java.lang.Object, java.lang.Object)'> (0x000000008c044730) 
thrown [s\src\hotspot\share\interpreter\linkResolver.cpp, line 759]
Event: 0.905 Thread 0x00000278ad03dba0 Exception <a 'java/lang/NoSuchMethodError'{0x000000008c0500f8}: 'java.lang.Object java.lang.invoke.DirectMethodHandle$Holder.invokeStatic(java.lang.Object, int, java.lang.Object, java.lang.Object, java.lang.Object, java.lang.Object)'> (0x000000008c0500f8) 
thrown [s\src\hotspot\share\interpreter\linkResolver.cpp, line 759]
Event: 0.915 Thread 0x00000278ad03dba0 Exception <a 'java/lang/NoSuchMethodError'{0x000000008c0758b8}: 'java.lang.Object java.lang.invoke.DirectMethodHandle$Holder.invokeStatic(java.lang.Object, int, java.lang.Object)'> (0x000000008c0758b8) 
thrown [s\src\hotspot\share\interpreter\linkResolver.cpp, line 759]
Event: 0.965 Thread 0x00000278ad03dba0 Exception <a 'java/lang/ClassNotFoundException'{0x000000008bf31b48}: com/sun/swing/internal/plaf/metal/resources/spi/metalProvider> (0x000000008bf31b48) 
thrown [s\src\hotspot\share\classfile\systemDictionary.cpp, line 256]
Event: 0.966 Thread 0x00000278ad03dba0 Exception <a 'java/lang/ClassNotFoundException'{0x000000008bf359d0}: com/sun/swing/internal/plaf/basic/resources/spi/basicProvider> (0x000000008bf359d0) 
thrown [s\src\hotspot\share\classfile\systemDictionary.cpp, line 256]
Event: 1.003 Thread 0x00000278c9ebf0d0 Exception <a 'java/lang/NoSuchMethodError'{0x000000008bf962c0}: 'java.lang.Object java.lang.invoke.DirectMethodHandle$Holder.newInvokeSpecial(java.lang.Object, java.lang.Object, java.lang.Object, int, int, int, int, int)'> (0x000000008bf962c0) 
thrown [s\src\hotspot\share\interpreter\linkResolver.cpp, line 759]
Event: 1.188 Thread 0x00000278c9e15ed0 Exception <a 'java/lang/NoSuchMethodError'{0x000000008c1fc118}: 'void java.lang.invoke.DirectMethodHandle$Holder.invokeVirtual(java.lang.Object, java.lang.Object)'> (0x000000008c1fc118) 
thrown [s\src\hotspot\share\interpreter\linkResolver.cpp, line 759]
Event: 1.220 Thread 0x00000278ad03dba0 Exception <a 'java/lang/NoSuchMethodError'{0x000000008ba03348}: 'void java.lang.invoke.DirectMethodHandle$Holder.invokeStaticInit(java.lang.Object)'> (0x000000008ba03348) 
thrown [s\src\hotspot\share\interpreter\linkResolver.cpp, line 759]

VM Operations (8 events):
Event: 0.964 Executing VM operation: HandshakeAllThreads
Event: 0.964 Executing VM operation: HandshakeAllThreads done
Event: 1.165 Executing VM operation: HandshakeAllThreads
Event: 1.165 Executing VM operation: HandshakeAllThreads done
Event: 1.165 Executing VM operation: Cleanup
Event: 1.166 Executing VM operation: Cleanup done
Event: 1.271 Executing VM operation: HandshakeAllThreads
Event: 1.271 Executing VM operation: HandshakeAllThreads done

Events (20 events):
Event: 1.298 loading class sun/awt/LightweightPeerHolder
Event: 1.298 loading class sun/awt/LightweightPeerHolder done
Event: 1.298 loading class sun/awt/NullComponentPeer
Event: 1.298 loading class sun/awt/NullComponentPeer done
Event: 1.300 loading class java/lang/invoke/VarHandle$AccessDescriptor
Event: 1.300 loading class java/lang/invoke/VarHandle$AccessDescriptor done
Event: 1.301 loading class java/awt/SplashScreen
Event: 1.301 loading class java/awt/EventQueue$5
Event: 1.302 loading class java/awt/EventQueue$5 done
Event: 1.302 loading class java/awt/SplashScreen done
Event: 1.302 loading class java/awt/Dialog
Event: 1.303 loading class sun/awt/dnd/SunDropTargetEvent
Event: 1.303 loading class sun/awt/dnd/SunDropTargetEvent done
Event: 1.304 loading class java/awt/event/FocusEvent
Event: 1.304 loading class java/awt/Dialog done
Event: 1.304 loading class java/awt/event/FocusEvent done
Event: 1.304 loading class java/awt/Dialog$ModalityType
Event: 1.304 loading class java/awt/Dialog$ModalityType done
Event: 1.317 loading class sun/awt/TimedWindowEvent
Event: 1.317 loading class sun/awt/TimedWindowEvent done


Dynamic libraries:
0x00007ff6b6740000 - 0x00007ff6b674e000 	C:\Users\murug\.p2\pool\plugins\org.eclipse.justj.openjdk.hotspot.jre.full.win32.x86_64_17.0.4.v20220903-1038\jre\bin\javaw.exe
0x00007ffad86e0000 - 0x00007ffad88e9000 	C:\Windows\SYSTEM32\ntdll.dll
0x00007ffad7040000 - 0x00007ffad70fe000 	C:\Windows\System32\KERNEL32.DLL
0x00007ffad5e70000 - 0x00007ffad61eb000 	C:\Windows\System32\KERNELBASE.dll
0x00007ffad5cd0000 - 0x00007ffad5de1000 	C:\Windows\System32\ucrtbase.dll
0x00007ffacc400000 - 0x00007ffacc418000 	C:\Users\murug\.p2\pool\plugins\org.eclipse.justj.openjdk.hotspot.jre.full.win32.x86_64_17.0.4.v20220903-1038\jre\bin\jli.dll
0x00007ffacc420000 - 0x00007ffacc439000 	C:\Users\murug\.p2\pool\plugins\org.eclipse.justj.openjdk.hotspot.jre.full.win32.x86_64_17.0.4.v20220903-1038\jre\bin\VCRUNTIME140.dll
0x00007ffad6950000 - 0x00007ffad6afd000 	C:\Windows\System32\USER32.dll
0x00007ffad61f0000 - 0x00007ffad6216000 	C:\Windows\System32\win32u.dll
0x00007ffac5840000 - 0x00007ffac5ae5000 	C:\Windows\WinSxS\amd64_microsoft.windows.common-controls_6595b64144ccf1df_6.0.22000.120_none_9d947278b86cc467\COMCTL32.dll
0x00007ffad7440000 - 0x00007ffad7469000 	C:\Windows\System32\GDI32.dll
0x00007ffad7e40000 - 0x00007ffad7ee3000 	C:\Windows\System32\msvcrt.dll
0x00007ffad5bb0000 - 0x00007ffad5cc8000 	C:\Windows\System32\gdi32full.dll
0x00007ffad64c0000 - 0x00007ffad655d000 	C:\Windows\System32\msvcp_win.dll
0x00007ffad7e00000 - 0x00007ffad7e32000 	C:\Windows\System32\IMM32.DLL
0x00007ffacc3f0000 - 0x00007ffacc3fc000 	C:\Users\murug\.p2\pool\plugins\org.eclipse.justj.openjdk.hotspot.jre.full.win32.x86_64_17.0.4.v20220903-1038\jre\bin\vcruntime140_1.dll
0x00007ffa83f30000 - 0x00007ffa83fc1000 	C:\Users\murug\.p2\pool\plugins\org.eclipse.justj.openjdk.hotspot.jre.full.win32.x86_64_17.0.4.v20220903-1038\jre\bin\msvcp140.dll
0x00007ffa7e690000 - 0x00007ffa7f2d6000 	C:\Users\murug\.p2\pool\plugins\org.eclipse.justj.openjdk.hotspot.jre.full.win32.x86_64_17.0.4.v20220903-1038\jre\bin\server\jvm.dll
0x00007ffad71e0000 - 0x00007ffad728e000 	C:\Windows\System32\ADVAPI32.dll
0x00007ffad6b60000 - 0x00007ffad6bfe000 	C:\Windows\System32\sechost.dll
0x00007ffad7ce0000 - 0x00007ffad7e00000 	C:\Windows\System32\RPCRT4.dll
0x00007ffad7470000 - 0x00007ffad7478000 	C:\Windows\System32\PSAPI.DLL
0x00007ffaabf60000 - 0x00007ffaabf69000 	C:\Windows\SYSTEM32\WSOCK32.dll
0x00007ffad68e0000 - 0x00007ffad694f000 	C:\Windows\System32\WS2_32.dll
0x00007fface930000 - 0x00007fface963000 	C:\Windows\SYSTEM32\WINMM.dll
0x00007ffacd680000 - 0x00007ffacd68a000 	C:\Windows\SYSTEM32\VERSION.dll
0x00007ffad4d20000 - 0x00007ffad4d38000 	C:\Windows\SYSTEM32\kernel.appcore.dll
0x00007ffaa9580000 - 0x00007ffaa958a000 	C:\Users\murug\.p2\pool\plugins\org.eclipse.justj.openjdk.hotspot.jre.full.win32.x86_64_17.0.4.v20220903-1038\jre\bin\jimage.dll
0x00007ffad35c0000 - 0x00007ffad37e1000 	C:\Windows\SYSTEM32\DBGHELP.DLL
0x00007ffac96b0000 - 0x00007ffac96e1000 	C:\Windows\SYSTEM32\dbgcore.DLL
0x00007ffad5df0000 - 0x00007ffad5e6f000 	C:\Windows\System32\bcryptPrimitives.dll
0x00007ffa9c280000 - 0x00007ffa9c2a5000 	C:\Users\murug\.p2\pool\plugins\org.eclipse.justj.openjdk.hotspot.jre.full.win32.x86_64_17.0.4.v20220903-1038\jre\bin\java.dll
0x00007ffa9c260000 - 0x00007ffa9c278000 	C:\Users\murug\.p2\pool\plugins\org.eclipse.justj.openjdk.hotspot.jre.full.win32.x86_64_17.0.4.v20220903-1038\jre\bin\zip.dll
0x00007ffad7480000 - 0x00007ffad7c37000 	C:\Windows\System32\SHELL32.dll
0x00007ffad3ca0000 - 0x00007ffad4505000 	C:\Windows\SYSTEM32\windows.storage.dll
0x00007ffad6cc0000 - 0x00007ffad7038000 	C:\Windows\System32\combase.dll
0x00007ffad3b30000 - 0x00007ffad3c96000 	C:\Windows\SYSTEM32\wintypes.dll
0x00007ffad7f30000 - 0x00007ffad801a000 	C:\Windows\System32\SHCORE.dll
0x00007ffad6b00000 - 0x00007ffad6b5d000 	C:\Windows\System32\shlwapi.dll
0x00007ffad5ae0000 - 0x00007ffad5b01000 	C:\Windows\SYSTEM32\profapi.dll
0x00007ffa9c240000 - 0x00007ffa9c259000 	C:\Users\murug\.p2\pool\plugins\org.eclipse.justj.openjdk.hotspot.jre.full.win32.x86_64_17.0.4.v20220903-1038\jre\bin\net.dll
0x00007ffacfcc0000 - 0x00007ffacfdd4000 	C:\Windows\SYSTEM32\WINHTTP.dll
0x00007ffad51c0000 - 0x00007ffad5227000 	C:\Windows\system32\mswsock.dll
0x00007ffa9c220000 - 0x00007ffa9c235000 	C:\Users\murug\.p2\pool\plugins\org.eclipse.justj.openjdk.hotspot.jre.full.win32.x86_64_17.0.4.v20220903-1038\jre\bin\nio.dll
0x00007ffa83760000 - 0x00007ffa838ee000 	C:\Users\murug\.p2\pool\plugins\org.eclipse.justj.openjdk.hotspot.jre.full.win32.x86_64_17.0.4.v20220903-1038\jre\bin\awt.dll
0x00007ffad7100000 - 0x00007ffad71d6000 	C:\Windows\System32\OLEAUT32.dll
0x00007ffad2a70000 - 0x00007ffad2b02000 	C:\Windows\SYSTEM32\apphelp.dll
0x00007ffad3080000 - 0x00007ffad30af000 	C:\Windows\system32\DWMAPI.DLL
0x00007ffad2dc0000 - 0x00007ffad2e6c000 	C:\Windows\system32\uxtheme.dll
0x00007ffa91bb0000 - 0x00007ffa91cb1000 	C:\Windows\system32\opengl32.dll
0x00007ffa91b40000 - 0x00007ffa91b6d000 	C:\Windows\SYSTEM32\GLU32.dll
0x00007ffad2f00000 - 0x00007ffad2f38000 	C:\Windows\SYSTEM32\dxcore.dll
0x00007ffad8110000 - 0x00007ffad822d000 	C:\Windows\System32\MSCTF.dll
0x00007ffad72a0000 - 0x00007ffad743a000 	C:\Windows\System32\ole32.dll
0x00007ffa83d00000 - 0x00007ffa83d86000 	C:\Users\murug\.p2\pool\plugins\org.eclipse.justj.openjdk.hotspot.jre.full.win32.x86_64_17.0.4.v20220903-1038\jre\bin\freetype.dll
0x00007ffa478b0000 - 0x00007ffa47958000 	C:\Users\murug\.p2\pool\plugins\org.eclipse.justj.openjdk.hotspot.jre.full.win32.x86_64_17.0.4.v20220903-1038\jre\bin\fontmanager.dll
0x00007ffaa66c0000 - 0x00007ffaa67ed000 	C:\Windows\SYSTEM32\textinputframework.dll

dbghelp: loaded successfully - version: 4.0.5 - missing functions: none
symbol engine: initialized successfully - sym options: 0x614 - pdb path: .;C:\Users\murug\.p2\pool\plugins\org.eclipse.justj.openjdk.hotspot.jre.full.win32.x86_64_17.0.4.v20220903-1038\jre\bin;C:\Windows\SYSTEM32;C:\Windows\WinSxS\amd64_microsoft.windows.common-controls_6595b64144ccf1df_6.0.22000.120_none_9d947278b86cc467;C:\Users\murug\.p2\pool\plugins\org.eclipse.justj.openjdk.hotspot.jre.full.win32.x86_64_17.0.4.v20220903-1038\jre\bin\server

VM Arguments:
jvm_args: -Dfile.encoding=UTF-8 -XX:+ShowCodeDetailsInExceptionMessages 
java_command: Application
java_class_path (initial): C:\Users\murug\eclipse-workspace\FSP - Shathviki Krishnaraj\bin
Launcher Type: SUN_STANDARD

[Global flags]
     intx CICompilerCount                          = 4                                         {product} {ergonomic}
     uint ConcGCThreads                            = 2                                         {product} {ergonomic}
     uint G1ConcRefinementThreads                  = 8                                         {product} {ergonomic}
   size_t G1HeapRegionSize                         = 1048576                                   {product} {ergonomic}
    uintx GCDrainStackTargetSize                   = 64                                        {product} {ergonomic}
   size_t InitialHeapSize                          = 130023424                                 {product} {ergonomic}
   size_t MarkStackSize                            = 4194304                                   {product} {ergonomic}
   size_t MaxHeapSize                              = 2071986176                                {product} {ergonomic}
   size_t MaxNewSize                               = 1242562560                                {product} {ergonomic}
   size_t MinHeapDeltaBytes                        = 1048576                                   {product} {ergonomic}
   size_t MinHeapSize                              = 8388608                                   {product} {ergonomic}
    uintx NonNMethodCodeHeapSize                   = 5839372                                {pd product} {ergonomic}
    uintx NonProfiledCodeHeapSize                  = 122909434                              {pd product} {ergonomic}
    uintx ProfiledCodeHeapSize                     = 122909434                              {pd product} {ergonomic}
    uintx ReservedCodeCacheSize                    = 251658240                              {pd product} {ergonomic}
     bool SegmentedCodeCache                       = true                                      {product} {ergonomic}
     bool ShowCodeDetailsInExceptionMessages       = true                                   {manageable} {command line}
   size_t SoftMaxHeapSize                          = 2071986176                             {manageable} {ergonomic}
     bool UseCompressedClassPointers               = true                           {product lp64_product} {ergonomic}
     bool UseCompressedOops                        = true                           {product lp64_product} {ergonomic}
     bool UseG1GC                                  = true                                      {product} {ergonomic}
     bool UseLargePagesIndividualAllocation        = false                                  {pd product} {ergonomic}

Logging:
Log output configuration:
 #0: stdout all=warning uptime,level,tags
 #1: stderr all=off uptime,level,tags

Environment Variables:
PATH=C:/Users/murug/.p2/pool/plugins/org.eclipse.justj.openjdk.hotspot.jre.full.win32.x86_64_17.0.4.v20220903-1038/jre/bin/server;C:/Users/murug/.p2/pool/plugins/org.eclipse.justj.openjdk.hotspot.jre.full.win32.x86_64_17.0.4.v20220903-1038/jre/bin;C:\Windows\system32;C:\Windows;C:\Windows\System32\Wbem;C:\Windows\System32\WindowsPowerShell\v1.0\;C:\Windows\System32\OpenSSH\;C:\Program Files\dotnet\;C:\Program Files\nodejs\;C:\Users\murug\AppData\Local\Microsoft\WindowsApps;C:\Users\murug\AppData\Roaming\npm;C:\Users\murug\AppData\Local\Programs\Microsoft VS Code\bin;C:\Windows\system32;
USERNAME=murug
OS=Windows_NT
PROCESSOR_IDENTIFIER=Intel64 Family 6 Model 140 Stepping 1, GenuineIntel
TMP=C:\Users\murug\AppData\Local\Temp
TEMP=C:\Users\murug\AppData\Local\Temp



---------------  S Y S T E M  ---------------

OS:
 Windows 11 , 64 bit Build 22000 (10.0.22000.1335)
OS uptime: 0 days 16:21 hours

CPU: total 8 (initial active 8) (4 cores per cpu, 2 threads per core) family 6 model 140 stepping 1 microcode 0xa4, cx8, cmov, fxsr, ht, mmx, 3dnowpref, sse, sse2, sse3, ssse3, sse4.1, sse4.2, popcnt, lzcnt, tsc, tscinvbit, avx, avx2, aes, erms, clmul, bmi1, bmi2, adx, avx512f, avx512dq, avx512cd, avx512bw, avx512vl, sha, fma, vzeroupper, avx512_vpopcntdq, avx512_vpclmulqdq, avx512_vaes, avx512_vnni, clflush, clflushopt, clwb, avx512_vbmi2, avx512_vbmi

Memory: 4k page, system-wide physical 7898M (972M free)
TotalPageFile size 32474M (AvailPageFile size 9M)
current process WorkingSet (physical memory assigned to process): 69M, peak: 69M
current process commit charge ("private bytes"): 218M, peak: 218M

vm_info: OpenJDK 64-Bit Server VM (17.0.4.1+1) for windows-amd64 JRE (17.0.4.1+1), built on Aug 17 2022 07:42:43 by "temurin" with MS VC++ 16.7 (VS2019)

END.
